#
# There is insufficient memory for the Java Runtime Environment to continue.
# Native memory allocation (malloc) failed to allocate 1259696 bytes. Error detail: Chunk::new
# Possible reasons:
#   The system is out of physical RAM or swap space
#   This process is running with CompressedOops enabled, and the Java Heap may be blocking the growth of the native heap
# Possible solutions:
#   Reduce memory load on the system
#   Increase physical memory or swap space
#   Check if swap backing store is full
#   Decrease Java heap size (-Xmx/-Xms)
#   Decrease number of Java threads
#   Decrease Java thread stack sizes (-Xss)
#   Set larger code cache with -XX:ReservedCodeCacheSize=
#   JVM is running with Unscaled Compressed Oops mode in which the Java heap is
#     placed in the first 4GB address space. The Java Heap base address is the
#     maximum limit for the native heap growth. Please use -XX:HeapBaseMinAddress
#     to set the Java Heap base and to place the Java Heap above 4GB virtual address.
# This output file may be truncated or incomplete.
#
#  Out of Memory Error (arena.cpp:168), pid=19436, tid=31992
#
# JRE version: OpenJDK Runtime Environment Temurin-21.0.10+7 (21.0.10+7) (build 21.0.10+7-LTS)
# Java VM: OpenJDK 64-Bit Server VM Temurin-21.0.10+7 (21.0.10+7-LTS, mixed mode, sharing, tiered, compressed oops, compressed class ptrs, g1 gc, windows-amd64)
# No core dump will be written. Minidumps are not enabled by default on client versions of Windows
#

---------------  S U M M A R Y ------------

Command Line: --add-opens=java.base/java.util=ALL-UNNAMED --add-opens=java.base/java.lang=ALL-UNNAMED --add-opens=java.base/java.lang.invoke=ALL-UNNAMED --add-opens=java.prefs/java.util.prefs=ALL-UNNAMED --add-exports=jdk.compiler/com.sun.tools.javac.api=ALL-UNNAMED --add-exports=jdk.compiler/com.sun.tools.javac.util=ALL-UNNAMED --add-opens=java.base/java.nio.charset=ALL-UNNAMED --add-opens=java.base/java.net=ALL-UNNAMED --add-opens=java.base/java.util.concurrent.atomic=ALL-UNNAMED -XX:MaxMetaspaceSize=384m -XX:+HeapDumpOnOutOfMemoryError -Xms256m -Xmx512m -Dfile.encoding=utf8 -Duser.country=US -Duser.language=en -Duser.variant -javaagent:C:\Users\Windows 11\.gradle\wrapper\dists\gradle-8.9-bin\90cnw93cvbtalezasaz0blq0a\gradle-8.9\lib\agents\gradle-instrumentation-agent-8.9.jar org.gradle.launcher.daemon.bootstrap.GradleDaemon 8.9

Host: 13th Gen Intel(R) Core(TM) i7-13620H, 16 cores, 15G,  Windows 11 , 64 bit Build 26100 (10.0.26100.8521)
Time: Fri Jun  5 00:22:52 2026 SE Asia Standard Time elapsed time: 75.433215 seconds (0d 0h 1m 15s)

---------------  T H R E A D  ---------------

Current thread (0x000002b266864ac0):  JavaThread "C2 CompilerThread2" daemon [_thread_in_native, id=31992, stack(0x000000c9cac00000,0x000000c9cad00000) (1024K)]


Current CompileTask:
C2:75433 14169       4       org.gradle.internal.serialize.ExceptionReplacingObjectOutputStream::replaceObject (11 bytes)

Stack: [0x000000c9cac00000,0x000000c9cad00000]
Native frames: (J=compiled Java code, j=interpreted, Vv=VM code, C=native code)
V  [jvm.dll+0x6d7a39]
V  [jvm.dll+0x8b4b26]
V  [jvm.dll+0x8b70de]
V  [jvm.dll+0x8b77c3]
V  [jvm.dll+0x284346]
V  [jvm.dll+0xc66ed]
V  [jvm.dll+0xc6c31]
V  [jvm.dll+0x3bec01]
V  [jvm.dll+0x1e3d62]
V  [jvm.dll+0x24c6b3]
V  [jvm.dll+0x24bb40]
V  [jvm.dll+0x1cb34e]
V  [jvm.dll+0x25b85d]
V  [jvm.dll+0x259dea]
V  [jvm.dll+0x3f857e]
V  [jvm.dll+0x85f59d]
V  [jvm.dll+0x6d626d]
C  [ucrtbase.dll+0x2cd30]
C  [KERNEL32.DLL+0x2e957]
C  [ntdll.dll+0x87c1c]


---------------  P R O C E S S  ---------------

Threads class SMR info:
_java_thread_list=0x000002b267bf7960, length=47, elements={
0x000002b231fcfab0, 0x000002b2483ecbb0, 0x000002b2483ed610, 0x000002b2483f55c0,
0x000002b2483f63d0, 0x000002b2483f75d0, 0x000002b2483fa040, 0x000002b2483fdcc0,
0x000002b248402c50, 0x000002b248699230, 0x000002b2486c70e0, 0x000002b2638f1430,
0x000002b2634df730, 0x000002b263bb3ab0, 0x000002b26389e850, 0x000002b2637b10c0,
0x000002b2637b2b00, 0x000002b2637b3eb0, 0x000002b263bcc8f0, 0x000002b263bcdca0,
0x000002b263bcc260, 0x000002b263bce330, 0x000002b263bd1120, 0x000002b263bd0a90,
0x000002b263bcf6e0, 0x000002b263bcfd70, 0x000002b264e32180, 0x000002b268437d00,
0x000002b268434880, 0x000002b268433b60, 0x000002b264e37040, 0x000002b264e376d0,
0x000002b268434f10, 0x000002b2694fddd0, 0x000002b2694ff180, 0x000002b26868ba60,
0x000002b2682f5830, 0x000002b2682f7900, 0x000002b2682f7f90, 0x000002b2682f6be0,
0x000002b2682f3760, 0x000002b2682f4b10, 0x000002b2682f1690, 0x000002b266866600,
0x000002b266864ac0, 0x000002b2682f30d0, 0x000002b2682f7270
}

Java Threads: ( => current thread )
  0x000002b231fcfab0 JavaThread "main"                              [_thread_blocked, id=35224, stack(0x000000c9c6700000,0x000000c9c6800000) (1024K)]
  0x000002b2483ecbb0 JavaThread "Reference Handler"          daemon [_thread_blocked, id=37892, stack(0x000000c9c6f00000,0x000000c9c7000000) (1024K)]
  0x000002b2483ed610 JavaThread "Finalizer"                  daemon [_thread_blocked, id=14928, stack(0x000000c9c7000000,0x000000c9c7100000) (1024K)]
  0x000002b2483f55c0 JavaThread "Signal Dispatcher"          daemon [_thread_blocked, id=28120, stack(0x000000c9c7100000,0x000000c9c7200000) (1024K)]
  0x000002b2483f63d0 JavaThread "Attach Listener"            daemon [_thread_blocked, id=28144, stack(0x000000c9c7200000,0x000000c9c7300000) (1024K)]
  0x000002b2483f75d0 JavaThread "Service Thread"             daemon [_thread_blocked, id=31760, stack(0x000000c9c7300000,0x000000c9c7400000) (1024K)]
  0x000002b2483fa040 JavaThread "Monitor Deflation Thread"   daemon [_thread_blocked, id=35404, stack(0x000000c9c7400000,0x000000c9c7500000) (1024K)]
  0x000002b2483fdcc0 JavaThread "C2 CompilerThread0"         daemon [_thread_blocked, id=31908, stack(0x000000c9c7500000,0x000000c9c7600000) (1024K)]
  0x000002b248402c50 JavaThread "C1 CompilerThread0"         daemon [_thread_blocked, id=37492, stack(0x000000c9c7600000,0x000000c9c7700000) (1024K)]
  0x000002b248699230 JavaThread "Common-Cleaner"             daemon [_thread_blocked, id=26116, stack(0x000000c9c7800000,0x000000c9c7900000) (1024K)]
  0x000002b2486c70e0 JavaThread "Notification Thread"        daemon [_thread_blocked, id=30964, stack(0x000000c9c7900000,0x000000c9c7a00000) (1024K)]
  0x000002b2638f1430 JavaThread "Daemon health stats"               [_thread_blocked, id=20716, stack(0x000000c9c8300000,0x000000c9c8400000) (1024K)]
  0x000002b2634df730 JavaThread "Incoming local TCP Connector on port 50810"        [_thread_in_native, id=29000, stack(0x000000c9c8400000,0x000000c9c8500000) (1024K)]
  0x000002b263bb3ab0 JavaThread "Daemon periodic checks"            [_thread_blocked, id=33856, stack(0x000000c9c8500000,0x000000c9c8600000) (1024K)]
  0x000002b26389e850 JavaThread "Daemon"                            [_thread_blocked, id=2840, stack(0x000000c9c8600000,0x000000c9c8700000) (1024K)]
  0x000002b2637b10c0 JavaThread "Daemon worker"                     [_thread_blocked, id=12840, stack(0x000000c9c8900000,0x000000c9c8a00000) (1024K)]
  0x000002b2637b2b00 JavaThread "Cache worker for journal cache (C:\Users\Windows 11\.gradle\caches\journal-1)"        [_thread_blocked, id=33544, stack(0x000000c9c8a00000,0x000000c9c8b00000) (1024K)]
  0x000002b2637b3eb0 JavaThread "File lock request listener"        [_thread_in_native, id=13108, stack(0x000000c9c8b00000,0x000000c9c8c00000) (1024K)]
  0x000002b263bcc8f0 JavaThread "Cache worker for file hash cache (C:\Users\Windows 11\.gradle\caches\8.9\fileHashes)"        [_thread_blocked, id=38696, stack(0x000000c9c8d00000,0x000000c9c8e00000) (1024K)]
  0x000002b263bcdca0 JavaThread "File watcher server"        daemon [_thread_in_native, id=4392, stack(0x000000c9c9c00000,0x000000c9c9d00000) (1024K)]
  0x000002b263bcc260 JavaThread "File watcher consumer"      daemon [_thread_blocked, id=9804, stack(0x000000c9c9d00000,0x000000c9c9e00000) (1024K)]
  0x000002b263bce330 JavaThread "Cache worker for file content cache (C:\Users\Windows 11\.gradle\caches\8.9\fileContent)"        [_thread_blocked, id=24044, stack(0x000000c9c9f00000,0x000000c9ca000000) (1024K)]
  0x000002b263bd1120 JavaThread "jar transforms"                    [_thread_blocked, id=25580, stack(0x000000c9ca200000,0x000000c9ca300000) (1024K)]
  0x000002b263bd0a90 JavaThread "jar transforms Thread 2"           [_thread_blocked, id=34052, stack(0x000000c9ca300000,0x000000c9ca400000) (1024K)]
  0x000002b263bcf6e0 JavaThread "jar transforms Thread 3"           [_thread_blocked, id=13036, stack(0x000000c9ca600000,0x000000c9ca700000) (1024K)]
  0x000002b263bcfd70 JavaThread "jar transforms Thread 4"           [_thread_blocked, id=27872, stack(0x000000c9ca700000,0x000000c9ca800000) (1024K)]
  0x000002b264e32180 JavaThread "jar transforms Thread 5"           [_thread_blocked, id=23380, stack(0x000000c9ca500000,0x000000c9ca600000) (1024K)]
  0x000002b268437d00 JavaThread "jar transforms Thread 6"           [_thread_blocked, id=28428, stack(0x000000c9cd800000,0x000000c9cd900000) (1024K)]
  0x000002b268434880 JavaThread "VFS cleanup"                       [_thread_blocked, id=16708, stack(0x000000c9c8100000,0x000000c9c8200000) (1024K)]
  0x000002b268433b60 JavaThread "File lock release action executor"        [_thread_blocked, id=4296, stack(0x000000c9c7700000,0x000000c9c7800000) (1024K)]
  0x000002b264e37040 JavaThread "jar transforms Thread 7"           [_thread_blocked, id=29968, stack(0x000000c9c9e00000,0x000000c9c9f00000) (1024K)]
  0x000002b264e376d0 JavaThread "jar transforms Thread 8"           [_thread_blocked, id=28576, stack(0x000000c9ca100000,0x000000c9ca200000) (1024K)]
  0x000002b268434f10 JavaThread "jar transforms Thread 9"           [_thread_blocked, id=21944, stack(0x000000c9ca400000,0x000000c9ca500000) (1024K)]
  0x000002b2694fddd0 JavaThread "jar transforms Thread 10"          [_thread_blocked, id=5920, stack(0x000000c9cd700000,0x000000c9cd800000) (1024K)]
  0x000002b2694ff180 JavaThread "Memory manager"                    [_thread_blocked, id=26444, stack(0x000000c9cc700000,0x000000c9cc800000) (1024K)]
  0x000002b26868ba60 JavaThread "included builds"                   [_thread_blocked, id=29488, stack(0x000000c9cda00000,0x000000c9cdb00000) (1024K)]
  0x000002b2682f5830 JavaThread "jar transforms Thread 11"          [_thread_blocked, id=36496, stack(0x000000c9ca000000,0x000000c9ca100000) (1024K)]
  0x000002b2682f7900 JavaThread "jar transforms Thread 12"          [_thread_blocked, id=5008, stack(0x000000c9ca800000,0x000000c9ca900000) (1024K)]
  0x000002b2682f7f90 JavaThread "jar transforms Thread 13"          [_thread_blocked, id=33680, stack(0x000000c9ca900000,0x000000c9caa00000) (1024K)]
  0x000002b2682f6be0 JavaThread "jar transforms Thread 14"          [_thread_blocked, id=29528, stack(0x000000c9caa00000,0x000000c9cab00000) (1024K)]
  0x000002b2682f3760 JavaThread "Handler for socket connection from /127.0.0.1:50810 to /127.0.0.1:63357"        [_thread_in_native, id=1944, stack(0x000000c9c8200000,0x000000c9c8300000) (1024K)]
  0x000002b2682f4b10 JavaThread "Cancel handler"                    [_thread_blocked, id=22276, stack(0x000000c9c8700000,0x000000c9c8800000) (1024K)]
  0x000002b2682f1690 JavaThread "Asynchronous log dispatcher for DefaultDaemonConnection: socket connection from /127.0.0.1:50810 to /127.0.0.1:63357"        [_thread_blocked, id=4596, stack(0x000000c9c8800000,0x000000c9c8900000) (1024K)]
  0x000002b266866600 JavaThread "C2 CompilerThread1"         daemon [_thread_blocked, id=11820, stack(0x000000c9cab00000,0x000000c9cac00000) (1024K)]
=>0x000002b266864ac0 JavaThread "C2 CompilerThread2"         daemon [_thread_in_native, id=31992, stack(0x000000c9cac00000,0x000000c9cad00000) (1024K)]
  0x000002b2682f30d0 JavaThread "jar transforms Thread 15"          [_thread_blocked, id=33024, stack(0x000000c9cad00000,0x000000c9cae00000) (1024K)]
  0x000002b2682f7270 JavaThread "jar transforms Thread 16"          [_thread_blocked, id=33308, stack(0x000000c9cae00000,0x000000c9caf00000) (1024K)]
Total: 47

Other Threads:
  0x000002b2483d4370 VMThread "VM Thread"                           [id=37840, stack(0x000000c9c6e00000,0x000000c9c6f00000) (1024K)]
  0x000002b2484b19e0 WatcherThread "VM Periodic Task Thread"        [id=13436, stack(0x000000c9c6d00000,0x000000c9c6e00000) (1024K)]
  0x000002b231ffdcd0 WorkerThread "GC Thread#0"                     [id=19360, stack(0x000000c9c6800000,0x000000c9c6900000) (1024K)]
  0x000002b2628a5f10 WorkerThread "GC Thread#1"                     [id=32528, stack(0x000000c9c7c00000,0x000000c9c7d00000) (1024K)]
  0x000002b262465820 WorkerThread "GC Thread#2"                     [id=24796, stack(0x000000c9c7d00000,0x000000c9c7e00000) (1024K)]
  0x000002b262465bd0 WorkerThread "GC Thread#3"                     [id=22708, stack(0x000000c9c7e00000,0x000000c9c7f00000) (1024K)]
  0x000002b262465f80 WorkerThread "GC Thread#4"                     [id=19652, stack(0x000000c9c7f00000,0x000000c9c8000000) (1024K)]
  0x000002b262466330 WorkerThread "GC Thread#5"                     [id=24180, stack(0x000000c9c8000000,0x000000c9c8100000) (1024K)]
  0x000002b26398b1c0 WorkerThread "GC Thread#6"                     [id=3504, stack(0x000000c9c7b00000,0x000000c9c7c00000) (1024K)]
  0x000002b2652cff60 WorkerThread "GC Thread#7"                     [id=14272, stack(0x000000c9c9000000,0x000000c9c9100000) (1024K)]
  0x000002b2652ce1e0 WorkerThread "GC Thread#8"                     [id=31176, stack(0x000000c9c9100000,0x000000c9c9200000) (1024K)]
  0x000002b2652ce940 WorkerThread "GC Thread#9"                     [id=7524, stack(0x000000c9c9200000,0x000000c9c9300000) (1024K)]
  0x000002b2652d06c0 WorkerThread "GC Thread#10"                    [id=17344, stack(0x000000c9c9300000,0x000000c9c9400000) (1024K)]
  0x000002b2652cecf0 WorkerThread "GC Thread#11"                    [id=12296, stack(0x000000c9c9400000,0x000000c9c9500000) (1024K)]
  0x000002b2652cf0a0 WorkerThread "GC Thread#12"                    [id=32368, stack(0x000000c9c9500000,0x000000c9c9600000) (1024K)]
  0x000002b2320033e0 ConcurrentGCThread "G1 Main Marker"            [id=27644, stack(0x000000c9c6900000,0x000000c9c6a00000) (1024K)]
  0x000002b232004c80 WorkerThread "G1 Conc#0"                       [id=9664, stack(0x000000c9c6a00000,0x000000c9c6b00000) (1024K)]
  0x000002b2652d1580 WorkerThread "G1 Conc#1"                       [id=25868, stack(0x000000c9c9600000,0x000000c9c9700000) (1024K)]
  0x000002b2652d11d0 WorkerThread "G1 Conc#2"                       [id=12688, stack(0x000000c9c9700000,0x000000c9c9800000) (1024K)]
  0x000002b2483042b0 ConcurrentGCThread "G1 Refine#0"               [id=19260, stack(0x000000c9c6b00000,0x000000c9c6c00000) (1024K)]
  0x000002b248305af0 ConcurrentGCThread "G1 Service"                [id=13976, stack(0x000000c9c6c00000,0x000000c9c6d00000) (1024K)]
Total: 21

Threads with active compile tasks:
C2 CompilerThread2  75462 14169       4       org.gradle.internal.serialize.ExceptionReplacingObjectOutputStream::replaceObject (11 bytes)
Total: 1

VM state: not at safepoint (normal execution)

VM Mutex/Monitor currently owned by a thread: None

Heap address: 0x00000000e0000000, size: 512 MB, Compressed Oops mode: 32-bit

CDS archive(s) mapped at: [0x000002b249000000-0x000002b249ba0000-0x000002b249ba0000), size 12189696, SharedBaseAddress: 0x000002b249000000, ArchiveRelocationMode: 1.
Compressed class space mapped at: 0x000002b24a000000-0x000002b25e000000, reserved size: 335544320
Narrow klass base: 0x000002b249000000, Narrow klass shift: 0, Narrow klass range: 0x100000000

GC Precious Log:
 CardTable entry size: 512
 Card Set container configuration: InlinePtr #cards 5 size 8 Array Of Cards #cards 12 size 40 Howl #buckets 4 coarsen threshold 1843 Howl Bitmap #cards 512 size 80 coarsen threshold 460 Card regions per heap region 1 cards per card region 2048
 CPUs: 16 total, 16 available
 Memory: 16010M
 Large Page Support: Disabled
 NUMA Support: Disabled
 Compressed Oops: Enabled (32-bit)
 Heap Region Size: 1M
 Heap Min Capacity: 256M
 Heap Initial Capacity: 256M
 Heap Max Capacity: 512M
 Pre-touch: Disabled
 Parallel Workers: 13
 Concurrent Workers: 3
 Concurrent Refinement Workers: 13
 Periodic GC: Disabled

Heap:
 garbage-first heap   total 267264K, used 216068K [0x00000000e0000000, 0x0000000100000000)
  region size 1024K, 117 young (119808K), 15 survivors (15360K)
 Metaspace       used 87878K, committed 90112K, reserved 458752K
  class space    used 12527K, committed 13632K, reserved 327680K

Heap Regions: E=young(eden), S=young(survivor), O=old, HS=humongous(starts), HC=humongous(continues), CS=collection set, F=free, TAMS=top-at-mark-start, PB=parsable bottom
|   0|0x00000000e0000000, 0x00000000e0100000, 0x00000000e0100000|100%|HS|  |TAMS 0x00000000e0000000| PB 0x00000000e0000000| Complete 
|   1|0x00000000e0100000, 0x00000000e0200000, 0x00000000e0200000|100%|HC|  |TAMS 0x00000000e0100000| PB 0x00000000e0100000| Complete 
|   2|0x00000000e0200000, 0x00000000e0300000, 0x00000000e0300000|100%|HC|  |TAMS 0x00000000e0200000| PB 0x00000000e0200000| Complete 
|   3|0x00000000e0300000, 0x00000000e0400000, 0x00000000e0400000|100%|HC|  |TAMS 0x00000000e0300000| PB 0x00000000e0300000| Complete 
|   4|0x00000000e0400000, 0x00000000e0500000, 0x00000000e0500000|100%|HS|  |TAMS 0x00000000e0400000| PB 0x00000000e0400000| Complete 
|   5|0x00000000e0500000, 0x00000000e0600000, 0x00000000e0600000|100%| O|  |TAMS 0x00000000e0500000| PB 0x00000000e0500000| Untracked 
|   6|0x00000000e0600000, 0x00000000e0700000, 0x00000000e0700000|100%| O|  |TAMS 0x00000000e0600000| PB 0x00000000e0600000| Untracked 
|   7|0x00000000e0700000, 0x00000000e0800000, 0x00000000e0800000|100%| O|  |TAMS 0x00000000e0700000| PB 0x00000000e0700000| Untracked 
|   8|0x00000000e0800000, 0x00000000e0900000, 0x00000000e0900000|100%| O|  |TAMS 0x00000000e0800000| PB 0x00000000e0800000| Untracked 
|   9|0x00000000e0900000, 0x00000000e0a00000, 0x00000000e0a00000|100%| O|  |TAMS 0x00000000e0900000| PB 0x00000000e0900000| Untracked 
|  10|0x00000000e0a00000, 0x00000000e0b00000, 0x00000000e0b00000|100%|HS|  |TAMS 0x00000000e0a00000| PB 0x00000000e0a00000| Complete 
|  11|0x00000000e0b00000, 0x00000000e0c00000, 0x00000000e0c00000|100%| O|  |TAMS 0x00000000e0b00000| PB 0x00000000e0b00000| Untracked 
|  12|0x00000000e0c00000, 0x00000000e0d00000, 0x00000000e0d00000|100%| O|  |TAMS 0x00000000e0c00000| PB 0x00000000e0c00000| Untracked 
|  13|0x00000000e0d00000, 0x00000000e0e00000, 0x00000000e0e00000|100%| O|  |TAMS 0x00000000e0d00000| PB 0x00000000e0d00000| Untracked 
|  14|0x00000000e0e00000, 0x00000000e0f00000, 0x00000000e0f00000|100%| O|  |TAMS 0x00000000e0e00000| PB 0x00000000e0e00000| Untracked 
|  15|0x00000000e0f00000, 0x00000000e1000000, 0x00000000e1000000|100%| O|  |TAMS 0x00000000e0f00000| PB 0x00000000e0f00000| Untracked 
|  16|0x00000000e1000000, 0x00000000e1100000, 0x00000000e1100000|100%| O|  |TAMS 0x00000000e1000000| PB 0x00000000e1000000| Untracked 
|  17|0x00000000e1100000, 0x00000000e1200000, 0x00000000e1200000|100%| O|  |TAMS 0x00000000e1100000| PB 0x00000000e1100000| Untracked 
|  18|0x00000000e1200000, 0x00000000e1300000, 0x00000000e1300000|100%| O|  |TAMS 0x00000000e1200000| PB 0x00000000e1200000| Untracked 
|  19|0x00000000e1300000, 0x00000000e1400000, 0x00000000e1400000|100%| O|  |TAMS 0x00000000e1300000| PB 0x00000000e1300000| Untracked 
|  20|0x00000000e1400000, 0x00000000e1500000, 0x00000000e1500000|100%| O|  |TAMS 0x00000000e1400000| PB 0x00000000e1400000| Untracked 
|  21|0x00000000e1500000, 0x00000000e1600000, 0x00000000e1600000|100%| O|  |TAMS 0x00000000e1500000| PB 0x00000000e1500000| Untracked 
|  22|0x00000000e1600000, 0x00000000e1700000, 0x00000000e1700000|100%| O|  |TAMS 0x00000000e1600000| PB 0x00000000e1600000| Untracked 
|  23|0x00000000e1700000, 0x00000000e1800000, 0x00000000e1800000|100%| O|  |TAMS 0x00000000e1700000| PB 0x00000000e1700000| Untracked 
|  24|0x00000000e1800000, 0x00000000e1900000, 0x00000000e1900000|100%| O|  |TAMS 0x00000000e1800000| PB 0x00000000e1800000| Untracked 
|  25|0x00000000e1900000, 0x00000000e1a00000, 0x00000000e1a00000|100%|HS|  |TAMS 0x00000000e1900000| PB 0x00000000e1900000| Complete 
|  26|0x00000000e1a00000, 0x00000000e1b00000, 0x00000000e1b00000|100%|HC|  |TAMS 0x00000000e1a00000| PB 0x00000000e1a00000| Complete 
|  27|0x00000000e1b00000, 0x00000000e1c00000, 0x00000000e1c00000|100%|HS|  |TAMS 0x00000000e1b00000| PB 0x00000000e1b00000| Complete 
|  28|0x00000000e1c00000, 0x00000000e1d00000, 0x00000000e1d00000|100%|HS|  |TAMS 0x00000000e1c00000| PB 0x00000000e1c00000| Complete 
|  29|0x00000000e1d00000, 0x00000000e1e00000, 0x00000000e1e00000|100%|HS|  |TAMS 0x00000000e1d00000| PB 0x00000000e1d00000| Complete 
|  30|0x00000000e1e00000, 0x00000000e1f00000, 0x00000000e1f00000|100%| O|  |TAMS 0x00000000e1e00000| PB 0x00000000e1e00000| Untracked 
|  31|0x00000000e1f00000, 0x00000000e2000000, 0x00000000e2000000|100%|HS|  |TAMS 0x00000000e1f00000| PB 0x00000000e1f00000| Complete 
|  32|0x00000000e2000000, 0x00000000e2100000, 0x00000000e2100000|100%| O|  |TAMS 0x00000000e2000000| PB 0x00000000e2000000| Untracked 
|  33|0x00000000e2100000, 0x00000000e2200000, 0x00000000e2200000|100%| O|  |TAMS 0x00000000e2100000| PB 0x00000000e2100000| Untracked 
|  34|0x00000000e2200000, 0x00000000e2300000, 0x00000000e2300000|100%| O|  |TAMS 0x00000000e2200000| PB 0x00000000e2200000| Untracked 
|  35|0x00000000e2300000, 0x00000000e2400000, 0x00000000e2400000|100%| O|  |TAMS 0x00000000e2300000| PB 0x00000000e2300000| Untracked 
|  36|0x00000000e2400000, 0x00000000e2500000, 0x00000000e2500000|100%| O|  |TAMS 0x00000000e2400000| PB 0x00000000e2400000| Untracked 
|  37|0x00000000e2500000, 0x00000000e2600000, 0x00000000e2600000|100%| O|  |TAMS 0x00000000e2500000| PB 0x00000000e2500000| Untracked 
|  38|0x00000000e2600000, 0x00000000e2700000, 0x00000000e2700000|100%| O|  |TAMS 0x00000000e2600000| PB 0x00000000e2600000| Untracked 
|  39|0x00000000e2700000, 0x00000000e2800000, 0x00000000e2800000|100%| O|  |TAMS 0x00000000e2700000| PB 0x00000000e2700000| Untracked 
|  40|0x00000000e2800000, 0x00000000e2900000, 0x00000000e2900000|100%| O|  |TAMS 0x00000000e2800000| PB 0x00000000e2800000| Untracked 
|  41|0x00000000e2900000, 0x00000000e2a00000, 0x00000000e2a00000|100%| O|  |TAMS 0x00000000e2900000| PB 0x00000000e2900000| Untracked 
|  42|0x00000000e2a00000, 0x00000000e2b00000, 0x00000000e2b00000|100%| O|  |TAMS 0x00000000e2a00000| PB 0x00000000e2a00000| Untracked 
|  43|0x00000000e2b00000, 0x00000000e2c00000, 0x00000000e2c00000|100%| O|  |TAMS 0x00000000e2b00000| PB 0x00000000e2b00000| Untracked 
|  44|0x00000000e2c00000, 0x00000000e2d00000, 0x00000000e2d00000|100%| O|  |TAMS 0x00000000e2c00000| PB 0x00000000e2c00000| Untracked 
|  45|0x00000000e2d00000, 0x00000000e2e00000, 0x00000000e2e00000|100%| O|  |TAMS 0x00000000e2d00000| PB 0x00000000e2d00000| Untracked 
|  46|0x00000000e2e00000, 0x00000000e2f00000, 0x00000000e2f00000|100%| O|  |TAMS 0x00000000e2e00000| PB 0x00000000e2e00000| Untracked 
|  47|0x00000000e2f00000, 0x00000000e3000000, 0x00000000e3000000|100%| O|  |TAMS 0x00000000e2f00000| PB 0x00000000e2f00000| Untracked 
|  48|0x00000000e3000000, 0x00000000e3100000, 0x00000000e3100000|100%| O|  |TAMS 0x00000000e3000000| PB 0x00000000e3000000| Untracked 
|  49|0x00000000e3100000, 0x00000000e3200000, 0x00000000e3200000|100%| O|  |TAMS 0x00000000e3100000| PB 0x00000000e3100000| Untracked 
|  50|0x00000000e3200000, 0x00000000e3300000, 0x00000000e3300000|100%| O|  |TAMS 0x00000000e3200000| PB 0x00000000e3200000| Untracked 
|  51|0x00000000e3300000, 0x00000000e3400000, 0x00000000e3400000|100%| O|  |TAMS 0x00000000e3300000| PB 0x00000000e3300000| Untracked 
|  52|0x00000000e3400000, 0x00000000e3500000, 0x00000000e3500000|100%| O|  |TAMS 0x00000000e3400000| PB 0x00000000e3400000| Untracked 
|  53|0x00000000e3500000, 0x00000000e3600000, 0x00000000e3600000|100%| O|  |TAMS 0x00000000e3500000| PB 0x00000000e3500000| Untracked 
|  54|0x00000000e3600000, 0x00000000e3700000, 0x00000000e3700000|100%| O|  |TAMS 0x00000000e3600000| PB 0x00000000e3600000| Untracked 
|  55|0x00000000e3700000, 0x00000000e3800000, 0x00000000e3800000|100%| O|  |TAMS 0x00000000e3700000| PB 0x00000000e3700000| Untracked 
|  56|0x00000000e3800000, 0x00000000e3900000, 0x00000000e3900000|100%| O|  |TAMS 0x00000000e3800000| PB 0x00000000e3800000| Untracked 
|  57|0x00000000e3900000, 0x00000000e3a00000, 0x00000000e3a00000|100%| O|  |TAMS 0x00000000e3900000| PB 0x00000000e3900000| Untracked 
|  58|0x00000000e3a00000, 0x00000000e3b00000, 0x00000000e3b00000|100%| O|  |TAMS 0x00000000e3a00000| PB 0x00000000e3a00000| Untracked 
|  59|0x00000000e3b00000, 0x00000000e3b00000, 0x00000000e3c00000|  0%| F|  |TAMS 0x00000000e3b00000| PB 0x00000000e3b00000| Untracked 
|  60|0x00000000e3c00000, 0x00000000e3d00000, 0x00000000e3d00000|100%|HS|  |TAMS 0x00000000e3c00000| PB 0x00000000e3c00000| Complete 
|  61|0x00000000e3d00000, 0x00000000e3e00000, 0x00000000e3e00000|100%|HS|  |TAMS 0x00000000e3d00000| PB 0x00000000e3d00000| Complete 
|  62|0x00000000e3e00000, 0x00000000e3f00000, 0x00000000e3f00000|100%|HS|  |TAMS 0x00000000e3e00000| PB 0x00000000e3e00000| Complete 
|  63|0x00000000e3f00000, 0x00000000e4000000, 0x00000000e4000000|100%|HS|  |TAMS 0x00000000e3f00000| PB 0x00000000e3f00000| Complete 
|  64|0x00000000e4000000, 0x00000000e4100000, 0x00000000e4100000|100%|HC|  |TAMS 0x00000000e4000000| PB 0x00000000e4000000| Complete 
|  65|0x00000000e4100000, 0x00000000e4200000, 0x00000000e4200000|100%|HS|  |TAMS 0x00000000e4100000| PB 0x00000000e4100000| Complete 
|  66|0x00000000e4200000, 0x00000000e4300000, 0x00000000e4300000|100%|HC|  |TAMS 0x00000000e4200000| PB 0x00000000e4200000| Complete 
|  67|0x00000000e4300000, 0x00000000e4400000, 0x00000000e4400000|100%|HS|  |TAMS 0x00000000e4300000| PB 0x00000000e4300000| Complete 
|  68|0x00000000e4400000, 0x00000000e4500000, 0x00000000e4500000|100%|HC|  |TAMS 0x00000000e4400000| PB 0x00000000e4400000| Complete 
|  69|0x00000000e4500000, 0x00000000e4600000, 0x00000000e4600000|100%|HC|  |TAMS 0x00000000e4500000| PB 0x00000000e4500000| Complete 
|  70|0x00000000e4600000, 0x00000000e4700000, 0x00000000e4700000|100%|HC|  |TAMS 0x00000000e4600000| PB 0x00000000e4600000| Complete 
|  71|0x00000000e4700000, 0x00000000e4800000, 0x00000000e4800000|100%| O|  |TAMS 0x00000000e4700000| PB 0x00000000e4700000| Untracked 
|  72|0x00000000e4800000, 0x00000000e4900000, 0x00000000e4900000|100%| O|  |TAMS 0x00000000e4800000| PB 0x00000000e4800000| Untracked 
|  73|0x00000000e4900000, 0x00000000e4a00000, 0x00000000e4a00000|100%| O|  |TAMS 0x00000000e4900000| PB 0x00000000e4900000| Untracked 
|  74|0x00000000e4a00000, 0x00000000e4b00000, 0x00000000e4b00000|100%| O|  |TAMS 0x00000000e4a00000| PB 0x00000000e4a00000| Untracked 
|  75|0x00000000e4b00000, 0x00000000e4c00000, 0x00000000e4c00000|100%| O|  |TAMS 0x00000000e4b00000| PB 0x00000000e4b00000| Untracked 
|  76|0x00000000e4c00000, 0x00000000e4d00000, 0x00000000e4d00000|100%|HS|  |TAMS 0x00000000e4c00000| PB 0x00000000e4c00000| Complete 
|  77|0x00000000e4d00000, 0x00000000e4e00000, 0x00000000e4e00000|100%|HC|  |TAMS 0x00000000e4d00000| PB 0x00000000e4d00000| Complete 
|  78|0x00000000e4e00000, 0x00000000e4f00000, 0x00000000e4f00000|100%|HC|  |TAMS 0x00000000e4e00000| PB 0x00000000e4e00000| Complete 
|  79|0x00000000e4f00000, 0x00000000e5000000, 0x00000000e5000000|100%|HC|  |TAMS 0x00000000e4f00000| PB 0x00000000e4f00000| Complete 
|  80|0x00000000e5000000, 0x00000000e5100000, 0x00000000e5100000|100%| O|  |TAMS 0x00000000e5000000| PB 0x00000000e5000000| Untracked 
|  81|0x00000000e5100000, 0x00000000e5200000, 0x00000000e5200000|100%| O|  |TAMS 0x00000000e5100000| PB 0x00000000e5100000| Untracked 
|  82|0x00000000e5200000, 0x00000000e5300000, 0x00000000e5300000|100%| O|  |TAMS 0x00000000e5200000| PB 0x00000000e5200000| Untracked 
|  83|0x00000000e5300000, 0x00000000e5400000, 0x00000000e5400000|100%| O|  |TAMS 0x00000000e5300000| PB 0x00000000e5300000| Untracked 
|  84|0x00000000e5400000, 0x00000000e5400000, 0x00000000e5500000|  0%| F|  |TAMS 0x00000000e5400000| PB 0x00000000e5400000| Untracked 
|  85|0x00000000e5500000, 0x00000000e5500000, 0x00000000e5600000|  0%| F|  |TAMS 0x00000000e5500000| PB 0x00000000e5500000| Untracked 
|  86|0x00000000e5600000, 0x00000000e5600000, 0x00000000e5700000|  0%| F|  |TAMS 0x00000000e5600000| PB 0x00000000e5600000| Untracked 
|  87|0x00000000e5700000, 0x00000000e5700000, 0x00000000e5800000|  0%| F|  |TAMS 0x00000000e5700000| PB 0x00000000e5700000| Untracked 
|  88|0x00000000e5800000, 0x00000000e5800000, 0x00000000e5900000|  0%| F|  |TAMS 0x00000000e5800000| PB 0x00000000e5800000| Untracked 
|  89|0x00000000e5900000, 0x00000000e5900000, 0x00000000e5a00000|  0%| F|  |TAMS 0x00000000e5900000| PB 0x00000000e5900000| Untracked 
|  90|0x00000000e5a00000, 0x00000000e5a00000, 0x00000000e5b00000|  0%| F|  |TAMS 0x00000000e5a00000| PB 0x00000000e5a00000| Untracked 
|  91|0x00000000e5b00000, 0x00000000e5b00000, 0x00000000e5c00000|  0%| F|  |TAMS 0x00000000e5b00000| PB 0x00000000e5b00000| Untracked 
|  92|0x00000000e5c00000, 0x00000000e5c00000, 0x00000000e5d00000|  0%| F|  |TAMS 0x00000000e5c00000| PB 0x00000000e5c00000| Untracked 
|  93|0x00000000e5d00000, 0x00000000e5d00000, 0x00000000e5e00000|  0%| F|  |TAMS 0x00000000e5d00000| PB 0x00000000e5d00000| Untracked 
|  94|0x00000000e5e00000, 0x00000000e5e00000, 0x00000000e5f00000|  0%| F|  |TAMS 0x00000000e5e00000| PB 0x00000000e5e00000| Untracked 
|  95|0x00000000e5f00000, 0x00000000e5f00000, 0x00000000e6000000|  0%| F|  |TAMS 0x00000000e5f00000| PB 0x00000000e5f00000| Untracked 
|  96|0x00000000e6000000, 0x00000000e6000000, 0x00000000e6100000|  0%| F|  |TAMS 0x00000000e6000000| PB 0x00000000e6000000| Untracked 
|  97|0x00000000e6100000, 0x00000000e6100000, 0x00000000e6200000|  0%| F|  |TAMS 0x00000000e6100000| PB 0x00000000e6100000| Untracked 
|  98|0x00000000e6200000, 0x00000000e62400b0, 0x00000000e6300000| 25%| S|CS|TAMS 0x00000000e6200000| PB 0x00000000e6200000| Complete 
|  99|0x00000000e6300000, 0x00000000e6400000, 0x00000000e6400000|100%| S|CS|TAMS 0x00000000e6300000| PB 0x00000000e6300000| Complete 
| 100|0x00000000e6400000, 0x00000000e6500000, 0x00000000e6500000|100%| S|CS|TAMS 0x00000000e6400000| PB 0x00000000e6400000| Complete 
| 101|0x00000000e6500000, 0x00000000e6600000, 0x00000000e6600000|100%| S|CS|TAMS 0x00000000e6500000| PB 0x00000000e6500000| Complete 
| 102|0x00000000e6600000, 0x00000000e6700000, 0x00000000e6700000|100%| S|CS|TAMS 0x00000000e6600000| PB 0x00000000e6600000| Complete 
| 103|0x00000000e6700000, 0x00000000e6800000, 0x00000000e6800000|100%| O|  |TAMS 0x00000000e6700000| PB 0x00000000e6700000| Untracked 
| 104|0x00000000e6800000, 0x00000000e6900000, 0x00000000e6900000|100%| O|  |TAMS 0x00000000e6800000| PB 0x00000000e6800000| Untracked 
| 105|0x00000000e6900000, 0x00000000e6a00000, 0x00000000e6a00000|100%| O|  |TAMS 0x00000000e6900000| PB 0x00000000e6900000| Untracked 
| 106|0x00000000e6a00000, 0x00000000e6b00000, 0x00000000e6b00000|100%| O|  |TAMS 0x00000000e6a00000| PB 0x00000000e6a00000| Untracked 
| 107|0x00000000e6b00000, 0x00000000e6c00000, 0x00000000e6c00000|100%| O|  |TAMS 0x00000000e6b00000| PB 0x00000000e6b00000| Untracked 
| 108|0x00000000e6c00000, 0x00000000e6d00000, 0x00000000e6d00000|100%| O|  |TAMS 0x00000000e6c00000| PB 0x00000000e6c00000| Untracked 
| 109|0x00000000e6d00000, 0x00000000e6e00000, 0x00000000e6e00000|100%| O|  |TAMS 0x00000000e6d00000| PB 0x00000000e6d00000| Untracked 
| 110|0x00000000e6e00000, 0x00000000e6f00000, 0x00000000e6f00000|100%| O|  |TAMS 0x00000000e6e00000| PB 0x00000000e6e00000| Untracked 
| 111|0x00000000e6f00000, 0x00000000e7000000, 0x00000000e7000000|100%| O|  |TAMS 0x00000000e6f00000| PB 0x00000000e6f00000| Untracked 
| 112|0x00000000e7000000, 0x00000000e7100000, 0x00000000e7100000|100%| O|  |TAMS 0x00000000e7000000| PB 0x00000000e7000000| Untracked 
| 113|0x00000000e7100000, 0x00000000e7200000, 0x00000000e7200000|100%| O|  |TAMS 0x00000000e7100000| PB 0x00000000e7100000| Untracked 
| 114|0x00000000e7200000, 0x00000000e7300000, 0x00000000e7300000|100%| O|  |TAMS 0x00000000e7200000| PB 0x00000000e7200000| Untracked 
| 115|0x00000000e7300000, 0x00000000e7300000, 0x00000000e7400000|  0%| F|  |TAMS 0x00000000e7300000| PB 0x00000000e7300000| Untracked 
| 116|0x00000000e7400000, 0x00000000e7400000, 0x00000000e7500000|  0%| F|  |TAMS 0x00000000e7400000| PB 0x00000000e7400000| Untracked 
| 117|0x00000000e7500000, 0x00000000e7500000, 0x00000000e7600000|  0%| F|  |TAMS 0x00000000e7500000| PB 0x00000000e7500000| Untracked 
| 118|0x00000000e7600000, 0x00000000e7600000, 0x00000000e7700000|  0%| F|  |TAMS 0x00000000e7600000| PB 0x00000000e7600000| Untracked 
| 119|0x00000000e7700000, 0x00000000e7700000, 0x00000000e7800000|  0%| F|  |TAMS 0x00000000e7700000| PB 0x00000000e7700000| Untracked 
| 120|0x00000000e7800000, 0x00000000e7800000, 0x00000000e7900000|  0%| F|  |TAMS 0x00000000e7800000| PB 0x00000000e7800000| Untracked 
| 121|0x00000000e7900000, 0x00000000e7900000, 0x00000000e7a00000|  0%| F|  |TAMS 0x00000000e7900000| PB 0x00000000e7900000| Untracked 
| 122|0x00000000e7a00000, 0x00000000e7b00000, 0x00000000e7b00000|100%| S|CS|TAMS 0x00000000e7a00000| PB 0x00000000e7a00000| Complete 
| 123|0x00000000e7b00000, 0x00000000e7c00000, 0x00000000e7c00000|100%| S|CS|TAMS 0x00000000e7b00000| PB 0x00000000e7b00000| Complete 
| 124|0x00000000e7c00000, 0x00000000e7d00000, 0x00000000e7d00000|100%| S|CS|TAMS 0x00000000e7c00000| PB 0x00000000e7c00000| Complete 
| 125|0x00000000e7d00000, 0x00000000e7e00000, 0x00000000e7e00000|100%| S|CS|TAMS 0x00000000e7d00000| PB 0x00000000e7d00000| Complete 
| 126|0x00000000e7e00000, 0x00000000e7f00000, 0x00000000e7f00000|100%| S|CS|TAMS 0x00000000e7e00000| PB 0x00000000e7e00000| Complete 
| 127|0x00000000e7f00000, 0x00000000e8000000, 0x00000000e8000000|100%| S|CS|TAMS 0x00000000e7f00000| PB 0x00000000e7f00000| Complete 
| 128|0x00000000e8000000, 0x00000000e8100000, 0x00000000e8100000|100%| S|CS|TAMS 0x00000000e8000000| PB 0x00000000e8000000| Complete 
| 129|0x00000000e8100000, 0x00000000e8200000, 0x00000000e8200000|100%| S|CS|TAMS 0x00000000e8100000| PB 0x00000000e8100000| Complete 
| 130|0x00000000e8200000, 0x00000000e8300000, 0x00000000e8300000|100%| S|CS|TAMS 0x00000000e8200000| PB 0x00000000e8200000| Complete 
| 131|0x00000000e8300000, 0x00000000e8400000, 0x00000000e8400000|100%| S|CS|TAMS 0x00000000e8300000| PB 0x00000000e8300000| Complete 
| 132|0x00000000e8400000, 0x00000000e8400000, 0x00000000e8500000|  0%| F|  |TAMS 0x00000000e8400000| PB 0x00000000e8400000| Untracked 
| 133|0x00000000e8500000, 0x00000000e8500000, 0x00000000e8600000|  0%| F|  |TAMS 0x00000000e8500000| PB 0x00000000e8500000| Untracked 
| 134|0x00000000e8600000, 0x00000000e8600000, 0x00000000e8700000|  0%| F|  |TAMS 0x00000000e8600000| PB 0x00000000e8600000| Untracked 
| 135|0x00000000e8700000, 0x00000000e8700000, 0x00000000e8800000|  0%| F|  |TAMS 0x00000000e8700000| PB 0x00000000e8700000| Untracked 
| 136|0x00000000e8800000, 0x00000000e8800000, 0x00000000e8900000|  0%| F|  |TAMS 0x00000000e8800000| PB 0x00000000e8800000| Untracked 
| 137|0x00000000e8900000, 0x00000000e8900000, 0x00000000e8a00000|  0%| F|  |TAMS 0x00000000e8900000| PB 0x00000000e8900000| Untracked 
| 138|0x00000000e8a00000, 0x00000000e8a00000, 0x00000000e8b00000|  0%| F|  |TAMS 0x00000000e8a00000| PB 0x00000000e8a00000| Untracked 
| 139|0x00000000e8b00000, 0x00000000e8b00000, 0x00000000e8c00000|  0%| F|  |TAMS 0x00000000e8b00000| PB 0x00000000e8b00000| Untracked 
| 140|0x00000000e8c00000, 0x00000000e8c00000, 0x00000000e8d00000|  0%| F|  |TAMS 0x00000000e8c00000| PB 0x00000000e8c00000| Untracked 
| 141|0x00000000e8d00000, 0x00000000e8d00000, 0x00000000e8e00000|  0%| F|  |TAMS 0x00000000e8d00000| PB 0x00000000e8d00000| Untracked 
| 142|0x00000000e8e00000, 0x00000000e8e00000, 0x00000000e8f00000|  0%| F|  |TAMS 0x00000000e8e00000| PB 0x00000000e8e00000| Untracked 
| 143|0x00000000e8f00000, 0x00000000e8f00000, 0x00000000e9000000|  0%| F|  |TAMS 0x00000000e8f00000| PB 0x00000000e8f00000| Untracked 
| 144|0x00000000e9000000, 0x00000000e9000000, 0x00000000e9100000|  0%| F|  |TAMS 0x00000000e9000000| PB 0x00000000e9000000| Untracked 
| 145|0x00000000e9100000, 0x00000000e9100000, 0x00000000e9200000|  0%| F|  |TAMS 0x00000000e9100000| PB 0x00000000e9100000| Untracked 
| 146|0x00000000e9200000, 0x00000000e9200000, 0x00000000e9300000|  0%| F|  |TAMS 0x00000000e9200000| PB 0x00000000e9200000| Untracked 
| 147|0x00000000e9300000, 0x00000000e9300000, 0x00000000e9400000|  0%| F|  |TAMS 0x00000000e9300000| PB 0x00000000e9300000| Untracked 
| 148|0x00000000e9400000, 0x00000000e9400000, 0x00000000e9500000|  0%| F|  |TAMS 0x00000000e9400000| PB 0x00000000e9400000| Untracked 
| 149|0x00000000e9500000, 0x00000000e9500000, 0x00000000e9600000|  0%| F|  |TAMS 0x00000000e9500000| PB 0x00000000e9500000| Untracked 
| 150|0x00000000e9600000, 0x00000000e9600000, 0x00000000e9700000|  0%| F|  |TAMS 0x00000000e9600000| PB 0x00000000e9600000| Untracked 
| 151|0x00000000e9700000, 0x00000000e9700000, 0x00000000e9800000|  0%| F|  |TAMS 0x00000000e9700000| PB 0x00000000e9700000| Untracked 
| 152|0x00000000e9800000, 0x00000000e9800000, 0x00000000e9900000|  0%| F|  |TAMS 0x00000000e9800000| PB 0x00000000e9800000| Untracked 
| 153|0x00000000e9900000, 0x00000000e9900000, 0x00000000e9a00000|  0%| F|  |TAMS 0x00000000e9900000| PB 0x00000000e9900000| Untracked 
| 154|0x00000000e9a00000, 0x00000000e9a00000, 0x00000000e9b00000|  0%| F|  |TAMS 0x00000000e9a00000| PB 0x00000000e9a00000| Untracked 
| 155|0x00000000e9b00000, 0x00000000e9b00000, 0x00000000e9c00000|  0%| F|  |TAMS 0x00000000e9b00000| PB 0x00000000e9b00000| Untracked 
| 156|0x00000000e9c00000, 0x00000000e9c00000, 0x00000000e9d00000|  0%| F|  |TAMS 0x00000000e9c00000| PB 0x00000000e9c00000| Untracked 
| 157|0x00000000e9d00000, 0x00000000e9d839d0, 0x00000000e9e00000| 51%| E|  |TAMS 0x00000000e9d00000| PB 0x00000000e9d00000| Complete 
| 158|0x00000000e9e00000, 0x00000000e9f00000, 0x00000000e9f00000|100%| E|CS|TAMS 0x00000000e9e00000| PB 0x00000000e9e00000| Complete 
| 159|0x00000000e9f00000, 0x00000000ea000000, 0x00000000ea000000|100%| E|CS|TAMS 0x00000000e9f00000| PB 0x00000000e9f00000| Complete 
| 160|0x00000000ea000000, 0x00000000ea100000, 0x00000000ea100000|100%| E|CS|TAMS 0x00000000ea000000| PB 0x00000000ea000000| Complete 
| 161|0x00000000ea100000, 0x00000000ea200000, 0x00000000ea200000|100%| E|CS|TAMS 0x00000000ea100000| PB 0x00000000ea100000| Complete 
| 162|0x00000000ea200000, 0x00000000ea300000, 0x00000000ea300000|100%| E|CS|TAMS 0x00000000ea200000| PB 0x00000000ea200000| Complete 
| 163|0x00000000ea300000, 0x00000000ea400000, 0x00000000ea400000|100%| E|CS|TAMS 0x00000000ea300000| PB 0x00000000ea300000| Complete 
| 164|0x00000000ea400000, 0x00000000ea500000, 0x00000000ea500000|100%| E|CS|TAMS 0x00000000ea400000| PB 0x00000000ea400000| Complete 
| 165|0x00000000ea500000, 0x00000000ea600000, 0x00000000ea600000|100%| E|CS|TAMS 0x00000000ea500000| PB 0x00000000ea500000| Complete 
| 166|0x00000000ea600000, 0x00000000ea700000, 0x00000000ea700000|100%| E|CS|TAMS 0x00000000ea600000| PB 0x00000000ea600000| Complete 
| 167|0x00000000ea700000, 0x00000000ea800000, 0x00000000ea800000|100%| E|CS|TAMS 0x00000000ea700000| PB 0x00000000ea700000| Complete 
| 168|0x00000000ea800000, 0x00000000ea900000, 0x00000000ea900000|100%| E|CS|TAMS 0x00000000ea800000| PB 0x00000000ea800000| Complete 
| 169|0x00000000ea900000, 0x00000000eaa00000, 0x00000000eaa00000|100%| E|CS|TAMS 0x00000000ea900000| PB 0x00000000ea900000| Complete 
| 170|0x00000000eaa00000, 0x00000000eab00000, 0x00000000eab00000|100%| E|CS|TAMS 0x00000000eaa00000| PB 0x00000000eaa00000| Complete 
| 171|0x00000000eab00000, 0x00000000eac00000, 0x00000000eac00000|100%| E|CS|TAMS 0x00000000eab00000| PB 0x00000000eab00000| Complete 
| 172|0x00000000eac00000, 0x00000000ead00000, 0x00000000ead00000|100%| E|CS|TAMS 0x00000000eac00000| PB 0x00000000eac00000| Complete 
| 173|0x00000000ead00000, 0x00000000eae00000, 0x00000000eae00000|100%| E|CS|TAMS 0x00000000ead00000| PB 0x00000000ead00000| Complete 
| 174|0x00000000eae00000, 0x00000000eaf00000, 0x00000000eaf00000|100%| E|CS|TAMS 0x00000000eae00000| PB 0x00000000eae00000| Complete 
| 175|0x00000000eaf00000, 0x00000000eb000000, 0x00000000eb000000|100%| E|CS|TAMS 0x00000000eaf00000| PB 0x00000000eaf00000| Complete 
| 176|0x00000000eb000000, 0x00000000eb100000, 0x00000000eb100000|100%| E|CS|TAMS 0x00000000eb000000| PB 0x00000000eb000000| Complete 
| 177|0x00000000eb100000, 0x00000000eb200000, 0x00000000eb200000|100%| E|CS|TAMS 0x00000000eb100000| PB 0x00000000eb100000| Complete 
| 178|0x00000000eb200000, 0x00000000eb300000, 0x00000000eb300000|100%| E|CS|TAMS 0x00000000eb200000| PB 0x00000000eb200000| Complete 
| 179|0x00000000eb300000, 0x00000000eb400000, 0x00000000eb400000|100%| E|CS|TAMS 0x00000000eb300000| PB 0x00000000eb300000| Complete 
| 180|0x00000000eb400000, 0x00000000eb500000, 0x00000000eb500000|100%| E|CS|TAMS 0x00000000eb400000| PB 0x00000000eb400000| Complete 
| 181|0x00000000eb500000, 0x00000000eb600000, 0x00000000eb600000|100%| E|CS|TAMS 0x00000000eb500000| PB 0x00000000eb500000| Complete 
| 182|0x00000000eb600000, 0x00000000eb700000, 0x00000000eb700000|100%| E|CS|TAMS 0x00000000eb600000| PB 0x00000000eb600000| Complete 
| 183|0x00000000eb700000, 0x00000000eb800000, 0x00000000eb800000|100%| E|CS|TAMS 0x00000000eb700000| PB 0x00000000eb700000| Complete 
| 184|0x00000000eb800000, 0x00000000eb900000, 0x00000000eb900000|100%| E|CS|TAMS 0x00000000eb800000| PB 0x00000000eb800000| Complete 
| 185|0x00000000eb900000, 0x00000000eba00000, 0x00000000eba00000|100%| E|CS|TAMS 0x00000000eb900000| PB 0x00000000eb900000| Complete 
| 186|0x00000000eba00000, 0x00000000ebb00000, 0x00000000ebb00000|100%| E|CS|TAMS 0x00000000eba00000| PB 0x00000000eba00000| Complete 
| 187|0x00000000ebb00000, 0x00000000ebc00000, 0x00000000ebc00000|100%| E|CS|TAMS 0x00000000ebb00000| PB 0x00000000ebb00000| Complete 
| 188|0x00000000ebc00000, 0x00000000ebd00000, 0x00000000ebd00000|100%| E|CS|TAMS 0x00000000ebc00000| PB 0x00000000ebc00000| Complete 
| 189|0x00000000ebd00000, 0x00000000ebe00000, 0x00000000ebe00000|100%| E|  |TAMS 0x00000000ebd00000| PB 0x00000000ebd00000| Complete 
| 190|0x00000000ebe00000, 0x00000000ebf00000, 0x00000000ebf00000|100%| E|CS|TAMS 0x00000000ebe00000| PB 0x00000000ebe00000| Complete 
| 191|0x00000000ebf00000, 0x00000000ec000000, 0x00000000ec000000|100%| E|CS|TAMS 0x00000000ebf00000| PB 0x00000000ebf00000| Complete 
| 192|0x00000000ec000000, 0x00000000ec100000, 0x00000000ec100000|100%| E|CS|TAMS 0x00000000ec000000| PB 0x00000000ec000000| Complete 
| 193|0x00000000ec100000, 0x00000000ec200000, 0x00000000ec200000|100%| E|CS|TAMS 0x00000000ec100000| PB 0x00000000ec100000| Complete 
| 194|0x00000000ec200000, 0x00000000ec300000, 0x00000000ec300000|100%| E|CS|TAMS 0x00000000ec200000| PB 0x00000000ec200000| Complete 
| 195|0x00000000ec300000, 0x00000000ec400000, 0x00000000ec400000|100%| E|CS|TAMS 0x00000000ec300000| PB 0x00000000ec300000| Complete 
| 196|0x00000000ec400000, 0x00000000ec500000, 0x00000000ec500000|100%| E|CS|TAMS 0x00000000ec400000| PB 0x00000000ec400000| Complete 
| 197|0x00000000ec500000, 0x00000000ec600000, 0x00000000ec600000|100%| E|CS|TAMS 0x00000000ec500000| PB 0x00000000ec500000| Complete 
| 198|0x00000000ec600000, 0x00000000ec700000, 0x00000000ec700000|100%| E|CS|TAMS 0x00000000ec600000| PB 0x00000000ec600000| Complete 
| 199|0x00000000ec700000, 0x00000000ec800000, 0x00000000ec800000|100%| E|CS|TAMS 0x00000000ec700000| PB 0x00000000ec700000| Complete 
| 200|0x00000000ec800000, 0x00000000ec900000, 0x00000000ec900000|100%| E|CS|TAMS 0x00000000ec800000| PB 0x00000000ec800000| Complete 
| 201|0x00000000ec900000, 0x00000000eca00000, 0x00000000eca00000|100%| E|CS|TAMS 0x00000000ec900000| PB 0x00000000ec900000| Complete 
| 202|0x00000000eca00000, 0x00000000ecb00000, 0x00000000ecb00000|100%| E|CS|TAMS 0x00000000eca00000| PB 0x00000000eca00000| Complete 
| 203|0x00000000ecb00000, 0x00000000ecc00000, 0x00000000ecc00000|100%| E|CS|TAMS 0x00000000ecb00000| PB 0x00000000ecb00000| Complete 
| 204|0x00000000ecc00000, 0x00000000ecd00000, 0x00000000ecd00000|100%| E|CS|TAMS 0x00000000ecc00000| PB 0x00000000ecc00000| Complete 
| 205|0x00000000ecd00000, 0x00000000ece00000, 0x00000000ece00000|100%| E|CS|TAMS 0x00000000ecd00000| PB 0x00000000ecd00000| Complete 
| 206|0x00000000ece00000, 0x00000000ecf00000, 0x00000000ecf00000|100%| E|CS|TAMS 0x00000000ece00000| PB 0x00000000ece00000| Complete 
| 207|0x00000000ecf00000, 0x00000000ed000000, 0x00000000ed000000|100%| E|CS|TAMS 0x00000000ecf00000| PB 0x00000000ecf00000| Complete 
| 208|0x00000000ed000000, 0x00000000ed100000, 0x00000000ed100000|100%| E|CS|TAMS 0x00000000ed000000| PB 0x00000000ed000000| Complete 
| 209|0x00000000ed100000, 0x00000000ed200000, 0x00000000ed200000|100%| E|CS|TAMS 0x00000000ed100000| PB 0x00000000ed100000| Complete 
| 210|0x00000000ed200000, 0x00000000ed300000, 0x00000000ed300000|100%| E|CS|TAMS 0x00000000ed200000| PB 0x00000000ed200000| Complete 
| 211|0x00000000ed300000, 0x00000000ed400000, 0x00000000ed400000|100%| E|CS|TAMS 0x00000000ed300000| PB 0x00000000ed300000| Complete 
| 212|0x00000000ed400000, 0x00000000ed500000, 0x00000000ed500000|100%| E|CS|TAMS 0x00000000ed400000| PB 0x00000000ed400000| Complete 
| 213|0x00000000ed500000, 0x00000000ed600000, 0x00000000ed600000|100%| E|CS|TAMS 0x00000000ed500000| PB 0x00000000ed500000| Complete 
| 214|0x00000000ed600000, 0x00000000ed700000, 0x00000000ed700000|100%| E|CS|TAMS 0x00000000ed600000| PB 0x00000000ed600000| Complete 
| 215|0x00000000ed700000, 0x00000000ed800000, 0x00000000ed800000|100%| E|CS|TAMS 0x00000000ed700000| PB 0x00000000ed700000| Complete 
| 216|0x00000000ed800000, 0x00000000ed900000, 0x00000000ed900000|100%| E|CS|TAMS 0x00000000ed800000| PB 0x00000000ed800000| Complete 
| 217|0x00000000ed900000, 0x00000000eda00000, 0x00000000eda00000|100%| E|CS|TAMS 0x00000000ed900000| PB 0x00000000ed900000| Complete 
| 218|0x00000000eda00000, 0x00000000edb00000, 0x00000000edb00000|100%| E|CS|TAMS 0x00000000eda00000| PB 0x00000000eda00000| Complete 
| 219|0x00000000edb00000, 0x00000000edc00000, 0x00000000edc00000|100%| E|CS|TAMS 0x00000000edb00000| PB 0x00000000edb00000| Complete 
| 220|0x00000000edc00000, 0x00000000edd00000, 0x00000000edd00000|100%| E|CS|TAMS 0x00000000edc00000| PB 0x00000000edc00000| Complete 
| 221|0x00000000edd00000, 0x00000000ede00000, 0x00000000ede00000|100%| E|CS|TAMS 0x00000000edd00000| PB 0x00000000edd00000| Complete 
| 222|0x00000000ede00000, 0x00000000edf00000, 0x00000000edf00000|100%| E|CS|TAMS 0x00000000ede00000| PB 0x00000000ede00000| Complete 
| 223|0x00000000edf00000, 0x00000000ee000000, 0x00000000ee000000|100%| E|CS|TAMS 0x00000000edf00000| PB 0x00000000edf00000| Complete 
| 224|0x00000000ee000000, 0x00000000ee100000, 0x00000000ee100000|100%| E|CS|TAMS 0x00000000ee000000| PB 0x00000000ee000000| Complete 
| 225|0x00000000ee100000, 0x00000000ee200000, 0x00000000ee200000|100%| E|CS|TAMS 0x00000000ee100000| PB 0x00000000ee100000| Complete 
| 226|0x00000000ee200000, 0x00000000ee300000, 0x00000000ee300000|100%| E|CS|TAMS 0x00000000ee200000| PB 0x00000000ee200000| Complete 
| 227|0x00000000ee300000, 0x00000000ee400000, 0x00000000ee400000|100%| E|CS|TAMS 0x00000000ee300000| PB 0x00000000ee300000| Complete 
| 228|0x00000000ee400000, 0x00000000ee500000, 0x00000000ee500000|100%| E|CS|TAMS 0x00000000ee400000| PB 0x00000000ee400000| Complete 
| 229|0x00000000ee500000, 0x00000000ee600000, 0x00000000ee600000|100%| E|CS|TAMS 0x00000000ee500000| PB 0x00000000ee500000| Complete 
| 230|0x00000000ee600000, 0x00000000ee700000, 0x00000000ee700000|100%| E|CS|TAMS 0x00000000ee600000| PB 0x00000000ee600000| Complete 
| 231|0x00000000ee700000, 0x00000000ee800000, 0x00000000ee800000|100%| E|CS|TAMS 0x00000000ee700000| PB 0x00000000ee700000| Complete 
| 232|0x00000000ee800000, 0x00000000ee900000, 0x00000000ee900000|100%| E|CS|TAMS 0x00000000ee800000| PB 0x00000000ee800000| Complete 
| 233|0x00000000ee900000, 0x00000000eea00000, 0x00000000eea00000|100%| E|CS|TAMS 0x00000000ee900000| PB 0x00000000ee900000| Complete 
| 234|0x00000000eea00000, 0x00000000eeb00000, 0x00000000eeb00000|100%| E|CS|TAMS 0x00000000eea00000| PB 0x00000000eea00000| Complete 
| 235|0x00000000eeb00000, 0x00000000eec00000, 0x00000000eec00000|100%| E|CS|TAMS 0x00000000eeb00000| PB 0x00000000eeb00000| Complete 
| 236|0x00000000eec00000, 0x00000000eed00000, 0x00000000eed00000|100%| E|CS|TAMS 0x00000000eec00000| PB 0x00000000eec00000| Complete 
| 237|0x00000000eed00000, 0x00000000eee00000, 0x00000000eee00000|100%| E|CS|TAMS 0x00000000eed00000| PB 0x00000000eed00000| Complete 
| 238|0x00000000eee00000, 0x00000000eef00000, 0x00000000eef00000|100%| E|CS|TAMS 0x00000000eee00000| PB 0x00000000eee00000| Complete 
| 239|0x00000000eef00000, 0x00000000ef000000, 0x00000000ef000000|100%| E|CS|TAMS 0x00000000eef00000| PB 0x00000000eef00000| Complete 
| 240|0x00000000ef000000, 0x00000000ef100000, 0x00000000ef100000|100%| E|CS|TAMS 0x00000000ef000000| PB 0x00000000ef000000| Complete 
| 241|0x00000000ef100000, 0x00000000ef200000, 0x00000000ef200000|100%| E|CS|TAMS 0x00000000ef100000| PB 0x00000000ef100000| Complete 
| 242|0x00000000ef200000, 0x00000000ef300000, 0x00000000ef300000|100%| E|CS|TAMS 0x00000000ef200000| PB 0x00000000ef200000| Complete 
| 243|0x00000000ef300000, 0x00000000ef400000, 0x00000000ef400000|100%| E|CS|TAMS 0x00000000ef300000| PB 0x00000000ef300000| Complete 
| 244|0x00000000ef400000, 0x00000000ef500000, 0x00000000ef500000|100%| E|CS|TAMS 0x00000000ef400000| PB 0x00000000ef400000| Complete 
| 245|0x00000000ef500000, 0x00000000ef600000, 0x00000000ef600000|100%| E|CS|TAMS 0x00000000ef500000| PB 0x00000000ef500000| Complete 
| 246|0x00000000ef600000, 0x00000000ef700000, 0x00000000ef700000|100%| E|CS|TAMS 0x00000000ef600000| PB 0x00000000ef600000| Complete 
| 247|0x00000000ef700000, 0x00000000ef800000, 0x00000000ef800000|100%| E|CS|TAMS 0x00000000ef700000| PB 0x00000000ef700000| Complete 
| 248|0x00000000ef800000, 0x00000000ef900000, 0x00000000ef900000|100%| E|CS|TAMS 0x00000000ef800000| PB 0x00000000ef800000| Complete 
| 249|0x00000000ef900000, 0x00000000efa00000, 0x00000000efa00000|100%| E|CS|TAMS 0x00000000ef900000| PB 0x00000000ef900000| Complete 
| 250|0x00000000efa00000, 0x00000000efb00000, 0x00000000efb00000|100%| E|CS|TAMS 0x00000000efa00000| PB 0x00000000efa00000| Complete 
| 251|0x00000000efb00000, 0x00000000efc00000, 0x00000000efc00000|100%| E|CS|TAMS 0x00000000efb00000| PB 0x00000000efb00000| Complete 
| 252|0x00000000efc00000, 0x00000000efd00000, 0x00000000efd00000|100%| E|CS|TAMS 0x00000000efc00000| PB 0x00000000efc00000| Complete 
| 253|0x00000000efd00000, 0x00000000efe00000, 0x00000000efe00000|100%| E|CS|TAMS 0x00000000efd00000| PB 0x00000000efd00000| Complete 
| 254|0x00000000efe00000, 0x00000000eff00000, 0x00000000eff00000|100%| E|CS|TAMS 0x00000000efe00000| PB 0x00000000efe00000| Complete 
| 255|0x00000000eff00000, 0x00000000f0000000, 0x00000000f0000000|100%| E|CS|TAMS 0x00000000eff00000| PB 0x00000000eff00000| Complete 
| 256|0x00000000f0000000, 0x00000000f0100000, 0x00000000f0100000|100%| E|CS|TAMS 0x00000000f0000000| PB 0x00000000f0000000| Complete 
| 257|0x00000000f0100000, 0x00000000f0200000, 0x00000000f0200000|100%| E|CS|TAMS 0x00000000f0100000| PB 0x00000000f0100000| Complete 
| 258|0x00000000f0200000, 0x00000000f0300000, 0x00000000f0300000|100%| E|CS|TAMS 0x00000000f0200000| PB 0x00000000f0200000| Complete 
| 510|0x00000000ffe00000, 0x00000000ffec1108, 0x00000000fff00000| 75%| O|  |TAMS 0x00000000ffe00000| PB 0x00000000ffe00000| Untracked 
| 511|0x00000000fff00000, 0x0000000100000000, 0x0000000100000000|100%| O|  |TAMS 0x00000000fff00000| PB 0x00000000fff00000| Untracked 

Card table byte_map: [0x000002b244b40000,0x000002b244c40000] _byte_map_base: 0x000002b244440000

Marking Bits: (CMBitMap*) 0x000002b231ffeb00
 Bits: [0x000002b244c40000, 0x000002b245440000)

Polling page: 0x000002b22fd10000

Metaspace:

Usage:
  Non-class:     73.59 MB used.
      Class:     12.23 MB used.
       Both:     85.82 MB used.

Virtual space:
  Non-class space:      128.00 MB reserved,      74.69 MB ( 58%) committed,  2 nodes.
      Class space:      320.00 MB reserved,      13.31 MB (  4%) committed,  1 nodes.
             Both:      448.00 MB reserved,      88.00 MB ( 20%) committed. 

Chunk freelists:
   Non-Class:  5.34 MB
       Class:  2.50 MB
        Both:  7.85 MB

MaxMetaspaceSize: 384.00 MB
CompressedClassSpaceSize: 320.00 MB
Initial GC threshold: 21.00 MB
Current GC threshold: 100.44 MB
CDS: on
 - commit_granule_bytes: 65536.
 - commit_granule_words: 8192.
 - virtual_space_node_default_size: 8388608.
 - enlarge_chunks_in_place: 1.
 - use_allocation_guard: 0.


Internal statistics:

num_allocs_failed_limit: 18.
num_arena_births: 4014.
num_arena_deaths: 0.
num_vsnodes_births: 3.
num_vsnodes_deaths: 0.
num_space_committed: 1408.
num_space_uncommitted: 0.
num_chunks_returned_to_freelist: 18.
num_chunks_taken_from_freelist: 8208.
num_chunk_merges: 15.
num_chunk_splits: 5293.
num_chunks_enlarged: 3228.
num_inconsistent_stats: 0.

CodeHeap 'non-profiled nmethods': size=119168Kb used=9916Kb max_used=9916Kb free=109251Kb
 bounds [0x000002b23cd60000, 0x000002b23d710000, 0x000002b2441c0000]
CodeHeap 'profiled nmethods': size=119104Kb used=26468Kb max_used=26468Kb free=92635Kb
 bounds [0x000002b2351c0000, 0x000002b236ba0000, 0x000002b23c610000]
CodeHeap 'non-nmethods': size=7488Kb used=2699Kb max_used=4440Kb free=4788Kb
 bounds [0x000002b23c610000, 0x000002b23ca70000, 0x000002b23cd60000]
CodeCache: size=245760Kb, used=39083Kb, max_used=40824Kb, free=206674Kb
 total_blobs=14433, nmethods=13472, adapters=865, full_count=0
Compilation: enabled, stopped_count=0, restarted_count=0

Compilation events (20 events):
Event: 74.413 Thread 0x000002b248402c50 14229       1       org.gradle.api.internal.artifacts.repositories.AbstractArtifactRepository::getName (5 bytes)
Event: 74.413 Thread 0x000002b248402c50 nmethod 14229 0x000002b23d70cc10 code [0x000002b23d70cda0, 0x000002b23d70ce68]
Event: 74.424 Thread 0x000002b248402c50 14230       3       sun.nio.ch.DatagramChannelImpl$DatagramPackets::getBufLength (29 bytes)
Event: 74.424 Thread 0x000002b248402c50 nmethod 14230 0x000002b236b90390 code [0x000002b236b905c0, 0x000002b236b90e80]
Event: 74.424 Thread 0x000002b248402c50 14231       3       java.lang.invoke.VarHandleGuards::guard_L_I (74 bytes)
Event: 74.425 Thread 0x000002b248402c50 nmethod 14231 0x000002b236b91110 code [0x000002b236b91460, 0x000002b236b92e68]
Event: 74.426 Thread 0x000002b248402c50 14232       3       java.lang.invoke.VarHandleInts$FieldInstanceReadOnly::get (27 bytes)
Event: 74.426 Thread 0x000002b248402c50 nmethod 14232 0x000002b236b93610 code [0x000002b236b93800, 0x000002b236b93d50]
Event: 74.426 Thread 0x000002b248402c50 14236       3       org.gradle.api.internal.artifacts.DependencyManagementBuildScopeServices$2$$Lambda/0x000002b24a7e71e8::test (8 bytes)
Event: 74.426 Thread 0x000002b248402c50 nmethod 14236 0x000002b236b93f90 code [0x000002b236b94160, 0x000002b236b94480]
Event: 74.426 Thread 0x000002b248402c50 14237       3       org.gradle.internal.resolve.caching.ComponentMetadataRuleExecutor::isMetadataRuleExecutorCache (12 bytes)
Event: 74.426 Thread 0x000002b248402c50 nmethod 14237 0x000002b236b94610 code [0x000002b236b947c0, 0x000002b236b94958]
Event: 74.426 Thread 0x000002b248402c50 14234       3       sun.nio.ch.NativeThread::current (15 bytes)
Event: 74.426 Thread 0x000002b248402c50 nmethod 14234 0x000002b236b94a90 code [0x000002b236b94c40, 0x000002b236b94f08]
Event: 74.426 Thread 0x000002b248402c50 14233       1       org.gradle.cache.internal.locklistener.DefaultFileLockContentionHandler::access$300 (5 bytes)
Event: 74.426 Thread 0x000002b248402c50 nmethod 14233 0x000002b23d70d210 code [0x000002b23d70d3a0, 0x000002b23d70d450]
Event: 74.426 Thread 0x000002b248402c50 14238       3       org.gradle.internal.logging.services.LoggingBackedStyledTextOutput::doStyleChange (52 bytes)
Event: 74.427 Thread 0x000002b248402c50 nmethod 14238 0x000002b236b95010 code [0x000002b236b95220, 0x000002b236b95950]
Event: 74.429 Thread 0x000002b266866600 14239       4       java.util.stream.ReferencePipeline$7$1::begin (13 bytes)
Event: 74.429 Thread 0x000002b266866600 nmethod 14239 0x000002b23d70d510 code [0x000002b23d70d6a0, 0x000002b23d70d758]

GC Heap History (20 events):
Event: 11.148 GC heap before
{Heap before GC invocations=5 (full 0):
 garbage-first heap   total 262144K, used 117967K [0x00000000e0000000, 0x0000000100000000)
  region size 1024K, 105 young (107520K), 13 survivors (13312K)
 Metaspace       used 34718K, committed 35968K, reserved 393216K
  class space    used 5141K, committed 5760K, reserved 327680K
}
Event: 11.154 GC heap after
{Heap after GC invocations=6 (full 0):
 garbage-first heap   total 262144K, used 32567K [0x00000000e0000000, 0x0000000100000000)
  region size 1024K, 14 young (14336K), 14 survivors (14336K)
 Metaspace       used 34718K, committed 35968K, reserved 393216K
  class space    used 5141K, committed 5760K, reserved 327680K
}
Event: 11.191 GC heap before
{Heap before GC invocations=6 (full 0):
 garbage-first heap   total 262144K, used 34615K [0x00000000e0000000, 0x0000000100000000)
  region size 1024K, 17 young (17408K), 14 survivors (14336K)
 Metaspace       used 35073K, committed 36288K, reserved 393216K
  class space    used 5203K, committed 5824K, reserved 327680K
}
Event: 11.196 GC heap after
{Heap after GC invocations=7 (full 0):
 garbage-first heap   total 262144K, used 32219K [0x00000000e0000000, 0x0000000100000000)
  region size 1024K, 8 young (8192K), 8 survivors (8192K)
 Metaspace       used 35073K, committed 36288K, reserved 393216K
  class space    used 5203K, committed 5824K, reserved 327680K
}
Event: 11.216 GC heap before
{Heap before GC invocations=7 (full 0):
 garbage-first heap   total 262144K, used 33243K [0x00000000e0000000, 0x0000000100000000)
  region size 1024K, 11 young (11264K), 8 survivors (8192K)
 Metaspace       used 35361K, committed 36608K, reserved 393216K
  class space    used 5214K, committed 5824K, reserved 327680K
}
Event: 11.220 GC heap after
{Heap after GC invocations=8 (full 0):
 garbage-first heap   total 262144K, used 32662K [0x00000000e0000000, 0x0000000100000000)
  region size 1024K, 8 young (8192K), 8 survivors (8192K)
 Metaspace       used 35361K, committed 36608K, reserved 393216K
  class space    used 5214K, committed 5824K, reserved 327680K
}
Event: 13.487 GC heap before
{Heap before GC invocations=9 (full 0):
 garbage-first heap   total 262144K, used 187286K [0x00000000e0000000, 0x0000000100000000)
  region size 1024K, 153 young (156672K), 8 survivors (8192K)
 Metaspace       used 48489K, committed 50112K, reserved 393216K
  class space    used 6998K, committed 7808K, reserved 327680K
}
Event: 13.495 GC heap after
{Heap after GC invocations=10 (full 0):
 garbage-first heap   total 262144K, used 44456K [0x00000000e0000000, 0x0000000100000000)
  region size 1024K, 20 young (20480K), 20 survivors (20480K)
 Metaspace       used 48489K, committed 50112K, reserved 393216K
  class space    used 6998K, committed 7808K, reserved 327680K
}
Event: 14.444 GC heap before
{Heap before GC invocations=10 (full 0):
 garbage-first heap   total 262144K, used 187816K [0x00000000e0000000, 0x0000000100000000)
  region size 1024K, 153 young (156672K), 20 survivors (20480K)
 Metaspace       used 50716K, committed 52352K, reserved 393216K
  class space    used 7256K, committed 8064K, reserved 327680K
}
Event: 14.454 GC heap after
{Heap after GC invocations=11 (full 0):
 garbage-first heap   total 262144K, used 62933K [0x00000000e0000000, 0x0000000100000000)
  region size 1024K, 13 young (13312K), 13 survivors (13312K)
 Metaspace       used 50716K, committed 52352K, reserved 393216K
  class space    used 7256K, committed 8064K, reserved 327680K
}
Event: 30.080 GC heap before
{Heap before GC invocations=11 (full 0):
 garbage-first heap   total 262144K, used 206293K [0x00000000e0000000, 0x0000000100000000)
  region size 1024K, 153 young (156672K), 13 survivors (13312K)
 Metaspace       used 56511K, committed 58304K, reserved 393216K
  class space    used 8152K, committed 9024K, reserved 327680K
}
Event: 30.085 GC heap after
{Heap after GC invocations=12 (full 0):
 garbage-first heap   total 262144K, used 70643K [0x00000000e0000000, 0x0000000100000000)
  region size 1024K, 9 young (9216K), 9 survivors (9216K)
 Metaspace       used 56511K, committed 58304K, reserved 393216K
  class space    used 8152K, committed 9024K, reserved 327680K
}
Event: 30.821 GC heap before
{Heap before GC invocations=12 (full 0):
 garbage-first heap   total 262144K, used 188403K [0x00000000e0000000, 0x0000000100000000)
  region size 1024K, 123 young (125952K), 9 survivors (9216K)
 Metaspace       used 59406K, committed 61248K, reserved 393216K
  class space    used 8512K, committed 9408K, reserved 327680K
}
Event: 30.825 GC heap after
{Heap after GC invocations=13 (full 0):
 garbage-first heap   total 262144K, used 81169K [0x00000000e0000000, 0x0000000100000000)
  region size 1024K, 17 young (17408K), 17 survivors (17408K)
 Metaspace       used 59406K, committed 61248K, reserved 393216K
  class space    used 8512K, committed 9408K, reserved 327680K
}
Event: 32.920 GC heap before
{Heap before GC invocations=14 (full 0):
 garbage-first heap   total 262144K, used 227601K [0x00000000e0000000, 0x0000000100000000)
  region size 1024K, 153 young (156672K), 17 survivors (17408K)
 Metaspace       used 71056K, committed 73088K, reserved 393216K
  class space    used 10079K, committed 11072K, reserved 327680K
}
Event: 32.932 GC heap after
{Heap after GC invocations=15 (full 0):
 garbage-first heap   total 262144K, used 88432K [0x00000000e0000000, 0x0000000100000000)
  region size 1024K, 19 young (19456K), 19 survivors (19456K)
 Metaspace       used 71056K, committed 73088K, reserved 393216K
  class space    used 10079K, committed 11072K, reserved 327680K
}
Event: 34.963 GC heap before
{Heap before GC invocations=15 (full 0):
 garbage-first heap   total 262144K, used 236912K [0x00000000e0000000, 0x0000000100000000)
  region size 1024K, 153 young (156672K), 19 survivors (19456K)
 Metaspace       used 75021K, committed 77056K, reserved 393216K
  class space    used 10709K, committed 11712K, reserved 327680K
}
Event: 34.970 GC heap after
{Heap after GC invocations=16 (full 0):
 garbage-first heap   total 267264K, used 108681K [0x00000000e0000000, 0x0000000100000000)
  region size 1024K, 10 young (10240K), 10 survivors (10240K)
 Metaspace       used 75021K, committed 77056K, reserved 393216K
  class space    used 10709K, committed 11712K, reserved 327680K
}
Event: 37.618 GC heap before
{Heap before GC invocations=16 (full 0):
 garbage-first heap   total 267264K, used 235657K [0x00000000e0000000, 0x0000000100000000)
  region size 1024K, 134 young (137216K), 10 survivors (10240K)
 Metaspace       used 85810K, committed 88000K, reserved 458752K
  class space    used 12228K, committed 13312K, reserved 327680K
}
Event: 37.626 GC heap after
{Heap after GC invocations=17 (full 0):
 garbage-first heap   total 267264K, used 113668K [0x00000000e0000000, 0x0000000100000000)
  region size 1024K, 15 young (15360K), 15 survivors (15360K)
 Metaspace       used 85810K, committed 88000K, reserved 458752K
  class space    used 12228K, committed 13312K, reserved 327680K
}

Dll operation events (14 events):
Event: 0.010 Loaded shared library C:\Users\Windows 11\.vscode\extensions\redhat.java-1.54.0-win32-x64\jre\21.0.10-win32-x86_64\bin\java.dll
Event: 0.038 Loaded shared library C:\Users\Windows 11\.vscode\extensions\redhat.java-1.54.0-win32-x64\jre\21.0.10-win32-x86_64\bin\zip.dll
Event: 0.081 Loaded shared library C:\Users\Windows 11\.vscode\extensions\redhat.java-1.54.0-win32-x64\jre\21.0.10-win32-x86_64\bin\instrument.dll
Event: 0.085 Loaded shared library C:\Users\Windows 11\.vscode\extensions\redhat.java-1.54.0-win32-x64\jre\21.0.10-win32-x86_64\bin\net.dll
Event: 0.087 Loaded shared library C:\Users\Windows 11\.vscode\extensions\redhat.java-1.54.0-win32-x64\jre\21.0.10-win32-x86_64\bin\nio.dll
Event: 0.089 Loaded shared library C:\Users\Windows 11\.vscode\extensions\redhat.java-1.54.0-win32-x64\jre\21.0.10-win32-x86_64\bin\zip.dll
Event: 0.316 Loaded shared library C:\Users\Windows 11\.vscode\extensions\redhat.java-1.54.0-win32-x64\jre\21.0.10-win32-x86_64\bin\jimage.dll
Event: 0.464 Loaded shared library C:\Users\Windows 11\.vscode\extensions\redhat.java-1.54.0-win32-x64\jre\21.0.10-win32-x86_64\bin\verify.dll
Event: 0.603 Loaded shared library C:\Users\Windows 11\.gradle\native\c067742578af261105cb4f569cf0c3c89f3d7b1fecec35dd04571415982c5e48\windows-amd64\native-platform.dll
Event: 0.609 Loaded shared library C:\Users\Windows 11\.gradle\native\100fb08df4bc3b14c8652ba06237920a3bd2aa13389f12d3474272988ae205f9\windows-amd64\native-platform-file-events.dll
Event: 1.671 Loaded shared library C:\Users\Windows 11\.vscode\extensions\redhat.java-1.54.0-win32-x64\jre\21.0.10-win32-x86_64\bin\management.dll
Event: 1.673 Loaded shared library C:\Users\Windows 11\.vscode\extensions\redhat.java-1.54.0-win32-x64\jre\21.0.10-win32-x86_64\bin\management_ext.dll
Event: 1.869 Loaded shared library C:\Users\Windows 11\.vscode\extensions\redhat.java-1.54.0-win32-x64\jre\21.0.10-win32-x86_64\bin\extnet.dll
Event: 2.022 Loaded shared library C:\Users\Windows 11\.vscode\extensions\redhat.java-1.54.0-win32-x64\jre\21.0.10-win32-x86_64\bin\sunmscapi.dll

Deoptimization events (20 events):
Event: 39.086 Thread 0x000002b2637b10c0 Uncommon trap: trap_request=0xffffffde fr.pc=0x000002b23d509980 relative=0x00000000000064e0
Event: 39.086 Thread 0x000002b2637b10c0 Uncommon trap: reason=class_check action=maybe_recompile pc=0x000002b23d509980 method=java.io.ObjectOutputStream.writeObject0(Ljava/lang/Object;Z)V @ 482 c2
Event: 39.086 Thread 0x000002b2637b10c0 DEOPT PACKING pc=0x000002b23d509980 sp=0x000000c9c89fa890
Event: 39.086 Thread 0x000002b2637b10c0 DEOPT UNPACKING pc=0x000002b23c664422 sp=0x000000c9c89fa8d8 mode 2
Event: 39.086 Thread 0x000002b2637b10c0 Uncommon trap: trap_request=0xffffffde fr.pc=0x000002b23d509980 relative=0x00000000000064e0
Event: 39.086 Thread 0x000002b2637b10c0 Uncommon trap: reason=class_check action=maybe_recompile pc=0x000002b23d509980 method=java.io.ObjectOutputStream.writeObject0(Ljava/lang/Object;Z)V @ 482 c2
Event: 39.086 Thread 0x000002b2637b10c0 DEOPT PACKING pc=0x000002b23d509980 sp=0x000000c9c89fa890
Event: 39.086 Thread 0x000002b2637b10c0 DEOPT UNPACKING pc=0x000002b23c664422 sp=0x000000c9c89fa8d8 mode 2
Event: 39.086 Thread 0x000002b2637b10c0 Uncommon trap: trap_request=0xffffffde fr.pc=0x000002b23d509980 relative=0x00000000000064e0
Event: 39.086 Thread 0x000002b2637b10c0 Uncommon trap: reason=class_check action=maybe_recompile pc=0x000002b23d509980 method=java.io.ObjectOutputStream.writeObject0(Ljava/lang/Object;Z)V @ 482 c2
Event: 39.086 Thread 0x000002b2637b10c0 DEOPT PACKING pc=0x000002b23d509980 sp=0x000000c9c89fa890
Event: 39.086 Thread 0x000002b2637b10c0 DEOPT UNPACKING pc=0x000002b23c664422 sp=0x000000c9c89fa8d8 mode 2
Event: 39.110 Thread 0x000002b2637b10c0 DEOPT PACKING pc=0x000002b235ef36d4 sp=0x000000c9c89fdeb0
Event: 39.110 Thread 0x000002b2637b10c0 DEOPT UNPACKING pc=0x000002b23c664bc2 sp=0x000000c9c89fd3a0 mode 0
Event: 72.727 Thread 0x000002b26389e850 Uncommon trap: trap_request=0xffffff45 fr.pc=0x000002b23d584e2c relative=0x00000000000005ac
Event: 72.727 Thread 0x000002b26389e850 Uncommon trap: reason=unstable_if action=reinterpret pc=0x000002b23d584e2c method=java.lang.ThreadLocal$ThreadLocalMap.set(Ljava/lang/ThreadLocal;Ljava/lang/Object;)V @ 53 c2
Event: 72.727 Thread 0x000002b26389e850 DEOPT PACKING pc=0x000002b23d584e2c sp=0x000000c9c86ff090
Event: 72.727 Thread 0x000002b26389e850 DEOPT UNPACKING pc=0x000002b23c664422 sp=0x000000c9c86fef68 mode 2
Event: 72.787 Thread 0x000002b2637b10c0 DEOPT PACKING pc=0x000002b235a50a61 sp=0x000000c9c89fa780
Event: 72.787 Thread 0x000002b2637b10c0 DEOPT UNPACKING pc=0x000002b23c664bc2 sp=0x000000c9c89f9c70 mode 0

Classes loaded (20 events):
Event: 38.787 Loading class java/util/AbstractMapCustomizer
Event: 38.787 Loading class java/util/AbstractMapCustomizer done
Event: 38.788 Loading class java/util/HashMapCustomizer
Event: 38.788 Loading class java/util/HashMapCustomizer done
Event: 38.789 Loading class java/util/HashMapCustomizer
Event: 38.789 Loading class java/util/HashMapCustomizer done
Event: 38.790 Loading class java/util/LinkedHashMapCustomizer
Event: 38.790 Loading class java/util/LinkedHashMapCustomizer done
Event: 38.790 Loading class java/util/LinkedHashMapCustomizer
Event: 38.790 Loading class java/util/LinkedHashMapCustomizer done
Event: 38.886 Loading class java/lang/StringBeanInfo
Event: 38.886 Loading class java/lang/StringBeanInfo done
Event: 38.886 Loading class java/lang/StringBeanInfo
Event: 38.886 Loading class java/lang/StringBeanInfo done
Event: 38.886 Loading class java/lang/StringCustomizer
Event: 38.886 Loading class java/lang/StringCustomizer done
Event: 38.887 Loading class java/lang/StringCustomizer
Event: 38.887 Loading class java/lang/StringCustomizer done
Event: 39.087 Loading class java/util/HashMap$UnsafeHolder
Event: 39.087 Loading class java/util/HashMap$UnsafeHolder done

Classes unloaded (0 events):
No events

Classes redefined (0 events):
No events

Internal exceptions (20 events):
Event: 72.863 Thread 0x000002b2637b10c0 Exception <a 'sun/nio/fs/WindowsException'{0x00000000eb073aa0}> (0x00000000eb073aa0) 
thrown [s\src\hotspot\share\prims\jni.cpp, line 520]
Event: 72.863 Thread 0x000002b2637b10c0 Exception <a 'sun/nio/fs/WindowsException'{0x00000000eb074f90}> (0x00000000eb074f90) 
thrown [s\src\hotspot\share\prims\jni.cpp, line 520]
Event: 72.864 Thread 0x000002b2637b10c0 Exception <a 'sun/nio/fs/WindowsException'{0x00000000eb076470}> (0x00000000eb076470) 
thrown [s\src\hotspot\share\prims\jni.cpp, line 520]
Event: 72.864 Thread 0x000002b2637b10c0 Exception <a 'sun/nio/fs/WindowsException'{0x00000000eb077528}> (0x00000000eb077528) 
thrown [s\src\hotspot\share\prims\jni.cpp, line 520]
Event: 72.919 Thread 0x000002b2637b10c0 Exception <a 'java/lang/ClassNotFoundException'{0x00000000eafb5928}: settings_3j913wkhgk52wjj4exy1nn5qbBeanInfo> (0x00000000eafb5928) 
thrown [s\src\hotspot\share\classfile\systemDictionary.cpp, line 312]
Event: 72.920 Thread 0x000002b2637b10c0 Exception <a 'java/lang/ClassNotFoundException'{0x00000000eafbb5e0}: settings_3j913wkhgk52wjj4exy1nn5qbCustomizer> (0x00000000eafbb5e0) 
thrown [s\src\hotspot\share\classfile\systemDictionary.cpp, line 312]
Event: 72.948 Thread 0x000002b2637b10c0 Exception <a 'java/lang/ClassNotFoundException'{0x00000000eaeb1bc8}: build_78dw5zitfih7pi63hzk9xaxefBeanInfo> (0x00000000eaeb1bc8) 
thrown [s\src\hotspot\share\classfile\systemDictionary.cpp, line 312]
Event: 72.949 Thread 0x000002b2637b10c0 Exception <a 'java/lang/ClassNotFoundException'{0x00000000eaeb85c8}: build_78dw5zitfih7pi63hzk9xaxefCustomizer> (0x00000000eaeb85c8) 
thrown [s\src\hotspot\share\classfile\systemDictionary.cpp, line 312]
Event: 72.970 Thread 0x000002b2637b10c0 Exception <a 'java/lang/ClassNotFoundException'{0x00000000eadd5fe0}: build_78dw5zitfih7pi63hzk9xaxefBeanInfo> (0x00000000eadd5fe0) 
thrown [s\src\hotspot\share\classfile\systemDictionary.cpp, line 312]
Event: 72.971 Thread 0x000002b2637b10c0 Exception <a 'java/lang/ClassNotFoundException'{0x00000000eaddc970}: build_78dw5zitfih7pi63hzk9xaxefCustomizer> (0x00000000eaddc970) 
thrown [s\src\hotspot\share\classfile\systemDictionary.cpp, line 312]
Event: 74.247 Thread 0x000002b2637b10c0 Exception <a 'sun/nio/fs/WindowsException'{0x00000000ea4fcb28}> (0x00000000ea4fcb28) 
thrown [s\src\hotspot\share\prims\jni.cpp, line 520]
Event: 74.247 Thread 0x000002b2637b10c0 Exception <a 'sun/nio/fs/WindowsException'{0x00000000ea4fe018}> (0x00000000ea4fe018) 
thrown [s\src\hotspot\share\prims\jni.cpp, line 520]
Event: 74.248 Thread 0x000002b2637b10c0 Exception <a 'sun/nio/fs/WindowsException'{0x00000000ea4ff4f8}> (0x00000000ea4ff4f8) 
thrown [s\src\hotspot\share\prims\jni.cpp, line 520]
Event: 74.248 Thread 0x000002b2637b10c0 Exception <a 'sun/nio/fs/WindowsException'{0x00000000ea3354e8}> (0x00000000ea3354e8) 
thrown [s\src\hotspot\share\prims\jni.cpp, line 520]
Event: 74.331 Thread 0x000002b2637b10c0 Exception <a 'java/lang/ClassNotFoundException'{0x00000000ea204ff8}: settings_c1ly84egh205sjg5nq1r1rnshBeanInfo> (0x00000000ea204ff8) 
thrown [s\src\hotspot\share\classfile\systemDictionary.cpp, line 312]
Event: 74.332 Thread 0x000002b2637b10c0 Exception <a 'java/lang/ClassNotFoundException'{0x00000000ea20acb0}: settings_c1ly84egh205sjg5nq1r1rnshCustomizer> (0x00000000ea20acb0) 
thrown [s\src\hotspot\share\classfile\systemDictionary.cpp, line 312]
Event: 74.364 Thread 0x000002b2637b10c0 Exception <a 'java/lang/ClassNotFoundException'{0x00000000ea13b6b8}: build_er0eyikt06d7svupltdxm5uaxBeanInfo> (0x00000000ea13b6b8) 
thrown [s\src\hotspot\share\classfile\systemDictionary.cpp, line 312]
Event: 74.364 Thread 0x000002b2637b10c0 Exception <a 'java/lang/ClassNotFoundException'{0x00000000ea1420b8}: build_er0eyikt06d7svupltdxm5uaxCustomizer> (0x00000000ea1420b8) 
thrown [s\src\hotspot\share\classfile\systemDictionary.cpp, line 312]
Event: 74.388 Thread 0x000002b2637b10c0 Exception <a 'java/lang/ClassNotFoundException'{0x00000000ea041590}: build_er0eyikt06d7svupltdxm5uaxBeanInfo> (0x00000000ea041590) 
thrown [s\src\hotspot\share\classfile\systemDictionary.cpp, line 312]
Event: 74.388 Thread 0x000002b2637b10c0 Exception <a 'java/lang/ClassNotFoundException'{0x00000000ea047f20}: build_er0eyikt06d7svupltdxm5uaxCustomizer> (0x00000000ea047f20) 
thrown [s\src\hotspot\share\classfile\systemDictionary.cpp, line 312]

ZGC Phase Switch (0 events):
No events

VM Operations (20 events):
Event: 38.841 Executing non-safepoint VM operation: HandshakeAllThreads (Deoptimize) done
Event: 39.039 Executing non-safepoint VM operation: HandshakeAllThreads (Deoptimize)
Event: 39.039 Executing non-safepoint VM operation: HandshakeAllThreads (Deoptimize) done
Event: 39.083 Executing safepoint VM operation: ICBufferFull
Event: 39.083 Executing safepoint VM operation: ICBufferFull done
Event: 40.090 Executing safepoint VM operation: Cleanup
Event: 40.090 Executing safepoint VM operation: Cleanup done
Event: 53.149 Executing safepoint VM operation: Cleanup
Event: 53.149 Executing safepoint VM operation: Cleanup done
Event: 60.241 Executing non-safepoint VM operation: HandshakeAllThreads (HandshakeForDeflation)
Event: 60.241 Executing non-safepoint VM operation: HandshakeAllThreads (HandshakeForDeflation) done
Event: 60.241 Executing non-safepoint VM operation: RendezvousGCThreads
Event: 60.241 Executing non-safepoint VM operation: RendezvousGCThreads done
Event: 66.284 Executing safepoint VM operation: Cleanup
Event: 66.284 Executing safepoint VM operation: Cleanup done
Event: 72.334 Executing safepoint VM operation: Cleanup
Event: 72.335 Executing safepoint VM operation: Cleanup done
Event: 73.338 Executing safepoint VM operation: Cleanup
Event: 74.232 Executing safepoint VM operation: Cleanup done
Event: 75.239 Executing safepoint VM operation: Cleanup

Memory protections (0 events):
No events

Nmethod flushes (20 events):
Event: 30.860 Thread 0x000002b2483d4370 flushing  nmethod 0x000002b2353bf890
Event: 30.860 Thread 0x000002b2483d4370 flushing  nmethod 0x000002b2353bfd10
Event: 30.860 Thread 0x000002b2483d4370 flushing  nmethod 0x000002b2353df490
Event: 30.860 Thread 0x000002b2483d4370 flushing  nmethod 0x000002b235465110
Event: 30.860 Thread 0x000002b2483d4370 flushing  nmethod 0x000002b2356cae90
Event: 30.860 Thread 0x000002b2483d4370 flushing  nmethod 0x000002b2351d2c90
Event: 30.860 Thread 0x000002b2483d4370 flushing  nmethod 0x000002b235240890
Event: 30.860 Thread 0x000002b2483d4370 flushing  nmethod 0x000002b235240d10
Event: 30.860 Thread 0x000002b2483d4370 flushing  nmethod 0x000002b235241190
Event: 30.860 Thread 0x000002b2483d4370 flushing  nmethod 0x000002b235242090
Event: 30.860 Thread 0x000002b2483d4370 flushing  nmethod 0x000002b23528b510
Event: 30.860 Thread 0x000002b2483d4370 flushing  nmethod 0x000002b235292410
Event: 30.860 Thread 0x000002b2483d4370 flushing  nmethod 0x000002b2352d9c10
Event: 30.860 Thread 0x000002b2483d4370 flushing  nmethod 0x000002b2354fe110
Event: 30.860 Thread 0x000002b2483d4370 flushing  nmethod 0x000002b235537e90
Event: 30.860 Thread 0x000002b2483d4370 flushing  nmethod 0x000002b23553fd90
Event: 30.860 Thread 0x000002b2483d4370 flushing osr nmethod 0x000002b2356a2c10
Event: 30.860 Thread 0x000002b2483d4370 flushing  nmethod 0x000002b23580de90
Event: 30.860 Thread 0x000002b2483d4370 flushing  nmethod 0x000002b235879b90
Event: 30.860 Thread 0x000002b2483d4370 flushing  nmethod 0x000002b2358c9a10

Events (20 events):
Event: 73.024 Thread 0x000002b2682f51a0 Thread exited: 0x000002b2682f51a0
Event: 73.044 Thread 0x000002b2682f30d0 Thread exited: 0x000002b2682f30d0
Event: 73.044 Thread 0x000002b2682f23b0 Thread exited: 0x000002b2682f23b0
Event: 73.044 Thread 0x000002b2682f2a40 Thread exited: 0x000002b2682f2a40
Event: 73.067 Thread 0x000002b2682f4b10 Thread exited: 0x000002b2682f4b10
Event: 73.068 Thread 0x000002b2682f1d20 Thread exited: 0x000002b2682f1d20
Event: 73.127 Thread 0x000002b26389e850 Thread added: 0x000002b2682f3760
Event: 73.133 Thread 0x000002b26389e850 Thread added: 0x000002b2682f4b10
Event: 73.141 Thread 0x000002b2637b10c0 Thread added: 0x000002b2682f1690
Event: 73.142 Thread 0x000002b2637b10c0 Thread added: 0x000002b2682f1d20
Event: 73.142 Thread 0x000002b2637b10c0 Thread added: 0x000002b2682f3df0
Event: 73.151 Thread 0x000002b2637b10c0 Thread added: 0x000002b2682f51a0
Event: 73.171 Thread 0x000002b2637b10c0 Thread added: 0x000002b2682f23b0
Event: 73.210 Thread 0x000002b2637b10c0 Thread added: 0x000002b2682f5ec0
Event: 74.231 Thread 0x000002b2637b10c0 Thread added: 0x000002b2682f2a40
Event: 74.236 Thread 0x000002b2637b10c0 Thread added: 0x000002b2682f6550
Event: 74.236 Thread 0x000002b248402c50 Thread added: 0x000002b266866600
Event: 74.236 Thread 0x000002b248402c50 Thread added: 0x000002b266864ac0
Event: 74.293 Thread 0x000002b2637b10c0 Thread added: 0x000002b2682f30d0
Event: 74.310 Thread 0x000002b2637b10c0 Thread added: 0x000002b2682f7270


Dynamic libraries:
0x00007ff61eb00000 - 0x00007ff61eb0e000 	C:\Users\Windows 11\.vscode\extensions\redhat.java-1.54.0-win32-x64\jre\21.0.10-win32-x86_64\bin\java.exe
0x00007ffa9afc0000 - 0x00007ffa9b226000 	C:\WINDOWS\SYSTEM32\ntdll.dll
0x00007ffa99d20000 - 0x00007ffa99de9000 	C:\WINDOWS\System32\KERNEL32.DLL
0x00007ffa98330000 - 0x00007ffa9872a000 	C:\WINDOWS\System32\KERNELBASE.dll
0x00007ffa93fd0000 - 0x00007ffa94070000 	C:\WINDOWS\SYSTEM32\apphelp.dll
0x00007ffa989b0000 - 0x00007ffa98afc000 	C:\WINDOWS\System32\ucrtbase.dll
0x00007ffa658b0000 - 0x00007ffa658c8000 	C:\Users\Windows 11\.vscode\extensions\redhat.java-1.54.0-win32-x64\jre\21.0.10-win32-x86_64\bin\jli.dll
0x00007ffa666f0000 - 0x00007ffa6670e000 	C:\Users\Windows 11\.vscode\extensions\redhat.java-1.54.0-win32-x64\jre\21.0.10-win32-x86_64\bin\VCRUNTIME140.dll
0x00007ffa99170000 - 0x00007ffa99337000 	C:\WINDOWS\System32\USER32.dll
0x00007ffa98250000 - 0x00007ffa98277000 	C:\WINDOWS\System32\win32u.dll
0x00007ffa7c9e0000 - 0x00007ffa7cc72000 	C:\WINDOWS\WinSxS\amd64_microsoft.windows.common-controls_6595b64144ccf1df_6.0.26100.8521_none_3e08b75ce33403b3\COMCTL32.dll
0x00007ffa9ac40000 - 0x00007ffa9ac6b000 	C:\WINDOWS\System32\GDI32.dll
0x00007ffa9aa20000 - 0x00007ffa9aac9000 	C:\WINDOWS\System32\msvcrt.dll
0x00007ffa98730000 - 0x00007ffa9885b000 	C:\WINDOWS\System32\gdi32full.dll
0x00007ffa98b00000 - 0x00007ffa98ba3000 	C:\WINDOWS\System32\msvcp_win.dll
0x00007ffa99ce0000 - 0x00007ffa99d12000 	C:\WINDOWS\System32\IMM32.DLL
0x00007ffa80360000 - 0x00007ffa8036c000 	C:\Users\Windows 11\.vscode\extensions\redhat.java-1.54.0-win32-x64\jre\21.0.10-win32-x86_64\bin\vcruntime140_1.dll
0x00007ffa440c0000 - 0x00007ffa4414d000 	C:\Users\Windows 11\.vscode\extensions\redhat.java-1.54.0-win32-x64\jre\21.0.10-win32-x86_64\bin\msvcp140.dll
0x00007ff9a9660000 - 0x00007ff9aa401000 	C:\Users\Windows 11\.vscode\extensions\redhat.java-1.54.0-win32-x64\jre\21.0.10-win32-x86_64\bin\server\jvm.dll
0x00007ffa990a0000 - 0x00007ffa99156000 	C:\WINDOWS\System32\ADVAPI32.dll
0x00007ffa9a5e0000 - 0x00007ffa9a68a000 	C:\WINDOWS\System32\sechost.dll
0x00007ffa9aad0000 - 0x00007ffa9abe8000 	C:\WINDOWS\System32\RPCRT4.dll
0x00007ffa996a0000 - 0x00007ffa99720000 	C:\WINDOWS\System32\WS2_32.dll
0x00007ffa96e50000 - 0x00007ffa96eae000 	C:\WINDOWS\SYSTEM32\POWRPROF.dll
0x00007ffa95680000 - 0x00007ffa9568b000 	C:\WINDOWS\SYSTEM32\VERSION.dll
0x00007ffa8cef0000 - 0x00007ffa8cf26000 	C:\WINDOWS\SYSTEM32\WINMM.dll
0x00007ffa96e30000 - 0x00007ffa96e44000 	C:\WINDOWS\SYSTEM32\UMPDC.dll
0x00007ffa97100000 - 0x00007ffa9711b000 	C:\WINDOWS\SYSTEM32\kernel.appcore.dll
0x00007ffa7e510000 - 0x00007ffa7e51a000 	C:\Users\Windows 11\.vscode\extensions\redhat.java-1.54.0-win32-x64\jre\21.0.10-win32-x86_64\bin\jimage.dll
0x00007ffa94f00000 - 0x00007ffa95142000 	C:\WINDOWS\SYSTEM32\DBGHELP.DLL
0x00007ffa9a690000 - 0x00007ffa9aa13000 	C:\WINDOWS\System32\combase.dll
0x00007ffa99750000 - 0x00007ffa99829000 	C:\WINDOWS\System32\OLEAUT32.dll
0x00007ffa7aad0000 - 0x00007ffa7ab0b000 	C:\WINDOWS\SYSTEM32\dbgcore.DLL
0x00007ffa98280000 - 0x00007ffa98328000 	C:\WINDOWS\System32\bcryptPrimitives.dll
0x00007ffa71fa0000 - 0x00007ffa71faf000 	C:\Users\Windows 11\.vscode\extensions\redhat.java-1.54.0-win32-x64\jre\21.0.10-win32-x86_64\bin\instrument.dll
0x00007ffa594f0000 - 0x00007ffa59510000 	C:\Users\Windows 11\.vscode\extensions\redhat.java-1.54.0-win32-x64\jre\21.0.10-win32-x86_64\bin\java.dll
0x00007ffa99df0000 - 0x00007ffa9a574000 	C:\WINDOWS\System32\SHELL32.dll
0x00007ffa95e20000 - 0x00007ffa966a0000 	C:\WINDOWS\SYSTEM32\windows.storage.dll
0x00007ffa9ae80000 - 0x00007ffa9af76000 	C:\WINDOWS\System32\SHCORE.dll
0x00007ffa98d30000 - 0x00007ffa98d97000 	C:\WINDOWS\System32\shlwapi.dll
0x00007ffa98170000 - 0x00007ffa98199000 	C:\WINDOWS\SYSTEM32\profapi.dll
0x00007ffa59460000 - 0x00007ffa59478000 	C:\Users\Windows 11\.vscode\extensions\redhat.java-1.54.0-win32-x64\jre\21.0.10-win32-x86_64\bin\zip.dll
0x00007ffa7e3b0000 - 0x00007ffa7e3c0000 	C:\Users\Windows 11\.vscode\extensions\redhat.java-1.54.0-win32-x64\jre\21.0.10-win32-x86_64\bin\net.dll
0x00007ffa8fd00000 - 0x00007ffa8fe29000 	C:\WINDOWS\SYSTEM32\WINHTTP.dll
0x00007ffa97670000 - 0x00007ffa976dc000 	C:\WINDOWS\system32\mswsock.dll
0x00007ffa592c0000 - 0x00007ffa592d6000 	C:\Users\Windows 11\.vscode\extensions\redhat.java-1.54.0-win32-x64\jre\21.0.10-win32-x86_64\bin\nio.dll
0x00007ffa71f70000 - 0x00007ffa71f80000 	C:\Users\Windows 11\.vscode\extensions\redhat.java-1.54.0-win32-x64\jre\21.0.10-win32-x86_64\bin\verify.dll
0x00007ffa90260000 - 0x00007ffa90287000 	C:\Users\Windows 11\.gradle\native\c067742578af261105cb4f569cf0c3c89f3d7b1fecec35dd04571415982c5e48\windows-amd64\native-platform.dll
0x00007ffa1c460000 - 0x00007ffa1c5a4000 	C:\Users\Windows 11\.gradle\native\100fb08df4bc3b14c8652ba06237920a3bd2aa13389f12d3474272988ae205f9\windows-amd64\native-platform-file-events.dll
0x00007ffa71f20000 - 0x00007ffa71f2a000 	C:\Users\Windows 11\.vscode\extensions\redhat.java-1.54.0-win32-x64\jre\21.0.10-win32-x86_64\bin\management.dll
0x00007ffa699d0000 - 0x00007ffa699dc000 	C:\Users\Windows 11\.vscode\extensions\redhat.java-1.54.0-win32-x64\jre\21.0.10-win32-x86_64\bin\management_ext.dll
0x00007ffa99160000 - 0x00007ffa99168000 	C:\WINDOWS\System32\PSAPI.DLL
0x00007ffa97950000 - 0x00007ffa9796b000 	C:\WINDOWS\SYSTEM32\CRYPTSP.dll
0x00007ffa97060000 - 0x00007ffa97099000 	C:\WINDOWS\system32\rsaenh.dll
0x00007ffa97720000 - 0x00007ffa97753000 	C:\WINDOWS\SYSTEM32\USERENV.dll
0x00007ffa98140000 - 0x00007ffa9816a000 	C:\WINDOWS\SYSTEM32\bcrypt.dll
0x00007ffa97970000 - 0x00007ffa9797c000 	C:\WINDOWS\SYSTEM32\CRYPTBASE.dll
0x00007ffa96b10000 - 0x00007ffa96b43000 	C:\WINDOWS\SYSTEM32\IPHLPAPI.DLL
0x00007ffa99cd0000 - 0x00007ffa99cda000 	C:\WINDOWS\System32\NSI.dll
0x00007ffa7e0f0000 - 0x00007ffa7e0f9000 	C:\Users\Windows 11\.vscode\extensions\redhat.java-1.54.0-win32-x64\jre\21.0.10-win32-x86_64\bin\extnet.dll
0x00007ffa7e360000 - 0x00007ffa7e36e000 	C:\Users\Windows 11\.vscode\extensions\redhat.java-1.54.0-win32-x64\jre\21.0.10-win32-x86_64\bin\sunmscapi.dll
0x00007ffa98bb0000 - 0x00007ffa98d28000 	C:\WINDOWS\System32\CRYPT32.dll
0x00007ffa97b70000 - 0x00007ffa97ba0000 	C:\WINDOWS\SYSTEM32\ncrypt.dll
0x00007ffa97b20000 - 0x00007ffa97b5f000 	C:\WINDOWS\SYSTEM32\NTASN1.dll
0x00007ffa80490000 - 0x00007ffa80498000 	C:\WINDOWS\system32\wshunix.dll
0x00007ffa43a90000 - 0x00007ffa43aa8000 	C:\WINDOWS\system32\napinsp.dll
0x00007ffa96be0000 - 0x00007ffa96d2a000 	C:\WINDOWS\SYSTEM32\DNSAPI.dll
0x00007ffa97470000 - 0x00007ffa9747d000 	C:\WINDOWS\SYSTEM32\DSPARSE.dll
0x00007ffa436c0000 - 0x00007ffa436d3000 	C:\WINDOWS\System32\winrnr.dll
0x00007ffa43690000 - 0x00007ffa436b2000 	C:\WINDOWS\system32\nlansp_c.dll
0x00007ffa8f890000 - 0x00007ffa8f8a6000 	C:\WINDOWS\system32\wshbth.dll
0x00007ffa8f880000 - 0x00007ffa8f88b000 	C:\Windows\System32\rasadhlp.dll
0x00007ffa91f40000 - 0x00007ffa91fc6000 	C:\WINDOWS\System32\fwpuclnt.dll

JVMTI agents:
C:\Users\Windows 11\.gradle\wrapper\dists\gradle-8.9-bin\90cnw93cvbtalezasaz0blq0a\gradle-8.9\lib\agents\gradle-instrumentation-agent-8.9.jar path:C:\Users\Windows 11\.vscode\extensions\redhat.java-1.54.0-win32-x64\jre\21.0.10-win32-x86_64\bin\instrument.dll, loaded, initialized, instrumentlib options:none

dbghelp: loaded successfully - version: 4.0.5 - missing functions: none
symbol engine: initialized successfully - sym options: 0x614 - pdb path: .;C:\Users\Windows 11\.vscode\extensions\redhat.java-1.54.0-win32-x64\jre\21.0.10-win32-x86_64\bin;C:\WINDOWS\SYSTEM32;C:\WINDOWS\WinSxS\amd64_microsoft.windows.common-controls_6595b64144ccf1df_6.0.26100.8521_none_3e08b75ce33403b3;C:\Users\Windows 11\.vscode\extensions\redhat.java-1.54.0-win32-x64\jre\21.0.10-win32-x86_64\bin\server;C:\Users\Windows 11\.gradle\native\c067742578af261105cb4f569cf0c3c89f3d7b1fecec35dd04571415982c5e48\windows-amd64;C:\Users\Windows 11\.gradle\native\100fb08df4bc3b14c8652ba06237920a3bd2aa13389f12d3474272988ae205f9\windows-amd64

VM Arguments:
jvm_args: --add-opens=java.base/java.util=ALL-UNNAMED --add-opens=java.base/java.lang=ALL-UNNAMED --add-opens=java.base/java.lang.invoke=ALL-UNNAMED --add-opens=java.prefs/java.util.prefs=ALL-UNNAMED --add-exports=jdk.compiler/com.sun.tools.javac.api=ALL-UNNAMED --add-exports=jdk.compiler/com.sun.tools.javac.util=ALL-UNNAMED --add-opens=java.base/java.nio.charset=ALL-UNNAMED --add-opens=java.base/java.net=ALL-UNNAMED --add-opens=java.base/java.util.concurrent.atomic=ALL-UNNAMED -XX:MaxMetaspaceSize=384m -XX:+HeapDumpOnOutOfMemoryError -Xms256m -Xmx512m -Dfile.encoding=utf8 -Duser.country=US -Duser.language=en -Duser.variant -javaagent:C:\Users\Windows 11\.gradle\wrapper\dists\gradle-8.9-bin\90cnw93cvbtalezasaz0blq0a\gradle-8.9\lib\agents\gradle-instrumentation-agent-8.9.jar 
java_command: org.gradle.launcher.daemon.bootstrap.GradleDaemon 8.9
java_class_path (initial): C:\Users\Windows 11\.gradle\wrapper\dists\gradle-8.9-bin\90cnw93cvbtalezasaz0blq0a\gradle-8.9\lib\gradle-daemon-main-8.9.jar
Launcher Type: SUN_STANDARD

[Global flags]
     intx CICompilerCount                          = 12                                        {product} {ergonomic}
   size_t CompressedClassSpaceSize                 = 335544320                                 {product} {ergonomic}
     uint ConcGCThreads                            = 3                                         {product} {ergonomic}
     uint G1ConcRefinementThreads                  = 13                                        {product} {ergonomic}
   size_t G1HeapRegionSize                         = 1048576                                   {product} {ergonomic}
    uintx GCDrainStackTargetSize                   = 64                                        {product} {ergonomic}
     bool HeapDumpOnOutOfMemoryError               = true                                   {manageable} {command line}
   size_t InitialHeapSize                          = 268435456                                 {product} {command line}
   size_t MarkStackSize                            = 4194304                                   {product} {ergonomic}
   size_t MaxHeapSize                              = 536870912                                 {product} {command line}
   size_t MaxMetaspaceSize                         = 402653184                                 {product} {command line}
   size_t MaxNewSize                               = 321912832                                 {product} {ergonomic}
   size_t MinHeapDeltaBytes                        = 1048576                                   {product} {ergonomic}
   size_t MinHeapSize                              = 268435456                                 {product} {command line}
    uintx NonNMethodCodeHeapSize                   = 7602480                                {pd product} {ergonomic}
    uintx NonProfiledCodeHeapSize                  = 122027880                              {pd product} {ergonomic}
    uintx ProfiledCodeHeapSize                     = 122027880                              {pd product} {ergonomic}
    uintx ReservedCodeCacheSize                    = 251658240                              {pd product} {ergonomic}
     bool SegmentedCodeCache                       = true                                      {product} {ergonomic}
   size_t SoftMaxHeapSize                          = 536870912                              {manageable} {ergonomic}
     bool UseCompressedOops                        = true                           {product lp64_product} {ergonomic}
     bool UseG1GC                                  = true                                      {product} {ergonomic}
     bool UseLargePagesIndividualAllocation        = false                                  {pd product} {ergonomic}

Logging:
Log output configuration:
 #0: stdout all=warning uptime,level,tags foldmultilines=false
 #1: stderr all=off uptime,level,tags foldmultilines=false

Release file:
JAVA_VERSION="21.0.10" 
MODULES="java.base java.compiler java.datatransfer java.xml java.prefs java.desktop java.instrument java.logging java.management java.security.sasl java.naming java.rmi java.management.rmi java.net.http java.scripting java.security.jgss java.transaction.xa java.sql java.sql.rowset java.xml.crypto java.se java.smartcardio jdk.accessibility jdk.internal.jvmstat jdk.attach jdk.charsets jdk.internal.opt jdk.zipfs jdk.compiler jdk.crypto.ec jdk.crypto.cryptoki jdk.crypto.mscapi jdk.dynalink jdk.internal.ed jdk.editpad jdk.hotspot.agent jdk.httpserver jdk.internal.le jdk.internal.vm.ci jdk.internal.vm.compiler jdk.internal.vm.compiler.management jdk.jartool jdk.javadoc jdk.jcmd jdk.management jdk.management.agent jdk.jconsole jdk.jdeps jdk.jdwp.agent jdk.jdi jdk.jfr jdk.jshell jdk.jsobject jdk.jstatd jdk.localedata jdk.management.jfr jdk.naming.dns jdk.naming.rmi jdk.net jdk.nio.mapmode jdk.random jdk.sctp jdk.security.auth jdk.security.jgss jdk.unsupported jdk.unsupported.desktop jdk.xml.dom" 

Environment Variables:
JAVA_HOME=C:\Program Files\Eclipse Adoptium\jdk-25.0.3.9-hotspot\
PATH=C:\Program Files\Eclipse Adoptium\jdk-25.0.3.9-hotspot\bin;C:\Program Files (x86)\Common Files\Intel\Shared Libraries\redist\intel64\compiler;C:\WINDOWS\system32;C:\WINDOWS;C:\WINDOWS\System32\Wbem;C:\WINDOWS\System32\WindowsPowerShell\v1.0\;C:\WINDOWS\System32\OpenSSH\;C:\Program Files\dotnet\;C:\Program Files (x86)\NVIDIA Corporation\PhysX\Common;C:\Program Files\NVIDIA Corporation\NVIDIA NvDLISR;C:\Program Files\Git\cmd;C:\Program Files\nodejs\;C:\Program Files\PuTTY\;C:\Program Files (x86)\Windows Kits\10\Windows Performance Toolkit\;C:\Program Files (x86)\Google\Cloud SDK\google-cloud-sdk\bin;C:\Program Files\GitHub CLI\;C:\Users\Windows 11\AppData\Local\Programs\Python\Launcher\;C:\Users\Windows 11\AppData\Local\Microsoft\WindowsApps;C:\Users\Windows 11\AppData\Local\Programs\Microsoft VS Code\bin;C:\Users\Windows 11\AppData\Roaming\npm;D:\flutter\bin;C:\Users\Windows 11\AppData\Local\Pub\Cache\bin;C:\Users\Windows 11\chromedriver\win64-148.0.7778.167\chromedriver-win64;
USERNAME=Windows 11
OS=Windows_NT
PROCESSOR_IDENTIFIER=Intel64 Family 6 Model 186 Stepping 2, GenuineIntel
TMP=C:\Users\WINDOW~1\AppData\Local\Temp
TEMP=C:\Users\WINDOW~1\AppData\Local\Temp




Periodic native trim disabled

---------------  S Y S T E M  ---------------

OS:
 Windows 11 , 64 bit Build 26100 (10.0.26100.8521)
OS uptime: 3 days 21:30 hours
Hyper-V role detected

CPU: total 16 (initial active 16) (8 cores per cpu, 2 threads per core) family 6 model 186 stepping 2 microcode 0x4122, cx8, cmov, fxsr, ht, mmx, 3dnowpref, sse, sse2, sse3, ssse3, sse4.1, sse4.2, popcnt, lzcnt, tsc, tscinvbit, avx, avx2, aes, erms, clmul, bmi1, bmi2, adx, sha, fma, vzeroupper, clflush, clflushopt, clwb, hv, serialize, rdtscp, rdpid, fsrm, f16c, cet_ibt, cet_ss
Processor Information for the first 16 processors :
  Max Mhz: 2400, Current Mhz: 2400, Mhz Limit: 2400

Memory: 4k page, system-wide physical 16010M (961M free)
TotalPageFile size 41635M (AvailPageFile size 76M)
current process WorkingSet (physical memory assigned to process): 484M, peak: 556M
current process commit charge ("private bytes"): 607M, peak: 612M

vm_info: OpenJDK 64-Bit Server VM (21.0.10+7-LTS) for windows-amd64 JRE (21.0.10+7-LTS), built on 2026-01-20T00:00:00Z by "admin" with MS VC++ 17.12 (VS2022)

END.
