#
# There is insufficient memory for the Java Runtime Environment to continue.
# Native memory allocation (malloc) failed to allocate 1306256 bytes. Error detail: Chunk::new
# Possible reasons:
#   The system is out of physical RAM or swap space
#   This process is running with CompressedOops enabled, and the Java Heap may be blocking the growth of the native heap
# Possible solutions:
#   Reduce memory load on the system
#   Increase physical memory or swap space
#   Check if swap backing store is full
#   Decrease Java heap size (-Xmx/-Xms)
#   Decrease number of Java threads
#   Decrease Java thread stack sizes (-Xss)
#   Set larger code cache with -XX:ReservedCodeCacheSize=
#   JVM is running with Unscaled Compressed Oops mode in which the Java heap is
#     placed in the first 4GB address space. The Java Heap base address is the
#     maximum limit for the native heap growth. Please use -XX:HeapBaseMinAddress
#     to set the Java Heap base and to place the Java Heap above 4GB virtual address.
# This output file may be truncated or incomplete.
#
#  Out of Memory Error (arena.cpp:168), pid=6008, tid=36000
#
# JRE version: OpenJDK Runtime Environment Temurin-21.0.10+7 (21.0.10+7) (build 21.0.10+7-LTS)
# Java VM: OpenJDK 64-Bit Server VM Temurin-21.0.10+7 (21.0.10+7-LTS, mixed mode, sharing, tiered, compressed oops, compressed class ptrs, parallel gc, windows-amd64)
# No core dump will be written. Minidumps are not enabled by default on client versions of Windows
#

---------------  S U M M A R Y ------------

Command Line: --add-modules=ALL-SYSTEM --add-opens=java.base/java.util=ALL-UNNAMED --add-opens=java.base/java.lang=ALL-UNNAMED --add-opens=java.base/sun.nio.fs=ALL-UNNAMED -Declipse.application=org.eclipse.jdt.ls.core.id1 -Dosgi.bundles.defaultStartLevel=4 -Declipse.product=org.eclipse.jdt.ls.core.product -Djava.import.generatesMetadataFilesAtProjectRoot=false -DDetectVMInstallationsJob.disabled=true -Dfile.encoding=utf8 -XX:+UseParallelGC -XX:GCTimeRatio=4 -XX:AdaptiveSizePolicyWeight=90 -Dsun.zip.disableMemoryMapping=true -Xmx2G -Xms100m -Xlog:disable -javaagent:c:\Users\Windows 11\.vscode\extensions\redhat.java-1.54.0-win32-x64\lombok\lombok-1.18.39-4050.jar -XX:+HeapDumpOnOutOfMemoryError -XX:HeapDumpPath=c:\Users\Windows 11\AppData\Roaming\Code\User\workspaceStorage\a867be37de873a6d6c57308c94e3df1c\redhat.java -Daether.dependencyCollector.impl=bf c:\Users\Windows 11\.vscode\extensions\redhat.java-1.54.0-win32-x64\server\plugins\org.eclipse.equinox.launcher_1.7.100.v20251111-0406.jar -configuration c:\Users\Windows 11\AppData\Roaming\Code\User\globalStorage\redhat.java\1.54.0\config_win -data c:\Users\Windows 11\AppData\Roaming\Code\User\workspaceStorage\a867be37de873a6d6c57308c94e3df1c\redhat.java\jdt_ws --pipe=\\.\pipe\lsp-70895061e93735aa793e026e6e4a070e-sock

Host: 13th Gen Intel(R) Core(TM) i7-13620H, 16 cores, 15G,  Windows 11 , 64 bit Build 26100 (10.0.26100.8521)
Time: Fri Jun  5 00:24:13 2026 SE Asia Standard Time elapsed time: 860.805136 seconds (0d 0h 14m 20s)

---------------  T H R E A D  ---------------

Current thread (0x000001ebf5800da0):  JavaThread "C2 CompilerThread0" daemon [_thread_in_native, id=36000, stack(0x0000009d11e00000,0x0000009d11f00000) (1024K)]


Current CompileTask:
C2:860805 20804       4       org.eclipse.jdt.internal.compiler.classfmt.ModuleInfo::readModuleAttribute (1166 bytes)

Stack: [0x0000009d11e00000,0x0000009d11f00000]
Native frames: (J=compiled Java code, j=interpreted, Vv=VM code, C=native code)
V  [jvm.dll+0x6d7a39]
V  [jvm.dll+0x8b4b26]
V  [jvm.dll+0x8b70de]
V  [jvm.dll+0x8b77c3]
V  [jvm.dll+0x284346]
V  [jvm.dll+0xc66ed]
V  [jvm.dll+0xc6c31]
V  [jvm.dll+0x2fb29e]
V  [jvm.dll+0x5fe884]
V  [jvm.dll+0x255b17]
V  [jvm.dll+0x255edd]
V  [jvm.dll+0x24e500]
V  [jvm.dll+0x24ba42]
V  [jvm.dll+0x1cb34e]
V  [jvm.dll+0x25b85d]
V  [jvm.dll+0x259dea]
V  [jvm.dll+0x3f857e]
V  [jvm.dll+0x85f59d]
V  [jvm.dll+0x6d626d]
C  [ucrtbase.dll+0x2cd30]
C  [KERNEL32.DLL+0x2e957]
C  [ntdll.dll+0x87c1c]


---------------  P R O C E S S  ---------------

Threads class SMR info:
_java_thread_list=0x000001eb8a774b70, length=146, elements={
0x000001eb9a6771e0, 0x000001eb9acde850, 0x000001ebb32bc730, 0x000001ebb32c5750,
0x000001ebb32c5de0, 0x000001ebb32c7190, 0x000001ebb32c7eb0, 0x000001ebf5800da0,
0x000001ebf5824ff0, 0x000001ebb32c6470, 0x000001ebb32c7820, 0x000001ebb32c8540,
0x000001ebb32c6b00, 0x000001ebb32c8bd0, 0x000001ebf593f2e0, 0x000001ebf5940690,
0x000001ebf593d8a0, 0x000001ebf593e5c0, 0x000001ebf593ec50, 0x000001ebf5940d20,
0x000001ebf59413b0, 0x000001ebf5942760, 0x000001ebf5943480, 0x000001ebf59441a0,
0x000001ebf5942df0, 0x000001ebf5944830, 0x000001ebf5941a40, 0x000001ebf59420d0,
0x000001ebf75437f0, 0x000001ebf7543e80, 0x000001ebf7542440, 0x000001ebf7541720,
0x000001ebf7542ad0, 0x000001ebf7545230, 0x000001ebf7543160, 0x000001ebf7544510,
0x000001ebf7544ba0, 0x000001ebf7541db0, 0x000001ebf75486b0, 0x000001ebf7545f50,
0x000001ebf7547300, 0x000001ebf75458c0, 0x000001ebf7548d40, 0x000001ebf75465e0,
0x000001ebfe4f9d30, 0x000001ebfe4fd1b0, 0x000001ebfe4fb770, 0x000001ebfe4faa50,
0x000001ebfe4fffa0, 0x000001eb81e58c30, 0x000001eb81e5b390, 0x000001eb81e5c740,
0x000001eb81e5cdd0, 0x000001eb81760680, 0x000001eb81760d10, 0x000001eb8175f960,
0x000001eb81763b00, 0x000001eb81a6d060, 0x000001eb81a67b10, 0x000001eb81a6af90,
0x000001eb81a6a270, 0x000001eb81a68830, 0x000001eb81a6c340, 0x000001eb81a69550,
0x000001eb81a6eaa0, 0x000001ebfe4fbe00, 0x000001ebfe4fb0e0, 0x000001eb81e59950,
0x000001eb81e56b60, 0x000001eb81e564d0, 0x000001eb81e571f0, 0x000001eb81e5d460,
0x000001eb81e5ba20, 0x000001ebfe4fe560, 0x000001eb81a6bcb0, 0x000001eb81a6c9d0,
0x000001eb81762750, 0x000001eb81761a30, 0x000001eb81766260, 0x000001eb81763470,
0x000001eb817668f0, 0x000001eb81764eb0, 0x000001ebfe4fcb20, 0x000001ebfe4fd840,
0x000001ebfe4fa3c0, 0x000001ebf593f970, 0x000001eb81e585a0, 0x000001eb81e5ad00,
0x000001ebf593df30, 0x000001ebf5940000, 0x000001ebf593d210, 0x000001ebfe4fc490,
0x000001eb81a6d6f0, 0x000001ebfe500630, 0x000001ebfe4febf0, 0x000001eb81a6e410,
0x000001eb81a68ec0, 0x000001eb81e55e40, 0x000001ebf5943b10, 0x000001eb81e59fe0,
0x000001ebfe500cc0, 0x000001ebf7546c70, 0x000001eb91ad8820, 0x000001eb91ad8eb0,
0x000001eb91ad9bd0, 0x000001eb91ad7b00, 0x000001eb91ada260, 0x000001eb91ad9540,
0x000001eb91adb610, 0x000001eb91ad8190, 0x000001eb91add050, 0x000001eb91adaf80,
0x000001eb91ade400, 0x000001eb909ea150, 0x000001eb909ebb90, 0x000001eb909ec220,
0x000001eb909ed5d0, 0x000001eb909ecf40, 0x000001eb909eb500, 0x000001eb909eae70,
0x000001eb909f10e0, 0x000001eb909ee980, 0x000001eb909ea7e0, 0x000001eb909f0a50,
0x000001eb909ef010, 0x000001eb909ef6a0, 0x000001eb909efd30, 0x000001eb909f03c0,
0x000001eb909ee2f0, 0x000001eb91ad6de0, 0x000001eb91ada8f0, 0x000001eb91adc330,
0x000001eb91adbca0, 0x000001eb81e57880, 0x000001ebfe4fded0, 0x000001eb91adc9c0,
0x000001eb8d959ae0, 0x000001eb9171cf20, 0x000001eb9171e960, 0x000001eb9171fd10,
0x000001eb91720a30, 0x000001eb8d959410, 0x000001eb9171e2d0, 0x000001eb9171eff0,
0x000001eb9171d5b0, 0x000001eb917203a0
}

Java Threads: ( => current thread )
  0x000001eb9a6771e0 JavaThread "main"                              [_thread_blocked, id=23320, stack(0x0000009d11300000,0x0000009d11400000) (1024K)]
  0x000001eb9acde850 JavaThread "Reference Handler"          daemon [_thread_blocked, id=29612, stack(0x0000009d11800000,0x0000009d11900000) (1024K)]
  0x000001ebb32bc730 JavaThread "Finalizer"                  daemon [_thread_blocked, id=28012, stack(0x0000009d11900000,0x0000009d11a00000) (1024K)]
  0x000001ebb32c5750 JavaThread "Signal Dispatcher"          daemon [_thread_blocked, id=15392, stack(0x0000009d11a00000,0x0000009d11b00000) (1024K)]
  0x000001ebb32c5de0 JavaThread "Attach Listener"            daemon [_thread_blocked, id=27192, stack(0x0000009d11b00000,0x0000009d11c00000) (1024K)]
  0x000001ebb32c7190 JavaThread "Service Thread"             daemon [_thread_blocked, id=33264, stack(0x0000009d11c00000,0x0000009d11d00000) (1024K)]
  0x000001ebb32c7eb0 JavaThread "Monitor Deflation Thread"   daemon [_thread_blocked, id=36848, stack(0x0000009d11d00000,0x0000009d11e00000) (1024K)]
=>0x000001ebf5800da0 JavaThread "C2 CompilerThread0"         daemon [_thread_in_native, id=36000, stack(0x0000009d11e00000,0x0000009d11f00000) (1024K)]
  0x000001ebf5824ff0 JavaThread "C1 CompilerThread0"         daemon [_thread_blocked, id=22456, stack(0x0000009d11f00000,0x0000009d12000000) (1024K)]
  0x000001ebb32c6470 JavaThread "Common-Cleaner"             daemon [_thread_blocked, id=36768, stack(0x0000009d12500000,0x0000009d12600000) (1024K)]
  0x000001ebb32c7820 JavaThread "Notification Thread"        daemon [_thread_blocked, id=25408, stack(0x0000009d12600000,0x0000009d12700000) (1024K)]
  0x000001ebb32c8540 JavaThread "Active Thread: Equinox Container: 01f82a91-b62e-458a-8163-cad5af04b177"        [_thread_blocked, id=25436, stack(0x0000009d12f00000,0x0000009d13000000) (1024K)]
  0x000001ebb32c6b00 JavaThread "Refresh Thread: Equinox Container: 01f82a91-b62e-458a-8163-cad5af04b177" daemon [_thread_blocked, id=22220, stack(0x0000009d12100000,0x0000009d12200000) (1024K)]
  0x000001ebb32c8bd0 JavaThread "Framework Event Dispatcher: Equinox Container: 01f82a91-b62e-458a-8163-cad5af04b177" daemon [_thread_blocked, id=25516, stack(0x0000009d12200000,0x0000009d12300000) (1024K)]
  0x000001ebf593f2e0 JavaThread "Start Level: Equinox Container: 01f82a91-b62e-458a-8163-cad5af04b177" daemon [_thread_blocked, id=1904, stack(0x0000009d12300000,0x0000009d12400000) (1024K)]
  0x000001ebf5940690 JavaThread "Bundle File Closer"         daemon [_thread_blocked, id=37684, stack(0x0000009d13200000,0x0000009d13300000) (1024K)]
  0x000001ebf593d8a0 JavaThread "SCR Component Actor"        daemon [_thread_blocked, id=28348, stack(0x0000009d13400000,0x0000009d13500000) (1024K)]
  0x000001ebf593e5c0 JavaThread "Worker-JM"                         [_thread_blocked, id=36792, stack(0x0000009d13700000,0x0000009d13800000) (1024K)]
  0x000001ebf593ec50 JavaThread "Java indexing"              daemon [_thread_in_native, id=18812, stack(0x0000009d13c00000,0x0000009d13d00000) (1024K)]
  0x000001ebf5940d20 JavaThread "JNA Cleaner"                daemon [_thread_blocked, id=23476, stack(0x0000009d13d00000,0x0000009d13e00000) (1024K)]
  0x000001ebf59413b0 JavaThread "Worker-3"                          [_thread_blocked, id=22684, stack(0x0000009d14000000,0x0000009d14100000) (1024K)]
  0x000001ebf5942760 JavaThread "Thread-1"                   daemon [_thread_in_native, id=23292, stack(0x0000009d14300000,0x0000009d14400000) (1024K)]
  0x000001ebf5943480 JavaThread "Thread-2"                   daemon [_thread_in_native, id=27160, stack(0x0000009d14400000,0x0000009d14500000) (1024K)]
  0x000001ebf59441a0 JavaThread "Thread-3"                   daemon [_thread_in_native, id=37948, stack(0x0000009d14500000,0x0000009d14600000) (1024K)]
  0x000001ebf5942df0 JavaThread "Thread-4"                   daemon [_thread_in_native, id=9964, stack(0x0000009d14600000,0x0000009d14700000) (1024K)]
  0x000001ebf5944830 JavaThread "Thread-5"                   daemon [_thread_in_native, id=30740, stack(0x0000009d14700000,0x0000009d14800000) (1024K)]
  0x000001ebf5941a40 JavaThread "Thread-6"                   daemon [_thread_in_native, id=30516, stack(0x0000009d14800000,0x0000009d14900000) (1024K)]
  0x000001ebf59420d0 JavaThread "Thread-7"                   daemon [_thread_in_native, id=7144, stack(0x0000009d14900000,0x0000009d14a00000) (1024K)]
  0x000001ebf75437f0 JavaThread "Thread-8"                   daemon [_thread_in_native, id=31764, stack(0x0000009d14a00000,0x0000009d14b00000) (1024K)]
  0x000001ebf7543e80 JavaThread "Thread-9"                   daemon [_thread_in_native, id=17552, stack(0x0000009d14b00000,0x0000009d14c00000) (1024K)]
  0x000001ebf7542440 JavaThread "Thread-10"                  daemon [_thread_in_native, id=35652, stack(0x0000009d14c00000,0x0000009d14d00000) (1024K)]
  0x000001ebf7541720 JavaThread "Thread-11"                  daemon [_thread_in_native, id=27072, stack(0x0000009d14d00000,0x0000009d14e00000) (1024K)]
  0x000001ebf7542ad0 JavaThread "Thread-12"                  daemon [_thread_in_native, id=17296, stack(0x0000009d14e00000,0x0000009d14f00000) (1024K)]
  0x000001ebf7545230 JavaThread "Thread-13"                  daemon [_thread_in_native, id=27020, stack(0x0000009d14f00000,0x0000009d15000000) (1024K)]
  0x000001ebf7543160 JavaThread "Thread-14"                  daemon [_thread_in_native, id=22984, stack(0x0000009d15000000,0x0000009d15100000) (1024K)]
  0x000001ebf7544510 JavaThread "Thread-15"                  daemon [_thread_in_native, id=22964, stack(0x0000009d15100000,0x0000009d15200000) (1024K)]
  0x000001ebf7544ba0 JavaThread "Thread-16"                  daemon [_thread_in_native, id=15956, stack(0x0000009d15200000,0x0000009d15300000) (1024K)]
  0x000001ebf7541db0 JavaThread "Thread-17"                  daemon [_thread_in_native, id=32584, stack(0x0000009d15300000,0x0000009d15400000) (1024K)]
  0x000001ebf75486b0 JavaThread "pool-2-thread-1"                   [_thread_blocked, id=31820, stack(0x0000009d15400000,0x0000009d15500000) (1024K)]
  0x000001ebf7545f50 JavaThread "WorkspaceEventsHandler"            [_thread_blocked, id=3340, stack(0x0000009d15900000,0x0000009d15a00000) (1024K)]
  0x000001ebf7547300 JavaThread "pool-1-thread-1"                   [_thread_blocked, id=34324, stack(0x0000009d15a00000,0x0000009d15b00000) (1024K)]
  0x000001ebf75458c0 JavaThread "Timer-0"                           [_thread_blocked, id=28396, stack(0x0000009d15600000,0x0000009d15700000) (1024K)]
  0x000001ebf7548d40 JavaThread "Timer-1"                           [_thread_blocked, id=32192, stack(0x0000009d13300000,0x0000009d13400000) (1024K)]
  0x000001ebf75465e0 JavaThread "Timer-2"                           [_thread_blocked, id=26704, stack(0x0000009d13500000,0x0000009d13600000) (1024K)]
  0x000001ebfe4f9d30 JavaThread "Timer-3"                           [_thread_blocked, id=11120, stack(0x0000009d13b00000,0x0000009d13c00000) (1024K)]
  0x000001ebfe4fd1b0 JavaThread "Timer-4"                           [_thread_blocked, id=6476, stack(0x0000009d15500000,0x0000009d15600000) (1024K)]
  0x000001ebfe4fb770 JavaThread "Timer-5"                           [_thread_blocked, id=13832, stack(0x0000009d11100000,0x0000009d11200000) (1024K)]
  0x000001ebfe4faa50 JavaThread "Timer-6"                           [_thread_blocked, id=5176, stack(0x0000009d11200000,0x0000009d11300000) (1024K)]
  0x000001ebfe4fffa0 JavaThread "Worker-15: Initialize workspace"        [_thread_blocked, id=7992, stack(0x0000009d16100000,0x0000009d16200000) (1024K)]
  0x000001eb81e58c30 JavaThread "Timer-7"                           [_thread_blocked, id=19284, stack(0x0000009d16e00000,0x0000009d16f00000) (1024K)]
  0x000001eb81e5b390 JavaThread "Timer-8"                           [_thread_blocked, id=3932, stack(0x0000009d16f00000,0x0000009d17000000) (1024K)]
  0x000001eb81e5c740 JavaThread "Timer-9"                           [_thread_blocked, id=2380, stack(0x0000009d17100000,0x0000009d17200000) (1024K)]
  0x000001eb81e5cdd0 JavaThread "Timer-10"                          [_thread_blocked, id=7616, stack(0x0000009d17000000,0x0000009d17100000) (1024K)]
  0x000001eb81760680 JavaThread "Timer-11"                          [_thread_blocked, id=4408, stack(0x0000009d18800000,0x0000009d18900000) (1024K)]
  0x000001eb81760d10 JavaThread "Timer-12"                          [_thread_blocked, id=3056, stack(0x0000009d18900000,0x0000009d18a00000) (1024K)]
  0x000001eb8175f960 JavaThread "Timer-13"                          [_thread_blocked, id=8896, stack(0x0000009d13600000,0x0000009d13700000) (1024K)]
  0x000001eb81763b00 JavaThread "Timer-14"                          [_thread_blocked, id=17096, stack(0x0000009d18200000,0x0000009d18300000) (1024K)]
  0x000001eb81a6d060 JavaThread "Worker-43: Register Watchers"        [_thread_blocked, id=37296, stack(0x0000009d15b00000,0x0000009d15c00000) (1024K)]
  0x000001eb81a67b10 JavaThread "Timer-15"                          [_thread_blocked, id=35580, stack(0x0000009d11400000,0x0000009d11500000) (1024K)]
  0x000001eb81a6af90 JavaThread "Timer-16"                          [_thread_blocked, id=26760, stack(0x0000009d13100000,0x0000009d13200000) (1024K)]
  0x000001eb81a6a270 JavaThread "Timer-17"                          [_thread_blocked, id=19504, stack(0x0000009d13a00000,0x0000009d13b00000) (1024K)]
  0x000001eb81a68830 JavaThread "Timer-18"                          [_thread_blocked, id=9236, stack(0x0000009d13f00000,0x0000009d14000000) (1024K)]
  0x000001eb81a6c340 JavaThread "Timer-19"                          [_thread_blocked, id=2924, stack(0x0000009d13e00000,0x0000009d13f00000) (1024K)]
  0x000001eb81a69550 JavaThread "Timer-20"                          [_thread_blocked, id=21044, stack(0x0000009d14100000,0x0000009d14200000) (1024K)]
  0x000001eb81a6eaa0 JavaThread "Timer-21"                          [_thread_blocked, id=38660, stack(0x0000009d15700000,0x0000009d15800000) (1024K)]
  0x000001ebfe4fbe00 JavaThread "Timer-22"                          [_thread_blocked, id=7156, stack(0x0000009d13900000,0x0000009d13a00000) (1024K)]
  0x000001ebfe4fb0e0 JavaThread "Timer-23"                          [_thread_blocked, id=15048, stack(0x0000009d15c00000,0x0000009d15d00000) (1024K)]
  0x000001eb81e59950 JavaThread "Timer-24"                          [_thread_blocked, id=29448, stack(0x0000009d14200000,0x0000009d14300000) (1024K)]
  0x000001eb81e56b60 JavaThread "Timer-25"                          [_thread_blocked, id=17664, stack(0x0000009d15f00000,0x0000009d16000000) (1024K)]
  0x000001eb81e564d0 JavaThread "Timer-26"                          [_thread_blocked, id=20912, stack(0x0000009d15d00000,0x0000009d15e00000) (1024K)]
  0x000001eb81e571f0 JavaThread "Timer-27"                          [_thread_blocked, id=35916, stack(0x0000009d16000000,0x0000009d16100000) (1024K)]
  0x000001eb81e5d460 JavaThread "Timer-28"                          [_thread_blocked, id=25236, stack(0x0000009d15e00000,0x0000009d15f00000) (1024K)]
  0x000001eb81e5ba20 JavaThread "Timer-29"                          [_thread_blocked, id=37292, stack(0x0000009d16300000,0x0000009d16400000) (1024K)]
  0x000001ebfe4fe560 JavaThread "Timer-30"                          [_thread_blocked, id=37500, stack(0x0000009d16900000,0x0000009d16a00000) (1024K)]
  0x000001eb81a6bcb0 JavaThread "Timer-31"                          [_thread_blocked, id=29256, stack(0x0000009d16500000,0x0000009d16600000) (1024K)]
  0x000001eb81a6c9d0 JavaThread "Timer-32"                          [_thread_blocked, id=16240, stack(0x0000009d16800000,0x0000009d16900000) (1024K)]
  0x000001eb81762750 JavaThread "Timer-33"                          [_thread_blocked, id=31336, stack(0x0000009d16600000,0x0000009d16700000) (1024K)]
  0x000001eb81761a30 JavaThread "Timer-34"                          [_thread_blocked, id=15708, stack(0x0000009d16d00000,0x0000009d16e00000) (1024K)]
  0x000001eb81766260 JavaThread "Timer-35"                          [_thread_blocked, id=15448, stack(0x0000009d16a00000,0x0000009d16b00000) (1024K)]
  0x000001eb81763470 JavaThread "Timer-36"                          [_thread_blocked, id=11036, stack(0x0000009d17300000,0x0000009d17400000) (1024K)]
  0x000001eb817668f0 JavaThread "Timer-37"                          [_thread_blocked, id=25884, stack(0x0000009d17200000,0x0000009d17300000) (1024K)]
  0x000001eb81764eb0 JavaThread "Timer-38"                          [_thread_blocked, id=17944, stack(0x0000009d17400000,0x0000009d17500000) (1024K)]
  0x000001ebfe4fcb20 JavaThread "Timer-39"                          [_thread_blocked, id=3496, stack(0x0000009d17600000,0x0000009d17700000) (1024K)]
  0x000001ebfe4fd840 JavaThread "Timer-40"                          [_thread_blocked, id=29036, stack(0x0000009d17700000,0x0000009d17800000) (1024K)]
  0x000001ebfe4fa3c0 JavaThread "Timer-41"                          [_thread_blocked, id=6252, stack(0x0000009d17800000,0x0000009d17900000) (1024K)]
  0x000001ebf593f970 JavaThread "Timer-42"                          [_thread_blocked, id=11104, stack(0x0000009d17500000,0x0000009d17600000) (1024K)]
  0x000001eb81e585a0 JavaThread "Timer-43"                          [_thread_blocked, id=26036, stack(0x0000009d17900000,0x0000009d17a00000) (1024K)]
  0x000001eb81e5ad00 JavaThread "Timer-44"                          [_thread_blocked, id=27128, stack(0x0000009d17a00000,0x0000009d17b00000) (1024K)]
  0x000001ebf593df30 JavaThread "Timer-45"                          [_thread_blocked, id=17812, stack(0x0000009d17e00000,0x0000009d17f00000) (1024K)]
  0x000001ebf5940000 JavaThread "Timer-46"                          [_thread_blocked, id=12740, stack(0x0000009d17f00000,0x0000009d18000000) (1024K)]
  0x000001ebf593d210 JavaThread "Timer-47"                          [_thread_blocked, id=18468, stack(0x0000009d17b00000,0x0000009d17c00000) (1024K)]
  0x000001ebfe4fc490 JavaThread "Timer-48"                          [_thread_blocked, id=32864, stack(0x0000009d18300000,0x0000009d18400000) (1024K)]
  0x000001eb81a6d6f0 JavaThread "Worker-49"                         [_thread_blocked, id=29740, stack(0x0000009d18600000,0x0000009d18700000) (1024K)]
  0x000001ebfe500630 JavaThread "Timer-49"                          [_thread_blocked, id=35944, stack(0x0000009d18100000,0x0000009d18200000) (1024K)]
  0x000001ebfe4febf0 JavaThread "Timer-50"                          [_thread_blocked, id=16012, stack(0x0000009d18500000,0x0000009d18600000) (1024K)]
  0x000001eb81a6e410 JavaThread "Timer-51"                          [_thread_blocked, id=29784, stack(0x0000009d18000000,0x0000009d18100000) (1024K)]
  0x000001eb81a68ec0 JavaThread "Timer-52"                          [_thread_blocked, id=5108, stack(0x0000009d18400000,0x0000009d18500000) (1024K)]
  0x000001eb81e55e40 JavaThread "Timer-53"                          [_thread_blocked, id=35932, stack(0x0000009d18700000,0x0000009d18800000) (1024K)]
  0x000001ebf5943b10 JavaThread "Timer-54"                          [_thread_blocked, id=25260, stack(0x0000009d18b00000,0x0000009d18c00000) (1024K)]
  0x000001eb81e59fe0 JavaThread "Timer-55"                          [_thread_blocked, id=28464, stack(0x0000009d18a00000,0x0000009d18b00000) (1024K)]
  0x000001ebfe500cc0 JavaThread "Timer-56"                          [_thread_blocked, id=18420, stack(0x0000009d18c00000,0x0000009d18d00000) (1024K)]
  0x000001ebf7546c70 JavaThread "Timer-57"                          [_thread_blocked, id=29152, stack(0x0000009d18f00000,0x0000009d19000000) (1024K)]
  0x000001eb91ad8820 JavaThread "Timer-58"                          [_thread_blocked, id=32600, stack(0x0000009d19000000,0x0000009d19100000) (1024K)]
  0x000001eb91ad8eb0 JavaThread "Timer-59"                          [_thread_blocked, id=25344, stack(0x0000009d19100000,0x0000009d19200000) (1024K)]
  0x000001eb91ad9bd0 JavaThread "Timer-60"                          [_thread_blocked, id=6332, stack(0x0000009d17d00000,0x0000009d17e00000) (1024K)]
  0x000001eb91ad7b00 JavaThread "Timer-61"                          [_thread_blocked, id=19744, stack(0x0000009d16200000,0x0000009d16300000) (1024K)]
  0x000001eb91ada260 JavaThread "Timer-62"                          [_thread_blocked, id=9004, stack(0x0000009d17c00000,0x0000009d17d00000) (1024K)]
  0x000001eb91ad9540 JavaThread "Timer-63"                          [_thread_blocked, id=37996, stack(0x0000009d18e00000,0x0000009d18f00000) (1024K)]
  0x000001eb91adb610 JavaThread "Timer-64"                          [_thread_blocked, id=5040, stack(0x0000009d19200000,0x0000009d19300000) (1024K)]
  0x000001eb91ad8190 JavaThread "Timer-65"                          [_thread_blocked, id=34488, stack(0x0000009d19300000,0x0000009d19400000) (1024K)]
  0x000001eb91add050 JavaThread "Timer-66"                          [_thread_blocked, id=36216, stack(0x0000009d19400000,0x0000009d19500000) (1024K)]
  0x000001eb91adaf80 JavaThread "Timer-67"                          [_thread_blocked, id=24876, stack(0x0000009d19600000,0x0000009d19700000) (1024K)]
  0x000001eb91ade400 JavaThread "Timer-68"                          [_thread_blocked, id=27272, stack(0x0000009d19b00000,0x0000009d19c00000) (1024K)]
  0x000001eb909ea150 JavaThread "Timer-69"                          [_thread_blocked, id=14012, stack(0x0000009d18d00000,0x0000009d18e00000) (1024K)]
  0x000001eb909ebb90 JavaThread "Timer-70"                          [_thread_blocked, id=17816, stack(0x0000009d19500000,0x0000009d19600000) (1024K)]
  0x000001eb909ec220 JavaThread "Timer-71"                          [_thread_blocked, id=24124, stack(0x0000009d19a00000,0x0000009d19b00000) (1024K)]
  0x000001eb909ed5d0 JavaThread "Timer-72"                          [_thread_blocked, id=7296, stack(0x0000009d19d00000,0x0000009d19e00000) (1024K)]
  0x000001eb909ecf40 JavaThread "Timer-73"                          [_thread_blocked, id=3828, stack(0x0000009d19c00000,0x0000009d19d00000) (1024K)]
  0x000001eb909eb500 JavaThread "Timer-74"                          [_thread_blocked, id=25384, stack(0x0000009d19e00000,0x0000009d19f00000) (1024K)]
  0x000001eb909eae70 JavaThread "Timer-75"                          [_thread_blocked, id=11632, stack(0x0000009d1a100000,0x0000009d1a200000) (1024K)]
  0x000001eb909f10e0 JavaThread "Timer-76"                          [_thread_blocked, id=14144, stack(0x0000009d19700000,0x0000009d19800000) (1024K)]
  0x000001eb909ee980 JavaThread "Timer-77"                          [_thread_blocked, id=3756, stack(0x0000009d19800000,0x0000009d19900000) (1024K)]
  0x000001eb909ea7e0 JavaThread "Timer-78"                          [_thread_blocked, id=1528, stack(0x0000009d19f00000,0x0000009d1a000000) (1024K)]
  0x000001eb909f0a50 JavaThread "Timer-79"                          [_thread_blocked, id=33720, stack(0x0000009d16400000,0x0000009d16500000) (1024K)]
  0x000001eb909ef010 JavaThread "Worker-50: Update project jni_flutter"        [_thread_blocked, id=24992, stack(0x0000009d16700000,0x0000009d16800000) (1024K)]
  0x000001eb909ef6a0 JavaThread "Worker-51: Update project mobile_scanner"        [_thread_blocked, id=17104, stack(0x0000009d16b00000,0x0000009d16c00000) (1024K)]
  0x000001eb909efd30 JavaThread "Worker-52: Update project sqflite_android"        [_thread_blocked, id=22504, stack(0x0000009d16c00000,0x0000009d16d00000) (1024K)]
  0x000001eb909f03c0 JavaThread "Worker-53"                         [_thread_blocked, id=10912, stack(0x0000009d19900000,0x0000009d19a00000) (1024K)]
  0x000001eb909ee2f0 JavaThread "Timer-80"                          [_thread_blocked, id=22976, stack(0x0000009d1a300000,0x0000009d1a400000) (1024K)]
  0x000001eb91ad6de0 JavaThread "Timer-81"                          [_thread_blocked, id=38820, stack(0x0000009d1a400000,0x0000009d1a500000) (1024K)]
  0x000001eb91ada8f0 JavaThread "Timer-82"                          [_thread_blocked, id=9328, stack(0x0000009d1a700000,0x0000009d1a800000) (1024K)]
  0x000001eb91adc330 JavaThread "Timer-83"                          [_thread_blocked, id=37252, stack(0x0000009d1a500000,0x0000009d1a600000) (1024K)]
  0x000001eb91adbca0 JavaThread "Timer-84"                          [_thread_blocked, id=31604, stack(0x0000009d1a600000,0x0000009d1a700000) (1024K)]
  0x000001eb81e57880 JavaThread "Timer-85"                          [_thread_blocked, id=14484, stack(0x0000009d1a800000,0x0000009d1a900000) (1024K)]
  0x000001ebfe4fded0 JavaThread "ForkJoinPool.commonPool-worker-1" daemon [_thread_blocked, id=13428, stack(0x0000009d1ae00000,0x0000009d1af00000) (1024K)]
  0x000001eb91adc9c0 JavaThread "ForkJoinPool.commonPool-worker-2" daemon [_thread_blocked, id=25120, stack(0x0000009d1af00000,0x0000009d1b000000) (1024K)]
  0x000001eb8d959ae0 JavaThread "C1 CompilerThread1"         daemon [_thread_blocked, id=39528, stack(0x0000009d1a900000,0x0000009d1aa00000) (1024K)]
  0x000001eb9171cf20 JavaThread "Timer-86"                          [_thread_blocked, id=37872, stack(0x0000009d1ac00000,0x0000009d1ad00000) (1024K)]
  0x000001eb9171e960 JavaThread "Timer-87"                          [_thread_blocked, id=14268, stack(0x0000009d1aa00000,0x0000009d1ab00000) (1024K)]
  0x000001eb9171fd10 JavaThread "Connection worker"                 [_thread_in_native, id=24212, stack(0x0000009d1ad00000,0x0000009d1ae00000) (1024K)]
  0x000001eb91720a30 JavaThread "pool-341-thread-1"                 [_thread_blocked, id=31324, stack(0x0000009d1b000000,0x0000009d1b100000) (1024K)]
  0x000001eb8d959410 JavaThread "C1 CompilerThread2"         daemon [_thread_blocked, id=18140, stack(0x0000009d1b100000,0x0000009d1b200000) (1024K)]
  0x000001eb9171e2d0 JavaThread "Connection worker"                 [_thread_in_Java, id=23488, stack(0x0000009d1a200000,0x0000009d1a300000) (1024K)]
  0x000001eb9171eff0 JavaThread "pool-343-thread-1"                 [_thread_blocked, id=37952, stack(0x0000009d1ab00000,0x0000009d1ac00000) (1024K)]
  0x000001eb9171d5b0 JavaThread "Connection worker"                 [_thread_in_native, id=1968, stack(0x0000009d1a000000,0x0000009d1a100000) (1024K)]
  0x000001eb917203a0 JavaThread "pool-344-thread-1"                 [_thread_blocked, id=6300, stack(0x0000009d1b200000,0x0000009d1b300000) (1024K)]
Total: 146

Other Threads:
  0x000001eb9acc5c10 VMThread "VM Thread"                           [id=32272, stack(0x0000009d11700000,0x0000009d11800000) (1024K)]
  0x000001ebb31aca00 WatcherThread "VM Periodic Task Thread"        [id=16560, stack(0x0000009d11600000,0x0000009d11700000) (1024K)]
  0x000001eb9ac48050 WorkerThread "GC Thread#0"                     [id=17248, stack(0x0000009d11500000,0x0000009d11600000) (1024K)]
  0x000001ebf73ed6b0 WorkerThread "GC Thread#1"                     [id=23308, stack(0x0000009d12700000,0x0000009d12800000) (1024K)]
  0x000001ebf77a8f90 WorkerThread "GC Thread#2"                     [id=27876, stack(0x0000009d12800000,0x0000009d12900000) (1024K)]
  0x000001ebf77a9340 WorkerThread "GC Thread#3"                     [id=27288, stack(0x0000009d12900000,0x0000009d12a00000) (1024K)]
  0x000001ebf77efbd0 WorkerThread "GC Thread#4"                     [id=27396, stack(0x0000009d12a00000,0x0000009d12b00000) (1024K)]
  0x000001ebf77eff80 WorkerThread "GC Thread#5"                     [id=28176, stack(0x0000009d12b00000,0x0000009d12c00000) (1024K)]
  0x000001ebf77f0330 WorkerThread "GC Thread#6"                     [id=37656, stack(0x0000009d12c00000,0x0000009d12d00000) (1024K)]
  0x000001ebfc44f270 WorkerThread "GC Thread#7"                     [id=5024, stack(0x0000009d13000000,0x0000009d13100000) (1024K)]
  0x000001ebfc1c1c70 WorkerThread "GC Thread#8"                     [id=32008, stack(0x0000009d12400000,0x0000009d12500000) (1024K)]
  0x000001ebf732d6d0 WorkerThread "GC Thread#9"                     [id=19488, stack(0x0000009d12d00000,0x0000009d12e00000) (1024K)]
  0x000001ebf76be160 WorkerThread "GC Thread#10"                    [id=29712, stack(0x0000009d12e00000,0x0000009d12f00000) (1024K)]
  0x000001ebfc896c50 WorkerThread "GC Thread#11"                    [id=27540, stack(0x0000009d12000000,0x0000009d12100000) (1024K)]
  0x000001ebfc731fe0 WorkerThread "GC Thread#12"                    [id=37696, stack(0x0000009d13800000,0x0000009d13900000) (1024K)]
Total: 15

Threads with active compile tasks:
C2 CompilerThread0  860848 20804       4       org.eclipse.jdt.internal.compiler.classfmt.ModuleInfo::readModuleAttribute (1166 bytes)
Total: 1

VM state: not at safepoint (normal execution)

VM Mutex/Monitor currently owned by a thread: None

Heap address: 0x0000000080000000, size: 2048 MB, Compressed Oops mode: 32-bit

CDS archive(s) mapped at: [0x000001ebb4000000-0x000001ebb4ba0000-0x000001ebb4ba0000), size 12189696, SharedBaseAddress: 0x000001ebb4000000, ArchiveRelocationMode: 1.
Compressed class space mapped at: 0x000001ebb5000000-0x000001ebf5000000, reserved size: 1073741824
Narrow klass base: 0x000001ebb4000000, Narrow klass shift: 0, Narrow klass range: 0x100000000

GC Precious Log:
 CardTable entry size: 512
 CPUs: 16 total, 16 available
 Memory: 16010M
 Large Page Support: Disabled
 NUMA Support: Disabled
 Compressed Oops: Enabled (32-bit)
 Alignments: Space 512K, Generation 512K, Heap 2M
 Heap Min Capacity: 100M
 Heap Initial Capacity: 100M
 Heap Max Capacity: 2G
 Pre-touch: Disabled
 Parallel Workers: 13

Heap:
 PSYoungGen      total 6144K, used 1328K [0x00000000d5580000, 0x00000000d5d80000, 0x0000000100000000)
  eden space 5632K, 14% used [0x00000000d5580000,0x00000000d564c0e0,0x00000000d5b00000)
  from space 512K, 100% used [0x00000000d5b00000,0x00000000d5b80000,0x00000000d5b80000)
  to   space 1024K, 0% used [0x00000000d5c80000,0x00000000d5c80000,0x00000000d5d80000)
 ParOldGen       total 1267712K, used 1267314K [0x0000000080000000, 0x00000000cd600000, 0x00000000d5580000)
  object space 1267712K, 99% used [0x0000000080000000,0x00000000cd59c890,0x00000000cd600000)
 Metaspace       used 117483K, committed 120320K, reserved 1179648K
  class space    used 15173K, committed 16448K, reserved 1048576K

Card table byte_map: [0x000001ebae610000,0x000001ebaea20000] _byte_map_base: 0x000001ebae210000

Marking Bits: (ParMarkBitMap*) 0x00007ff9aa323450
 Begin Bits: [0x000001ebaecd0000, 0x000001ebb0cd0000)
 End Bits:   [0x000001ebb0cd0000, 0x000001ebb2cd0000)

Polling page: 0x000001eb9a9b0000

Metaspace:

Usage:
  Non-class:     99.91 MB used.
      Class:     14.82 MB used.
       Both:    114.73 MB used.

Virtual space:
  Non-class space:      128.00 MB reserved,     101.44 MB ( 79%) committed,  2 nodes.
      Class space:        1.00 GB reserved,      16.06 MB (  2%) committed,  1 nodes.
             Both:        1.12 GB reserved,     117.50 MB ( 10%) committed. 

Chunk freelists:
   Non-Class:  10.27 MB
       Class:  15.91 MB
        Both:  26.17 MB

MaxMetaspaceSize: unlimited
CompressedClassSpaceSize: 1.00 GB
Initial GC threshold: 21.00 MB
Current GC threshold: 185.44 MB
CDS: on
 - commit_granule_bytes: 65536.
 - commit_granule_words: 8192.
 - virtual_space_node_default_size: 8388608.
 - enlarge_chunks_in_place: 1.
 - use_allocation_guard: 0.


Internal statistics:

num_allocs_failed_limit: 9.
num_arena_births: 2842.
num_arena_deaths: 28.
num_vsnodes_births: 3.
num_vsnodes_deaths: 0.
num_space_committed: 1880.
num_space_uncommitted: 0.
num_chunks_returned_to_freelist: 42.
num_chunks_taken_from_freelist: 8521.
num_chunk_merges: 12.
num_chunk_splits: 5414.
num_chunks_enlarged: 3264.
num_inconsistent_stats: 0.

CodeHeap 'non-profiled nmethods': size=119168Kb used=16953Kb max_used=17360Kb free=102214Kb
 bounds [0x000001eba6fd0000, 0x000001eba80d0000, 0x000001ebae430000]
CodeHeap 'profiled nmethods': size=119104Kb used=35977Kb max_used=35977Kb free=83126Kb
 bounds [0x000001eb9f430000, 0x000001eba1760000, 0x000001eba6880000]
CodeHeap 'non-nmethods': size=7488Kb used=2595Kb max_used=3263Kb free=4893Kb
 bounds [0x000001eba6880000, 0x000001eba6bf0000, 0x000001eba6fd0000]
CodeCache: size=245760Kb, used=55525Kb, max_used=56600Kb, free=190233Kb
 total_blobs=17626, nmethods=16838, adapters=692, full_count=0
Compilation: enabled, stopped_count=0, restarted_count=0

Compilation events (20 events):
Event: 859.700 Thread 0x000001eb8d959ae0 20829       3       org.gradle.api.internal.provider.ValueSupplier$Value::of (22 bytes)
Event: 859.700 Thread 0x000001eb8d959410 nmethod 20827 0x000001eba1749990 code [0x000001eba1749b60, 0x000001eba1749ed0]
Event: 859.700 Thread 0x000001eb8d959410 20830       3       org.gradle.api.internal.provider.ValueSupplier$Present::pushWhenMissing (2 bytes)
Event: 859.700 Thread 0x000001eb8d959410 nmethod 20830 0x000001eba174a010 code [0x000001eba174a1a0, 0x000001eba174a2b0]
Event: 859.701 Thread 0x000001eb8d959ae0 nmethod 20829 0x000001eba174a390 code [0x000001eba174a560, 0x000001eba174a8d0]
Event: 859.701 Thread 0x000001eb8d95a1b0 nmethod 20828 0x000001eba174aa90 code [0x000001eba174ac60, 0x000001eba174b050]
Event: 859.702 Thread 0x000001ebf5824ff0 nmethod 20824 0x000001eba174b210 code [0x000001eba174b4e0, 0x000001eba174c2e0]
Event: 859.735 Thread 0x000001eb8d959410 20831       3       org.gradle.launcher.daemon.registry.DaemonStopEvent::occurredInLastHours (39 bytes)
Event: 859.736 Thread 0x000001eb8d959410 nmethod 20831 0x000001eba174c890 code [0x000001eba174cb40, 0x000001eba174d980]
Event: 859.742 Thread 0x000001eb8d95a1b0 20832       3       org.gradle.launcher.daemon.registry.DaemonStopEvents$1::compare (13 bytes)
Event: 859.742 Thread 0x000001ebf5824ff0 20833       3       org.gradle.launcher.daemon.registry.DaemonStopEvents$1::compare (60 bytes)
Event: 859.742 Thread 0x000001eb8d95a1b0 nmethod 20832 0x000001eba174de90 code [0x000001eba174e060, 0x000001eba174e398]
Event: 859.742 Thread 0x000001ebf5824ff0 nmethod 20833 0x000001eba174e490 code [0x000001eba174e680, 0x000001eba174eac8]
Event: 859.742 Thread 0x000001ebf5824ff0 20834       1       org.gradle.launcher.daemon.registry.DaemonStopEvent::getTimestamp (5 bytes)
Event: 859.742 Thread 0x000001ebf5824ff0 nmethod 20834 0x000001eba7826a10 code [0x000001eba7826ba0, 0x000001eba7826c68]
Event: 859.798 Thread 0x000001eb8d95a1b0 20835       3       org.eclipse.core.internal.resources.CheckMissingNaturesListener::getMissingNatureSeverity (29 bytes)
Event: 859.798 Thread 0x000001eb8d959ae0 20836   !   3       org.eclipse.core.internal.resources.CheckMissingNaturesListener::getRelatedProjectMarkers (57 bytes)
Event: 859.798 Thread 0x000001ebf5824ff0 20837   !   3       org.eclipse.m2e.core.MavenPlugin::isMavenProject (31 bytes)
Event: 859.798 Thread 0x000001eb8d95a1b0 nmethod 20835 0x000001eba174ec10 code [0x000001eba174ede0, 0x000001eba174f100]
Event: 860.802 Thread 0x000001eb8d959ae0 nmethod 20836 0x000001eba174f210 code [0x000001eba174f4c0, 0x000001eba1750498]

GC Heap History (20 events):
Event: 859.400 GC heap before
{Heap before GC invocations=9735 (full 5):
 PSYoungGen      total 4608K, used 3904K [0x00000000d5580000, 0x00000000d5b00000, 0x0000000100000000)
  eden space 3584K, 100% used [0x00000000d5580000,0x00000000d5900000,0x00000000d5900000)
  from space 1024K, 31% used [0x00000000d5900000,0x00000000d5950000,0x00000000d5a00000)
  to   space 512K, 0% used [0x00000000d5a80000,0x00000000d5a80000,0x00000000d5b00000)
 ParOldGen       total 1265152K, used 1265069K [0x0000000080000000, 0x00000000cd380000, 0x00000000d5580000)
  object space 1265152K, 99% used [0x0000000080000000,0x00000000cd36b4b0,0x00000000cd380000)
 Metaspace       used 117435K, committed 120256K, reserved 1179648K
  class space    used 15171K, committed 16448K, reserved 1048576K
}
Event: 859.403 GC heap after
{Heap after GC invocations=9735 (full 5):
 PSYoungGen      total 4096K, used 320K [0x00000000d5580000, 0x00000000d5b00000, 0x0000000100000000)
  eden space 3584K, 0% used [0x00000000d5580000,0x00000000d5580000,0x00000000d5900000)
  from space 512K, 62% used [0x00000000d5a80000,0x00000000d5ad0000,0x00000000d5b00000)
  to   space 512K, 0% used [0x00000000d5a00000,0x00000000d5a00000,0x00000000d5a80000)
 ParOldGen       total 1265664K, used 1265221K [0x0000000080000000, 0x00000000cd400000, 0x00000000d5580000)
  object space 1265664K, 99% used [0x0000000080000000,0x00000000cd3914b0,0x00000000cd400000)
 Metaspace       used 117435K, committed 120256K, reserved 1179648K
  class space    used 15171K, committed 16448K, reserved 1048576K
}
Event: 859.516 GC heap before
{Heap before GC invocations=9736 (full 5):
 PSYoungGen      total 4096K, used 3866K [0x00000000d5580000, 0x00000000d5b00000, 0x0000000100000000)
  eden space 3584K, 98% used [0x00000000d5580000,0x00000000d58f69c0,0x00000000d5900000)
  from space 512K, 62% used [0x00000000d5a80000,0x00000000d5ad0000,0x00000000d5b00000)
  to   space 512K, 0% used [0x00000000d5a00000,0x00000000d5a00000,0x00000000d5a80000)
 ParOldGen       total 1265664K, used 1265221K [0x0000000080000000, 0x00000000cd400000, 0x00000000d5580000)
  object space 1265664K, 99% used [0x0000000080000000,0x00000000cd3914b0,0x00000000cd400000)
 Metaspace       used 117442K, committed 120256K, reserved 1179648K
  class space    used 15171K, committed 16448K, reserved 1048576K
}
Event: 859.519 GC heap after
{Heap after GC invocations=9736 (full 5):
 PSYoungGen      total 4096K, used 352K [0x00000000d5580000, 0x00000000d5b00000, 0x0000000100000000)
  eden space 3584K, 0% used [0x00000000d5580000,0x00000000d5580000,0x00000000d5900000)
  from space 512K, 68% used [0x00000000d5a00000,0x00000000d5a58000,0x00000000d5a80000)
  to   space 512K, 0% used [0x00000000d5a80000,0x00000000d5a80000,0x00000000d5b00000)
 ParOldGen       total 1265664K, used 1265365K [0x0000000080000000, 0x00000000cd400000, 0x00000000d5580000)
  object space 1265664K, 99% used [0x0000000080000000,0x00000000cd3b54c0,0x00000000cd400000)
 Metaspace       used 117442K, committed 120256K, reserved 1179648K
  class space    used 15171K, committed 16448K, reserved 1048576K
}
Event: 859.585 GC heap before
{Heap before GC invocations=9737 (full 5):
 PSYoungGen      total 4096K, used 3936K [0x00000000d5580000, 0x00000000d5b00000, 0x0000000100000000)
  eden space 3584K, 100% used [0x00000000d5580000,0x00000000d5900000,0x00000000d5900000)
  from space 512K, 68% used [0x00000000d5a00000,0x00000000d5a58000,0x00000000d5a80000)
  to   space 512K, 0% used [0x00000000d5a80000,0x00000000d5a80000,0x00000000d5b00000)
 ParOldGen       total 1265664K, used 1265365K [0x0000000080000000, 0x00000000cd400000, 0x00000000d5580000)
  object space 1265664K, 99% used [0x0000000080000000,0x00000000cd3b54c0,0x00000000cd400000)
 Metaspace       used 117458K, committed 120320K, reserved 1179648K
  class space    used 15173K, committed 16448K, reserved 1048576K
}
Event: 859.587 GC heap after
{Heap after GC invocations=9737 (full 5):
 PSYoungGen      total 4096K, used 391K [0x00000000d5580000, 0x00000000d5b00000, 0x0000000100000000)
  eden space 3584K, 0% used [0x00000000d5580000,0x00000000d5580000,0x00000000d5900000)
  from space 512K, 76% used [0x00000000d5a80000,0x00000000d5ae1e10,0x00000000d5b00000)
  to   space 512K, 0% used [0x00000000d5a00000,0x00000000d5a00000,0x00000000d5a80000)
 ParOldGen       total 1265664K, used 1265457K [0x0000000080000000, 0x00000000cd400000, 0x00000000d5580000)
  object space 1265664K, 99% used [0x0000000080000000,0x00000000cd3cc4d0,0x00000000cd400000)
 Metaspace       used 117458K, committed 120320K, reserved 1179648K
  class space    used 15173K, committed 16448K, reserved 1048576K
}
Event: 859.616 GC heap before
{Heap before GC invocations=9738 (full 5):
 PSYoungGen      total 4096K, used 3975K [0x00000000d5580000, 0x00000000d5b00000, 0x0000000100000000)
  eden space 3584K, 99% used [0x00000000d5580000,0x00000000d58ffff0,0x00000000d5900000)
  from space 512K, 76% used [0x00000000d5a80000,0x00000000d5ae1e10,0x00000000d5b00000)
  to   space 512K, 0% used [0x00000000d5a00000,0x00000000d5a00000,0x00000000d5a80000)
 ParOldGen       total 1265664K, used 1265457K [0x0000000080000000, 0x00000000cd400000, 0x00000000d5580000)
  object space 1265664K, 99% used [0x0000000080000000,0x00000000cd3cc4d0,0x00000000cd400000)
 Metaspace       used 117462K, committed 120320K, reserved 1179648K
  class space    used 15173K, committed 16448K, reserved 1048576K
}
Event: 859.618 GC heap after
{Heap after GC invocations=9738 (full 5):
 PSYoungGen      total 4096K, used 412K [0x00000000d5580000, 0x00000000d5b00000, 0x0000000100000000)
  eden space 3584K, 0% used [0x00000000d5580000,0x00000000d5580000,0x00000000d5900000)
  from space 512K, 80% used [0x00000000d5a00000,0x00000000d5a67070,0x00000000d5a80000)
  to   space 512K, 0% used [0x00000000d5a80000,0x00000000d5a80000,0x00000000d5b00000)
 ParOldGen       total 1265664K, used 1265648K [0x0000000080000000, 0x00000000cd400000, 0x00000000d5580000)
  object space 1265664K, 99% used [0x0000000080000000,0x00000000cd3fc2e0,0x00000000cd400000)
 Metaspace       used 117462K, committed 120320K, reserved 1179648K
  class space    used 15173K, committed 16448K, reserved 1048576K
}
Event: 859.620 GC heap before
{Heap before GC invocations=9739 (full 5):
 PSYoungGen      total 4096K, used 3996K [0x00000000d5580000, 0x00000000d5b00000, 0x0000000100000000)
  eden space 3584K, 100% used [0x00000000d5580000,0x00000000d5900000,0x00000000d5900000)
  from space 512K, 80% used [0x00000000d5a00000,0x00000000d5a67070,0x00000000d5a80000)
  to   space 512K, 0% used [0x00000000d5a80000,0x00000000d5a80000,0x00000000d5b00000)
 ParOldGen       total 1265664K, used 1265648K [0x0000000080000000, 0x00000000cd400000, 0x00000000d5580000)
  object space 1265664K, 99% used [0x0000000080000000,0x00000000cd3fc2e0,0x00000000cd400000)
 Metaspace       used 117463K, committed 120320K, reserved 1179648K
  class space    used 15173K, committed 16448K, reserved 1048576K
}
Event: 859.622 GC heap after
{Heap after GC invocations=9739 (full 5):
 PSYoungGen      total 4096K, used 224K [0x00000000d5580000, 0x00000000d5b00000, 0x0000000100000000)
  eden space 3584K, 0% used [0x00000000d5580000,0x00000000d5580000,0x00000000d5900000)
  from space 512K, 43% used [0x00000000d5a80000,0x00000000d5ab8000,0x00000000d5b00000)
  to   space 512K, 0% used [0x00000000d5a00000,0x00000000d5a00000,0x00000000d5a80000)
 ParOldGen       total 1266176K, used 1265900K [0x0000000080000000, 0x00000000cd480000, 0x00000000d5580000)
  object space 1266176K, 99% used [0x0000000080000000,0x00000000cd43b370,0x00000000cd480000)
 Metaspace       used 117463K, committed 120320K, reserved 1179648K
  class space    used 15173K, committed 16448K, reserved 1048576K
}
Event: 859.626 GC heap before
{Heap before GC invocations=9740 (full 5):
 PSYoungGen      total 4096K, used 3807K [0x00000000d5580000, 0x00000000d5b00000, 0x0000000100000000)
  eden space 3584K, 99% used [0x00000000d5580000,0x00000000d58fff88,0x00000000d5900000)
  from space 512K, 43% used [0x00000000d5a80000,0x00000000d5ab8000,0x00000000d5b00000)
  to   space 512K, 0% used [0x00000000d5a00000,0x00000000d5a00000,0x00000000d5a80000)
 ParOldGen       total 1266176K, used 1265900K [0x0000000080000000, 0x00000000cd480000, 0x00000000d5580000)
  object space 1266176K, 99% used [0x0000000080000000,0x00000000cd43b370,0x00000000cd480000)
 Metaspace       used 117463K, committed 120320K, reserved 1179648K
  class space    used 15173K, committed 16448K, reserved 1048576K
}
Event: 859.628 GC heap after
{Heap after GC invocations=9740 (full 5):
 PSYoungGen      total 4096K, used 192K [0x00000000d5580000, 0x00000000d5b00000, 0x0000000100000000)
  eden space 3584K, 0% used [0x00000000d5580000,0x00000000d5580000,0x00000000d5900000)
  from space 512K, 37% used [0x00000000d5a00000,0x00000000d5a30000,0x00000000d5a80000)
  to   space 512K, 0% used [0x00000000d5a80000,0x00000000d5a80000,0x00000000d5b00000)
 ParOldGen       total 1266176K, used 1265972K [0x0000000080000000, 0x00000000cd480000, 0x00000000d5580000)
  object space 1266176K, 99% used [0x0000000080000000,0x00000000cd44d370,0x00000000cd480000)
 Metaspace       used 117463K, committed 120320K, reserved 1179648K
  class space    used 15173K, committed 16448K, reserved 1048576K
}
Event: 859.630 GC heap before
{Heap before GC invocations=9741 (full 5):
 PSYoungGen      total 4096K, used 3776K [0x00000000d5580000, 0x00000000d5b00000, 0x0000000100000000)
  eden space 3584K, 100% used [0x00000000d5580000,0x00000000d5900000,0x00000000d5900000)
  from space 512K, 37% used [0x00000000d5a00000,0x00000000d5a30000,0x00000000d5a80000)
  to   space 512K, 0% used [0x00000000d5a80000,0x00000000d5a80000,0x00000000d5b00000)
 ParOldGen       total 1266176K, used 1265972K [0x0000000080000000, 0x00000000cd480000, 0x00000000d5580000)
  object space 1266176K, 99% used [0x0000000080000000,0x00000000cd44d370,0x00000000cd480000)
 Metaspace       used 117463K, committed 120320K, reserved 1179648K
  class space    used 15173K, committed 16448K, reserved 1048576K
}
Event: 859.632 GC heap after
{Heap after GC invocations=9741 (full 5):
 PSYoungGen      total 5120K, used 64K [0x00000000d5580000, 0x00000000d5b00000, 0x0000000100000000)
  eden space 4608K, 0% used [0x00000000d5580000,0x00000000d5580000,0x00000000d5a00000)
  from space 512K, 12% used [0x00000000d5a80000,0x00000000d5a90000,0x00000000d5b00000)
  to   space 512K, 0% used [0x00000000d5a00000,0x00000000d5a00000,0x00000000d5a80000)
 ParOldGen       total 1266176K, used 1266004K [0x0000000080000000, 0x00000000cd480000, 0x00000000d5580000)
  object space 1266176K, 99% used [0x0000000080000000,0x00000000cd455370,0x00000000cd480000)
 Metaspace       used 117463K, committed 120320K, reserved 1179648K
  class space    used 15173K, committed 16448K, reserved 1048576K
}
Event: 859.637 GC heap before
{Heap before GC invocations=9742 (full 5):
 PSYoungGen      total 5120K, used 4672K [0x00000000d5580000, 0x00000000d5b00000, 0x0000000100000000)
  eden space 4608K, 100% used [0x00000000d5580000,0x00000000d5a00000,0x00000000d5a00000)
  from space 512K, 12% used [0x00000000d5a80000,0x00000000d5a90000,0x00000000d5b00000)
  to   space 512K, 0% used [0x00000000d5a00000,0x00000000d5a00000,0x00000000d5a80000)
 ParOldGen       total 1266176K, used 1266004K [0x0000000080000000, 0x00000000cd480000, 0x00000000d5580000)
  object space 1266176K, 99% used [0x0000000080000000,0x00000000cd455370,0x00000000cd480000)
 Metaspace       used 117463K, committed 120320K, reserved 1179648K
  class space    used 15173K, committed 16448K, reserved 1048576K
}
Event: 859.640 GC heap after
{Heap after GC invocations=9742 (full 5):
 PSYoungGen      total 5120K, used 256K [0x00000000d5580000, 0x00000000d5c00000, 0x0000000100000000)
  eden space 4608K, 0% used [0x00000000d5580000,0x00000000d5580000,0x00000000d5a00000)
  from space 512K, 50% used [0x00000000d5a00000,0x00000000d5a40000,0x00000000d5a80000)
  to   space 512K, 0% used [0x00000000d5b80000,0x00000000d5b80000,0x00000000d5c00000)
 ParOldGen       total 1266176K, used 1266020K [0x0000000080000000, 0x00000000cd480000, 0x00000000d5580000)
  object space 1266176K, 99% used [0x0000000080000000,0x00000000cd459370,0x00000000cd480000)
 Metaspace       used 117463K, committed 120320K, reserved 1179648K
  class space    used 15173K, committed 16448K, reserved 1048576K
}
Event: 859.643 GC heap before
{Heap before GC invocations=9743 (full 5):
 PSYoungGen      total 5120K, used 4864K [0x00000000d5580000, 0x00000000d5c00000, 0x0000000100000000)
  eden space 4608K, 100% used [0x00000000d5580000,0x00000000d5a00000,0x00000000d5a00000)
  from space 512K, 50% used [0x00000000d5a00000,0x00000000d5a40000,0x00000000d5a80000)
  to   space 512K, 0% used [0x00000000d5b80000,0x00000000d5b80000,0x00000000d5c00000)
 ParOldGen       total 1266176K, used 1266020K [0x0000000080000000, 0x00000000cd480000, 0x00000000d5580000)
  object space 1266176K, 99% used [0x0000000080000000,0x00000000cd459370,0x00000000cd480000)
 Metaspace       used 117463K, committed 120320K, reserved 1179648K
  class space    used 15173K, committed 16448K, reserved 1048576K
}
Event: 859.645 GC heap after
{Heap after GC invocations=9743 (full 5):
 PSYoungGen      total 6144K, used 192K [0x00000000d5580000, 0x00000000d5c00000, 0x0000000100000000)
  eden space 5632K, 0% used [0x00000000d5580000,0x00000000d5580000,0x00000000d5b00000)
  from space 512K, 37% used [0x00000000d5b80000,0x00000000d5bb0000,0x00000000d5c00000)
  to   space 512K, 0% used [0x00000000d5b00000,0x00000000d5b00000,0x00000000d5b80000)
 ParOldGen       total 1266176K, used 1266092K [0x0000000080000000, 0x00000000cd480000, 0x00000000d5580000)
  object space 1266176K, 99% used [0x0000000080000000,0x00000000cd46b370,0x00000000cd480000)
 Metaspace       used 117463K, committed 120320K, reserved 1179648K
  class space    used 15173K, committed 16448K, reserved 1048576K
}
Event: 859.687 GC heap before
{Heap before GC invocations=9744 (full 5):
 PSYoungGen      total 6144K, used 5824K [0x00000000d5580000, 0x00000000d5c00000, 0x0000000100000000)
  eden space 5632K, 100% used [0x00000000d5580000,0x00000000d5b00000,0x00000000d5b00000)
  from space 512K, 37% used [0x00000000d5b80000,0x00000000d5bb0000,0x00000000d5c00000)
  to   space 512K, 0% used [0x00000000d5b00000,0x00000000d5b00000,0x00000000d5b80000)
 ParOldGen       total 1266176K, used 1266092K [0x0000000080000000, 0x00000000cd480000, 0x00000000d5580000)
  object space 1266176K, 99% used [0x0000000080000000,0x00000000cd46b370,0x00000000cd480000)
 Metaspace       used 117463K, committed 120320K, reserved 1179648K
  class space    used 15173K, committed 16448K, reserved 1048576K
}
Event: 859.689 GC heap after
{Heap after GC invocations=9744 (full 5):
 PSYoungGen      total 6144K, used 352K [0x00000000d5580000, 0x00000000d5d80000, 0x0000000100000000)
  eden space 5632K, 0% used [0x00000000d5580000,0x00000000d5580000,0x00000000d5b00000)
  from space 512K, 68% used [0x00000000d5b00000,0x00000000d5b58000,0x00000000d5b80000)
  to   space 512K, 0% used [0x00000000d5d00000,0x00000000d5d00000,0x00000000d5d80000)
 ParOldGen       total 1266176K, used 1266100K [0x0000000080000000, 0x00000000cd480000, 0x00000000d5580000)
  object space 1266176K, 99% used [0x0000000080000000,0x00000000cd46d370,0x00000000cd480000)
 Metaspace       used 117463K, committed 120320K, reserved 1179648K
  class space    used 15173K, committed 16448K, reserved 1048576K
}

Dll operation events (19 events):
Event: 0.017 Loaded shared library c:\Users\Windows 11\.vscode\extensions\redhat.java-1.54.0-win32-x64\jre\21.0.10-win32-x86_64\bin\java.dll
Event: 0.043 Loaded shared library c:\Users\Windows 11\.vscode\extensions\redhat.java-1.54.0-win32-x64\jre\21.0.10-win32-x86_64\bin\zip.dll
Event: 0.106 Loaded shared library C:\Users\Windows 11\.vscode\extensions\redhat.java-1.54.0-win32-x64\jre\21.0.10-win32-x86_64\bin\instrument.dll
Event: 0.113 Loaded shared library C:\Users\Windows 11\.vscode\extensions\redhat.java-1.54.0-win32-x64\jre\21.0.10-win32-x86_64\bin\net.dll
Event: 0.116 Loaded shared library C:\Users\Windows 11\.vscode\extensions\redhat.java-1.54.0-win32-x64\jre\21.0.10-win32-x86_64\bin\nio.dll
Event: 0.118 Loaded shared library C:\Users\Windows 11\.vscode\extensions\redhat.java-1.54.0-win32-x64\jre\21.0.10-win32-x86_64\bin\zip.dll
Event: 0.133 Loaded shared library C:\Users\Windows 11\.vscode\extensions\redhat.java-1.54.0-win32-x64\jre\21.0.10-win32-x86_64\bin\jimage.dll
Event: 0.214 Loaded shared library c:\Users\Windows 11\.vscode\extensions\redhat.java-1.54.0-win32-x64\jre\21.0.10-win32-x86_64\bin\verify.dll
Event: 11.561 Loaded shared library C:\Users\Windows 11\AppData\Roaming\Code\User\globalStorage\redhat.java\1.54.0\config_win\org.eclipse.equinox.launcher\org.eclipse.equinox.launcher.win32.win32.x86_64_1.3.0.v20260203-2149\eclipse_11919.dll
Event: 22.511 Loaded shared library C:\Users\Windows 11\.vscode\extensions\redhat.java-1.54.0-win32-x64\jre\21.0.10-win32-x86_64\bin\management.dll
Event: 22.514 Loaded shared library C:\Users\Windows 11\.vscode\extensions\redhat.java-1.54.0-win32-x64\jre\21.0.10-win32-x86_64\bin\management_ext.dll
Event: 23.939 Loaded shared library C:\Users\Windows 11\AppData\Local\Temp\jna--438106883\jna18266668798680838230.dll
Event: 24.374 Loaded shared library C:\Users\Windows 11\.vscode\extensions\redhat.java-1.54.0-win32-x64\jre\21.0.10-win32-x86_64\bin\sunmscapi.dll
Event: 24.536 Loaded shared library C:\Users\Windows 11\.vscode\extensions\redhat.java-1.54.0-win32-x64\jre\21.0.10-win32-x86_64\bin\extnet.dll
Event: 44.352 Loaded shared library C:\Users\Windows 11\.gradle\native\1def1411415f61bf3af743bc5b6707747c0891f09f0c88961ee8f79bc544acac\windows-amd64\native-platform.dll
Event: 216.247 Loaded shared library C:\Users\Windows 11\.gradle\native\c067742578af261105cb4f569cf0c3c89f3d7b1fecec35dd04571415982c5e48\windows-amd64\native-platform.dll
Event: 249.683 Loaded shared library C:\Users\Windows 11\.gradle\native\c067742578af261105cb4f569cf0c3c89f3d7b1fecec35dd04571415982c5e48\windows-amd64-min\native-platform.dll
Event: 292.006 Loaded shared library C:\Users\Windows 11\.gradle\native\e1d6ef7f7dcc3fd88c89a11ec53ec762bb8ba0a96d01ffa2cd45eb1d1d8dd5c5\windows-amd64\native-platform.dll
Event: 423.844 Loaded shared library C:\Users\Windows 11\.gradle\native\e1d6ef7f7dcc3fd88c89a11ec53ec762bb8ba0a96d01ffa2cd45eb1d1d8dd5c5\windows-amd64-min\native-platform.dll

Deoptimization events (20 events):
Event: 859.199 Thread 0x000001eb91adc9c0 DEOPT PACKING pc=0x000001eba76cb10c sp=0x0000009d1affe410
Event: 859.199 Thread 0x000001eb91adc9c0 DEOPT UNPACKING pc=0x000001eba68d3aa2 sp=0x0000009d1affe3a0 mode 2
Event: 859.201 Thread 0x000001eb91adc9c0 Uncommon trap: trap_request=0xffffffc6 fr.pc=0x000001eba7b473d0 relative=0x00000000000015b0
Event: 859.201 Thread 0x000001eb91adc9c0 Uncommon trap: reason=bimorphic_or_optimized_type_check action=maybe_recompile pc=0x000001eba7b473d0 method=org.eclipse.core.internal.resources.Resource.filterChildren(Lorg/eclipse/core/internal/resources/Project;Lorg/eclipse/core/internal/resources/Proje
Event: 859.201 Thread 0x000001eb91adc9c0 DEOPT PACKING pc=0x000001eba7b473d0 sp=0x0000009d1affe3a0
Event: 859.201 Thread 0x000001eb91adc9c0 DEOPT UNPACKING pc=0x000001eba68d3aa2 sp=0x0000009d1affe368 mode 2
Event: 859.317 Thread 0x000001eb81a6d6f0 Uncommon trap: trap_request=0xffffffde fr.pc=0x000001eba7f92008 relative=0x00000000000001e8
Event: 859.318 Thread 0x000001eb81a6d6f0 Uncommon trap: reason=class_check action=maybe_recompile pc=0x000001eba7f92008 method=java.util.Collections$SynchronizedCollection.isEmpty()Z @ 11 c2
Event: 859.318 Thread 0x000001eb81a6d6f0 DEOPT PACKING pc=0x000001eba7f92008 sp=0x0000009d186feeb0
Event: 859.318 Thread 0x000001eb81a6d6f0 DEOPT UNPACKING pc=0x000001eba68d3aa2 sp=0x0000009d186fee60 mode 2
Event: 859.384 Thread 0x000001eb91adc9c0 DEOPT PACKING pc=0x000001eba104de41 sp=0x0000009d1affe250
Event: 859.384 Thread 0x000001eb91adc9c0 DEOPT UNPACKING pc=0x000001eba68d4242 sp=0x0000009d1affd730 mode 0
Event: 859.576 Thread 0x000001eb91adc9c0 Uncommon trap: trap_request=0xffffff45 fr.pc=0x000001eba77695f4 relative=0x0000000000000854
Event: 859.577 Thread 0x000001eb91adc9c0 Uncommon trap: reason=unstable_if action=reinterpret pc=0x000001eba77695f4 method=org.eclipse.jdt.internal.core.ClasspathEntry.equals(Ljava/lang/Object;)Z @ 27 c2
Event: 859.577 Thread 0x000001eb91adc9c0 DEOPT PACKING pc=0x000001eba77695f4 sp=0x0000009d1affdf50
Event: 859.577 Thread 0x000001eb91adc9c0 DEOPT UNPACKING pc=0x000001eba68d3aa2 sp=0x0000009d1affdee0 mode 2
Event: 859.577 Thread 0x000001eb91adc9c0 Uncommon trap: trap_request=0xffffff45 fr.pc=0x000001eba7507df4 relative=0x000000000000a114
Event: 859.577 Thread 0x000001eb91adc9c0 Uncommon trap: reason=unstable_if action=reinterpret pc=0x000001eba7507df4 method=org.eclipse.jdt.internal.core.JavaProject.resolveClasspath([Lorg/eclipse/jdt/core/IClasspathEntry;[Lorg/eclipse/jdt/core/IClasspathEntry;ZZ)Lorg/eclipse/jdt/internal/core/Ja
Event: 859.577 Thread 0x000001eb91adc9c0 DEOPT PACKING pc=0x000001eba7507df4 sp=0x0000009d1affdd50
Event: 859.577 Thread 0x000001eb91adc9c0 DEOPT UNPACKING pc=0x000001eba68d3aa2 sp=0x0000009d1affdd10 mode 2

Classes loaded (20 events):
Event: 353.518 Loading class sun/nio/cs/ThreadLocalCoders$Cache done
Event: 353.518 Loading class sun/nio/cs/ThreadLocalCoders$1 done
Event: 353.518 Loading class sun/nio/cs/ThreadLocalCoders$2
Event: 353.518 Loading class sun/nio/cs/ThreadLocalCoders$2 done
Event: 356.348 Loading class java/lang/invoke/MethodHandleImpl$CountingWrapper$1
Event: 356.348 Loading class java/lang/invoke/MethodHandleImpl$CountingWrapper$1 done
Event: 439.397 Loading class java/lang/Throwable$WrappedPrintWriter
Event: 439.397 Loading class java/lang/Throwable$WrappedPrintWriter done
Event: 712.844 Loading class sun/net/ConnectionResetException
Event: 712.844 Loading class sun/net/ConnectionResetException done
Event: 809.034 Loading class java/util/concurrent/CompletableFuture$UniApply
Event: 809.035 Loading class java/util/concurrent/CompletableFuture$UniCompletion
Event: 809.035 Loading class java/util/concurrent/CompletableFuture$UniCompletion done
Event: 809.035 Loading class java/util/concurrent/CompletableFuture$UniApply done
Event: 809.037 Loading class java/util/concurrent/CompletableFuture$UniAccept
Event: 809.037 Loading class java/util/concurrent/CompletableFuture$UniAccept done
Event: 809.037 Loading class java/util/concurrent/CompletableFuture$UniExceptionally
Event: 809.037 Loading class java/util/concurrent/CompletableFuture$UniExceptionally done
Event: 812.147 Loading class java/net/DatagramPacket
Event: 812.148 Loading class java/net/DatagramPacket done

Classes unloaded (14 events):
Event: 23.150 Thread 0x000001eb9acc5c10 Unloading class 0x000001ebb51a3400 'java/lang/invoke/LambdaForm$MH+0x000001ebb51a3400'
Event: 23.150 Thread 0x000001eb9acc5c10 Unloading class 0x000001ebb51a3000 'java/lang/invoke/LambdaForm$MH+0x000001ebb51a3000'
Event: 23.150 Thread 0x000001eb9acc5c10 Unloading class 0x000001ebb51a2c00 'java/lang/invoke/LambdaForm$MH+0x000001ebb51a2c00'
Event: 23.150 Thread 0x000001eb9acc5c10 Unloading class 0x000001ebb51a2800 'java/lang/invoke/LambdaForm$MH+0x000001ebb51a2800'
Event: 23.150 Thread 0x000001eb9acc5c10 Unloading class 0x000001ebb51a2400 'java/lang/invoke/LambdaForm$BMH+0x000001ebb51a2400'
Event: 23.150 Thread 0x000001eb9acc5c10 Unloading class 0x000001ebb51a2000 'java/lang/invoke/LambdaForm$DMH+0x000001ebb51a2000'
Event: 23.150 Thread 0x000001eb9acc5c10 Unloading class 0x000001ebb51a1000 'java/lang/invoke/LambdaForm$DMH+0x000001ebb51a1000'
Event: 24.398 Thread 0x000001eb9acc5c10 Unloading class 0x000001ebb538d800 'java/lang/invoke/LambdaForm$MH+0x000001ebb538d800'
Event: 24.398 Thread 0x000001eb9acc5c10 Unloading class 0x000001ebb538cc00 'java/lang/invoke/LambdaForm$MH+0x000001ebb538cc00'
Event: 24.398 Thread 0x000001eb9acc5c10 Unloading class 0x000001ebb538c400 'java/lang/invoke/LambdaForm$MH+0x000001ebb538c400'
Event: 24.398 Thread 0x000001eb9acc5c10 Unloading class 0x000001ebb538b800 'java/lang/invoke/LambdaForm$MH+0x000001ebb538b800'
Event: 24.398 Thread 0x000001eb9acc5c10 Unloading class 0x000001ebb538b400 'java/lang/invoke/LambdaForm$DMH+0x000001ebb538b400'
Event: 24.398 Thread 0x000001eb9acc5c10 Unloading class 0x000001ebb538a800 'java/lang/invoke/LambdaForm$MH+0x000001ebb538a800'
Event: 56.312 Thread 0x000001eb9acc5c10 Unloading class 0x000001ebb55bc400 'java/lang/invoke/LambdaForm$DMH+0x000001ebb55bc400'

Classes redefined (0 events):
No events

Internal exceptions (20 events):
Event: 859.657 Thread 0x000001eb91adc9c0 Exception <a 'sun/nio/fs/WindowsException'{0x00000000d57cc618}> (0x00000000d57cc618) 
thrown [s\src\hotspot\share\prims\jni.cpp, line 520]
Event: 859.657 Thread 0x000001eb91adc9c0 Exception <a 'sun/nio/fs/WindowsException'{0x00000000d57cce48}> (0x00000000d57cce48) 
thrown [s\src\hotspot\share\prims\jni.cpp, line 520]
Event: 859.658 Thread 0x000001eb91adc9c0 Exception <a 'sun/nio/fs/WindowsException'{0x00000000d57cfd30}> (0x00000000d57cfd30) 
thrown [s\src\hotspot\share\prims\jni.cpp, line 520]
Event: 859.659 Thread 0x000001eb91adc9c0 Exception <a 'sun/nio/fs/WindowsException'{0x00000000d57d0560}> (0x00000000d57d0560) 
thrown [s\src\hotspot\share\prims\jni.cpp, line 520]
Event: 859.667 Thread 0x000001eb91adc9c0 Exception <a 'sun/nio/fs/WindowsException'{0x00000000d58a97b8}> (0x00000000d58a97b8) 
thrown [s\src\hotspot\share\prims\jni.cpp, line 520]
Event: 859.668 Thread 0x000001eb91adc9c0 Exception <a 'sun/nio/fs/WindowsException'{0x00000000d58a9fe8}> (0x00000000d58a9fe8) 
thrown [s\src\hotspot\share\prims\jni.cpp, line 520]
Event: 859.668 Thread 0x000001eb91adc9c0 Exception <a 'sun/nio/fs/WindowsException'{0x00000000d58ab130}> (0x00000000d58ab130) 
thrown [s\src\hotspot\share\prims\jni.cpp, line 520]
Event: 859.669 Thread 0x000001eb91adc9c0 Exception <a 'sun/nio/fs/WindowsException'{0x00000000d58ab960}> (0x00000000d58ab960) 
thrown [s\src\hotspot\share\prims\jni.cpp, line 520]
Event: 859.669 Thread 0x000001eb909ef010 Exception <a 'sun/nio/fs/WindowsException'{0x00000000d58afe40}> (0x00000000d58afe40) 
thrown [s\src\hotspot\share\prims\jni.cpp, line 520]
Event: 859.669 Thread 0x000001eb909ef010 Exception <a 'sun/nio/fs/WindowsException'{0x00000000d58b0670}> (0x00000000d58b0670) 
thrown [s\src\hotspot\share\prims\jni.cpp, line 520]
Event: 859.670 Thread 0x000001eb91adc9c0 Exception <a 'sun/nio/fs/WindowsException'{0x00000000d58c5d40}> (0x00000000d58c5d40) 
thrown [s\src\hotspot\share\prims\jni.cpp, line 520]
Event: 859.670 Thread 0x000001eb91adc9c0 Exception <a 'sun/nio/fs/WindowsException'{0x00000000d58c6570}> (0x00000000d58c6570) 
thrown [s\src\hotspot\share\prims\jni.cpp, line 520]
Event: 859.681 Thread 0x000001eb91adc9c0 Exception <a 'sun/nio/fs/WindowsException'{0x00000000d5a97e78}> (0x00000000d5a97e78) 
thrown [s\src\hotspot\share\prims\jni.cpp, line 520]
Event: 859.681 Thread 0x000001eb91adc9c0 Exception <a 'sun/nio/fs/WindowsException'{0x00000000d5a986a8}> (0x00000000d5a986a8) 
thrown [s\src\hotspot\share\prims\jni.cpp, line 520]
Event: 859.682 Thread 0x000001eb91adc9c0 Exception <a 'sun/nio/fs/WindowsException'{0x00000000d5a9f218}> (0x00000000d5a9f218) 
thrown [s\src\hotspot\share\prims\jni.cpp, line 520]
Event: 859.682 Thread 0x000001eb91adc9c0 Exception <a 'sun/nio/fs/WindowsException'{0x00000000d5a9fa48}> (0x00000000d5a9fa48) 
thrown [s\src\hotspot\share\prims\jni.cpp, line 520]
Event: 859.682 Thread 0x000001eb91adc9c0 Exception <a 'sun/nio/fs/WindowsException'{0x00000000d5aa1470}> (0x00000000d5aa1470) 
thrown [s\src\hotspot\share\prims\jni.cpp, line 520]
Event: 859.682 Thread 0x000001eb91adc9c0 Exception <a 'sun/nio/fs/WindowsException'{0x00000000d5aa1ca0}> (0x00000000d5aa1ca0) 
thrown [s\src\hotspot\share\prims\jni.cpp, line 520]
Event: 859.800 Thread 0x000001ebf59413b0 Exception <a 'sun/nio/fs/WindowsException'{0x00000000d58f6ef0}> (0x00000000d58f6ef0) 
thrown [s\src\hotspot\share\prims\jni.cpp, line 520]
Event: 859.800 Thread 0x000001ebf59413b0 Exception <a 'sun/nio/fs/WindowsException'{0x00000000d58f7968}> (0x00000000d58f7968) 
thrown [s\src\hotspot\share\prims\jni.cpp, line 520]

ZGC Phase Switch (0 events):
No events

VM Operations (20 events):
Event: 859.400 Executing safepoint VM operation: ParallelGCFailedAllocation (Allocation Failure)
Event: 859.403 Executing safepoint VM operation: ParallelGCFailedAllocation (Allocation Failure) done
Event: 859.516 Executing safepoint VM operation: ParallelGCFailedAllocation (Allocation Failure)
Event: 859.519 Executing safepoint VM operation: ParallelGCFailedAllocation (Allocation Failure) done
Event: 859.585 Executing safepoint VM operation: ParallelGCFailedAllocation (Allocation Failure)
Event: 859.587 Executing safepoint VM operation: ParallelGCFailedAllocation (Allocation Failure) done
Event: 859.616 Executing safepoint VM operation: ParallelGCFailedAllocation (Allocation Failure)
Event: 859.618 Executing safepoint VM operation: ParallelGCFailedAllocation (Allocation Failure) done
Event: 859.620 Executing safepoint VM operation: ParallelGCFailedAllocation (Allocation Failure)
Event: 859.622 Executing safepoint VM operation: ParallelGCFailedAllocation (Allocation Failure) done
Event: 859.626 Executing safepoint VM operation: ParallelGCFailedAllocation (Allocation Failure)
Event: 859.628 Executing safepoint VM operation: ParallelGCFailedAllocation (Allocation Failure) done
Event: 859.630 Executing safepoint VM operation: ParallelGCFailedAllocation (Allocation Failure)
Event: 859.632 Executing safepoint VM operation: ParallelGCFailedAllocation (Allocation Failure) done
Event: 859.637 Executing safepoint VM operation: ParallelGCFailedAllocation (Allocation Failure)
Event: 859.640 Executing safepoint VM operation: ParallelGCFailedAllocation (Allocation Failure) done
Event: 859.643 Executing safepoint VM operation: ParallelGCFailedAllocation (Allocation Failure)
Event: 859.645 Executing safepoint VM operation: ParallelGCFailedAllocation (Allocation Failure) done
Event: 859.687 Executing safepoint VM operation: ParallelGCFailedAllocation (Allocation Failure)
Event: 859.689 Executing safepoint VM operation: ParallelGCFailedAllocation (Allocation Failure) done

Memory protections (0 events):
No events

Nmethod flushes (20 events):
Event: 566.147 Thread 0x000001eb9acc5c10 flushing  nmethod 0x000001eba0e72110
Event: 566.147 Thread 0x000001eb9acc5c10 flushing  nmethod 0x000001eba0e73310
Event: 566.147 Thread 0x000001eb9acc5c10 flushing  nmethod 0x000001eba0e79a10
Event: 566.147 Thread 0x000001eb9acc5c10 flushing  nmethod 0x000001eba0e79e10
Event: 566.147 Thread 0x000001eb9acc5c10 flushing  nmethod 0x000001eba0e7a310
Event: 566.147 Thread 0x000001eb9acc5c10 flushing  nmethod 0x000001eba0e7bc90
Event: 566.147 Thread 0x000001eb9acc5c10 flushing  nmethod 0x000001eba0e7c790
Event: 566.147 Thread 0x000001eb9acc5c10 flushing  nmethod 0x000001eba0e7fb90
Event: 566.147 Thread 0x000001eb9acc5c10 flushing  nmethod 0x000001eba0e80910
Event: 566.147 Thread 0x000001eb9acc5c10 flushing  nmethod 0x000001eba0e90790
Event: 566.147 Thread 0x000001eb9acc5c10 flushing  nmethod 0x000001eba0e91510
Event: 566.147 Thread 0x000001eb9acc5c10 flushing osr nmethod 0x000001eba0e97610
Event: 566.147 Thread 0x000001eb9acc5c10 flushing  nmethod 0x000001eba0ed1f10
Event: 566.147 Thread 0x000001eb9acc5c10 flushing  nmethod 0x000001eba0eefd10
Event: 566.147 Thread 0x000001eb9acc5c10 flushing  nmethod 0x000001eba0ef0890
Event: 566.147 Thread 0x000001eb9acc5c10 flushing  nmethod 0x000001eba0ef7b10
Event: 566.147 Thread 0x000001eb9acc5c10 flushing  nmethod 0x000001eba0ef8290
Event: 566.147 Thread 0x000001eb9acc5c10 flushing  nmethod 0x000001eba0efd510
Event: 566.147 Thread 0x000001eb9acc5c10 flushing  nmethod 0x000001eba0f16e90
Event: 566.147 Thread 0x000001eb9acc5c10 flushing  nmethod 0x000001eba0f19610

Events (20 events):
Event: 859.206 Thread 0x000001eb91721750 Thread added: 0x000001eb91723820
Event: 859.206 Thread 0x000001eb9171d5b0 Thread added: 0x000001eb91723eb0
Event: 859.206 Thread 0x000001eb91723820 Thread exited: 0x000001eb91723820
Event: 859.207 Thread 0x000001eb91724540 Thread exited: 0x000001eb91724540
Event: 859.207 Thread 0x000001eb91723eb0 Thread exited: 0x000001eb91723eb0
Event: 859.207 Thread 0x000001eb9171d5b0 Thread exited: 0x000001eb9171d5b0
Event: 859.207 Thread 0x000001eb91721750 Thread exited: 0x000001eb91721750
Event: 859.207 Thread 0x000001eb91723190 Thread exited: 0x000001eb91723190
Event: 859.207 Thread 0x000001eb9171dc40 Thread exited: 0x000001eb9171dc40
Event: 859.207 Thread 0x000001eb91721de0 Thread exited: 0x000001eb91721de0
Event: 859.207 Thread 0x000001eb91722470 Thread exited: 0x000001eb91722470
Event: 859.208 Thread 0x000001eb917210c0 Thread exited: 0x000001eb917210c0
Event: 859.359 Thread 0x000001eb9171e2d0 Thread exited: 0x000001eb9171e2d0
Event: 859.364 Thread 0x000001eb909ef6a0 Thread added: 0x000001eb9171d5b0
Event: 859.404 Thread 0x000001eb9171d5b0 Thread added: 0x000001eb917210c0
Event: 859.613 Thread 0x000001eb9171eff0 Thread exited: 0x000001eb9171eff0
Event: 859.678 Thread 0x000001eb917203a0 Thread exited: 0x000001eb917203a0
Event: 859.681 Thread 0x000001eb909ef010 Thread added: 0x000001eb9171e2d0
Event: 859.702 Thread 0x000001eb9171e2d0 Thread added: 0x000001eb9171eff0
Event: 860.802 Thread 0x000001eb8d95a1b0 Thread exited: 0x000001eb8d95a1b0


Dynamic libraries:
0x00007ff61eb00000 - 0x00007ff61eb0e000 	c:\Users\Windows 11\.vscode\extensions\redhat.java-1.54.0-win32-x64\jre\21.0.10-win32-x86_64\bin\java.exe
0x00007ffa9afc0000 - 0x00007ffa9b226000 	C:\WINDOWS\SYSTEM32\ntdll.dll
0x00007ffa99d20000 - 0x00007ffa99de9000 	C:\WINDOWS\System32\KERNEL32.DLL
0x00007ffa98330000 - 0x00007ffa9872a000 	C:\WINDOWS\System32\KERNELBASE.dll
0x00007ffa93fd0000 - 0x00007ffa94070000 	C:\WINDOWS\SYSTEM32\apphelp.dll
0x00007ffa989b0000 - 0x00007ffa98afc000 	C:\WINDOWS\System32\ucrtbase.dll
0x00007ffa658b0000 - 0x00007ffa658c8000 	c:\Users\Windows 11\.vscode\extensions\redhat.java-1.54.0-win32-x64\jre\21.0.10-win32-x86_64\bin\jli.dll
0x00007ffa99170000 - 0x00007ffa99337000 	C:\WINDOWS\System32\USER32.dll
0x00007ffa98250000 - 0x00007ffa98277000 	C:\WINDOWS\System32\win32u.dll
0x00007ffa9ac40000 - 0x00007ffa9ac6b000 	C:\WINDOWS\System32\GDI32.dll
0x00007ffa98730000 - 0x00007ffa9885b000 	C:\WINDOWS\System32\gdi32full.dll
0x00007ffa98b00000 - 0x00007ffa98ba3000 	C:\WINDOWS\System32\msvcp_win.dll
0x00007ffa666f0000 - 0x00007ffa6670e000 	c:\Users\Windows 11\.vscode\extensions\redhat.java-1.54.0-win32-x64\jre\21.0.10-win32-x86_64\bin\VCRUNTIME140.dll
0x00007ffa7c9e0000 - 0x00007ffa7cc72000 	C:\WINDOWS\WinSxS\amd64_microsoft.windows.common-controls_6595b64144ccf1df_6.0.26100.8521_none_3e08b75ce33403b3\COMCTL32.dll
0x00007ffa9aa20000 - 0x00007ffa9aac9000 	C:\WINDOWS\System32\msvcrt.dll
0x00007ffa99ce0000 - 0x00007ffa99d12000 	C:\WINDOWS\System32\IMM32.DLL
0x00007ffa80360000 - 0x00007ffa8036c000 	c:\Users\Windows 11\.vscode\extensions\redhat.java-1.54.0-win32-x64\jre\21.0.10-win32-x86_64\bin\vcruntime140_1.dll
0x00007ffa440c0000 - 0x00007ffa4414d000 	c:\Users\Windows 11\.vscode\extensions\redhat.java-1.54.0-win32-x64\jre\21.0.10-win32-x86_64\bin\msvcp140.dll
0x00007ff9a9660000 - 0x00007ff9aa401000 	c:\Users\Windows 11\.vscode\extensions\redhat.java-1.54.0-win32-x64\jre\21.0.10-win32-x86_64\bin\server\jvm.dll
0x00007ffa990a0000 - 0x00007ffa99156000 	C:\WINDOWS\System32\ADVAPI32.dll
0x00007ffa9a5e0000 - 0x00007ffa9a68a000 	C:\WINDOWS\System32\sechost.dll
0x00007ffa9aad0000 - 0x00007ffa9abe8000 	C:\WINDOWS\System32\RPCRT4.dll
0x00007ffa996a0000 - 0x00007ffa99720000 	C:\WINDOWS\System32\WS2_32.dll
0x00007ffa8cef0000 - 0x00007ffa8cf26000 	C:\WINDOWS\SYSTEM32\WINMM.dll
0x00007ffa95680000 - 0x00007ffa9568b000 	C:\WINDOWS\SYSTEM32\VERSION.dll
0x00007ffa96e50000 - 0x00007ffa96eae000 	C:\WINDOWS\SYSTEM32\POWRPROF.dll
0x00007ffa96e30000 - 0x00007ffa96e44000 	C:\WINDOWS\SYSTEM32\UMPDC.dll
0x00007ffa97100000 - 0x00007ffa9711b000 	C:\WINDOWS\SYSTEM32\kernel.appcore.dll
0x00007ffa7e510000 - 0x00007ffa7e51a000 	c:\Users\Windows 11\.vscode\extensions\redhat.java-1.54.0-win32-x64\jre\21.0.10-win32-x86_64\bin\jimage.dll
0x00007ffa94f00000 - 0x00007ffa95142000 	C:\WINDOWS\SYSTEM32\DBGHELP.DLL
0x00007ffa9a690000 - 0x00007ffa9aa13000 	C:\WINDOWS\System32\combase.dll
0x00007ffa99750000 - 0x00007ffa99829000 	C:\WINDOWS\System32\OLEAUT32.dll
0x00007ffa7aad0000 - 0x00007ffa7ab0b000 	C:\WINDOWS\SYSTEM32\dbgcore.DLL
0x00007ffa98280000 - 0x00007ffa98328000 	C:\WINDOWS\System32\bcryptPrimitives.dll
0x00007ffa71fa0000 - 0x00007ffa71faf000 	c:\Users\Windows 11\.vscode\extensions\redhat.java-1.54.0-win32-x64\jre\21.0.10-win32-x86_64\bin\instrument.dll
0x00007ffa594f0000 - 0x00007ffa59510000 	c:\Users\Windows 11\.vscode\extensions\redhat.java-1.54.0-win32-x64\jre\21.0.10-win32-x86_64\bin\java.dll
0x00007ffa99df0000 - 0x00007ffa9a574000 	C:\WINDOWS\System32\SHELL32.dll
0x00007ffa95e20000 - 0x00007ffa966a0000 	C:\WINDOWS\SYSTEM32\windows.storage.dll
0x00007ffa9ae80000 - 0x00007ffa9af76000 	C:\WINDOWS\System32\SHCORE.dll
0x00007ffa98d30000 - 0x00007ffa98d97000 	C:\WINDOWS\System32\shlwapi.dll
0x00007ffa98170000 - 0x00007ffa98199000 	C:\WINDOWS\SYSTEM32\profapi.dll
0x00007ffa59460000 - 0x00007ffa59478000 	c:\Users\Windows 11\.vscode\extensions\redhat.java-1.54.0-win32-x64\jre\21.0.10-win32-x86_64\bin\zip.dll
0x00007ffa7e3b0000 - 0x00007ffa7e3c0000 	C:\Users\Windows 11\.vscode\extensions\redhat.java-1.54.0-win32-x64\jre\21.0.10-win32-x86_64\bin\net.dll
0x00007ffa8fd00000 - 0x00007ffa8fe29000 	C:\WINDOWS\SYSTEM32\WINHTTP.dll
0x00007ffa97670000 - 0x00007ffa976dc000 	C:\WINDOWS\system32\mswsock.dll
0x00007ffa592c0000 - 0x00007ffa592d6000 	C:\Users\Windows 11\.vscode\extensions\redhat.java-1.54.0-win32-x64\jre\21.0.10-win32-x86_64\bin\nio.dll
0x00007ffa71f70000 - 0x00007ffa71f80000 	c:\Users\Windows 11\.vscode\extensions\redhat.java-1.54.0-win32-x64\jre\21.0.10-win32-x86_64\bin\verify.dll
0x00007ffa3c300000 - 0x00007ffa3c345000 	C:\Users\Windows 11\AppData\Roaming\Code\User\globalStorage\redhat.java\1.54.0\config_win\org.eclipse.equinox.launcher\org.eclipse.equinox.launcher.win32.win32.x86_64_1.3.0.v20260203-2149\eclipse_11919.dll
0x00007ffa98f00000 - 0x00007ffa99098000 	C:\WINDOWS\System32\ole32.dll
0x00007ffa71f20000 - 0x00007ffa71f2a000 	C:\Users\Windows 11\.vscode\extensions\redhat.java-1.54.0-win32-x64\jre\21.0.10-win32-x86_64\bin\management.dll
0x00007ffa699d0000 - 0x00007ffa699dc000 	C:\Users\Windows 11\.vscode\extensions\redhat.java-1.54.0-win32-x64\jre\21.0.10-win32-x86_64\bin\management_ext.dll
0x00007ffa99160000 - 0x00007ffa99168000 	C:\WINDOWS\System32\PSAPI.DLL
0x00007ffa97950000 - 0x00007ffa9796b000 	C:\WINDOWS\SYSTEM32\CRYPTSP.dll
0x00007ffa97060000 - 0x00007ffa97099000 	C:\WINDOWS\system32\rsaenh.dll
0x00007ffa97720000 - 0x00007ffa97753000 	C:\WINDOWS\SYSTEM32\USERENV.dll
0x00007ffa98140000 - 0x00007ffa9816a000 	C:\WINDOWS\SYSTEM32\bcrypt.dll
0x00007ffa97970000 - 0x00007ffa9797c000 	C:\WINDOWS\SYSTEM32\CRYPTBASE.dll
0x00007ffa96b10000 - 0x00007ffa96b43000 	C:\WINDOWS\SYSTEM32\IPHLPAPI.DLL
0x00007ffa99cd0000 - 0x00007ffa99cda000 	C:\WINDOWS\System32\NSI.dll
0x00007ffa36c60000 - 0x00007ffa36ca9000 	C:\Users\Windows 11\AppData\Local\Temp\jna--438106883\jna18266668798680838230.dll
0x00007ffa91750000 - 0x00007ffa9176d000 	C:\WINDOWS\SYSTEM32\dhcpcsvc6.DLL
0x00007ffa91600000 - 0x00007ffa91625000 	C:\WINDOWS\SYSTEM32\dhcpcsvc.DLL
0x00007ffa7e360000 - 0x00007ffa7e36e000 	C:\Users\Windows 11\.vscode\extensions\redhat.java-1.54.0-win32-x64\jre\21.0.10-win32-x86_64\bin\sunmscapi.dll
0x00007ffa98bb0000 - 0x00007ffa98d28000 	C:\WINDOWS\System32\CRYPT32.dll
0x00007ffa97b70000 - 0x00007ffa97ba0000 	C:\WINDOWS\SYSTEM32\ncrypt.dll
0x00007ffa97b20000 - 0x00007ffa97b5f000 	C:\WINDOWS\SYSTEM32\NTASN1.dll
0x00007ffa96be0000 - 0x00007ffa96d2a000 	C:\WINDOWS\SYSTEM32\DNSAPI.dll
0x00007ffa97470000 - 0x00007ffa9747d000 	C:\WINDOWS\SYSTEM32\DSPARSE.dll
0x00007ffa8f880000 - 0x00007ffa8f88b000 	C:\Windows\System32\rasadhlp.dll
0x00007ffa91f40000 - 0x00007ffa91fc6000 	C:\WINDOWS\System32\fwpuclnt.dll
0x00007ffa7e0f0000 - 0x00007ffa7e0f9000 	C:\Users\Windows 11\.vscode\extensions\redhat.java-1.54.0-win32-x64\jre\21.0.10-win32-x86_64\bin\extnet.dll
0x00007ffa58fa0000 - 0x00007ffa58fc7000 	C:\Users\Windows 11\.gradle\native\1def1411415f61bf3af743bc5b6707747c0891f09f0c88961ee8f79bc544acac\windows-amd64\native-platform.dll
0x00007ffa80490000 - 0x00007ffa80498000 	C:\WINDOWS\system32\wshunix.dll
0x00007ffa90260000 - 0x00007ffa90287000 	C:\Users\Windows 11\.gradle\native\c067742578af261105cb4f569cf0c3c89f3d7b1fecec35dd04571415982c5e48\windows-amd64\native-platform.dll
0x00007ffa56b50000 - 0x00007ffa56b77000 	C:\Users\Windows 11\.gradle\native\c067742578af261105cb4f569cf0c3c89f3d7b1fecec35dd04571415982c5e48\windows-amd64-min\native-platform.dll
0x00007ffa84850000 - 0x00007ffa84877000 	C:\Users\Windows 11\.gradle\native\e1d6ef7f7dcc3fd88c89a11ec53ec762bb8ba0a96d01ffa2cd45eb1d1d8dd5c5\windows-amd64\native-platform.dll
0x00007ffa7e540000 - 0x00007ffa7e567000 	C:\Users\Windows 11\.gradle\native\e1d6ef7f7dcc3fd88c89a11ec53ec762bb8ba0a96d01ffa2cd45eb1d1d8dd5c5\windows-amd64-min\native-platform.dll

JVMTI agents:
c:\Users\Windows 11\.vscode\extensions\redhat.java-1.54.0-win32-x64\lombok\lombok-1.18.39-4050.jar path:c:\Users\Windows 11\.vscode\extensions\redhat.java-1.54.0-win32-x64\jre\21.0.10-win32-x86_64\bin\instrument.dll, loaded, initialized, instrumentlib options:none

dbghelp: loaded successfully - version: 4.0.5 - missing functions: none
symbol engine: initialized successfully - sym options: 0x614 - pdb path: .;c:\Users\Windows 11\.vscode\extensions\redhat.java-1.54.0-win32-x64\jre\21.0.10-win32-x86_64\bin;C:\WINDOWS\SYSTEM32;C:\WINDOWS\WinSxS\amd64_microsoft.windows.common-controls_6595b64144ccf1df_6.0.26100.8521_none_3e08b75ce33403b3;c:\Users\Windows 11\.vscode\extensions\redhat.java-1.54.0-win32-x64\jre\21.0.10-win32-x86_64\bin\server;C:\Users\Windows 11\AppData\Roaming\Code\User\globalStorage\redhat.java\1.54.0\config_win\org.eclipse.equinox.launcher\org.eclipse.equinox.launcher.win32.win32.x86_64_1.3.0.v20260203-2149;C:\Users\Windows 11\AppData\Local\Temp\jna--438106883;C:\Users\Windows 11\.gradle\native\1def1411415f61bf3af743bc5b6707747c0891f09f0c88961ee8f79bc544acac\windows-amd64;C:\Users\Windows 11\.gradle\native\c067742578af261105cb4f569cf0c3c89f3d7b1fecec35dd04571415982c5e48\windows-amd64;C:\Users\Windows 11\.gradle\native\c067742578af261105cb4f569cf0c3c89f3d7b1fecec35dd04571415982c5e48\windows-amd64-min;C:\Users\Windows 11\.gradle\native\e1d6ef7f7dcc3fd88c89a11ec53ec762bb8ba0a96d01ffa2cd45eb1d1d8dd5c5\windows-amd64;C:\Users\Windows 11\.gradle\native\e1d6ef7f7dcc3fd88c89a11ec53ec762bb8ba0a96d01ffa2cd45eb1d1d8dd5c5\windows-amd64-min

VM Arguments:
jvm_args: --add-modules=ALL-SYSTEM --add-opens=java.base/java.util=ALL-UNNAMED --add-opens=java.base/java.lang=ALL-UNNAMED --add-opens=java.base/sun.nio.fs=ALL-UNNAMED -Declipse.application=org.eclipse.jdt.ls.core.id1 -Dosgi.bundles.defaultStartLevel=4 -Declipse.product=org.eclipse.jdt.ls.core.product -Djava.import.generatesMetadataFilesAtProjectRoot=false -DDetectVMInstallationsJob.disabled=true -Dfile.encoding=utf8 -XX:+UseParallelGC -XX:GCTimeRatio=4 -XX:AdaptiveSizePolicyWeight=90 -Dsun.zip.disableMemoryMapping=true -Xmx2G -Xms100m -Xlog:disable -javaagent:c:\Users\Windows 11\.vscode\extensions\redhat.java-1.54.0-win32-x64\lombok\lombok-1.18.39-4050.jar -XX:+HeapDumpOnOutOfMemoryError -XX:HeapDumpPath=c:\Users\Windows 11\AppData\Roaming\Code\User\workspaceStorage\a867be37de873a6d6c57308c94e3df1c\redhat.java -Daether.dependencyCollector.impl=bf 
java_command: c:\Users\Windows 11\.vscode\extensions\redhat.java-1.54.0-win32-x64\server\plugins\org.eclipse.equinox.launcher_1.7.100.v20251111-0406.jar -configuration c:\Users\Windows 11\AppData\Roaming\Code\User\globalStorage\redhat.java\1.54.0\config_win -data c:\Users\Windows 11\AppData\Roaming\Code\User\workspaceStorage\a867be37de873a6d6c57308c94e3df1c\redhat.java\jdt_ws --pipe=\\.\pipe\lsp-70895061e93735aa793e026e6e4a070e-sock
java_class_path (initial): c:\Users\Windows 11\.vscode\extensions\redhat.java-1.54.0-win32-x64\server\plugins\org.eclipse.equinox.launcher_1.7.100.v20251111-0406.jar
Launcher Type: SUN_STANDARD

[Global flags]
    uintx AdaptiveSizePolicyWeight                 = 90                                        {product} {command line}
     intx CICompilerCount                          = 12                                        {product} {ergonomic}
    uintx GCTimeRatio                              = 4                                         {product} {command line}
     bool HeapDumpOnOutOfMemoryError               = true                                   {manageable} {command line}
    ccstr HeapDumpPath                             = c:\Users\Windows 11\AppData\Roaming\Code\User\workspaceStorage\a867be37de873a6d6c57308c94e3df1c\redhat.java         {manageable} {command line}
   size_t InitialHeapSize                          = 104857600                                 {product} {command line}
   size_t MaxHeapSize                              = 2147483648                                {product} {command line}
   size_t MaxNewSize                               = 715653120                                 {product} {ergonomic}
   size_t MinHeapDeltaBytes                        = 524288                                    {product} {ergonomic}
   size_t MinHeapSize                              = 104857600                                 {product} {command line}
   size_t NewSize                                  = 34603008                                  {product} {ergonomic}
    uintx NonNMethodCodeHeapSize                   = 7602480                                {pd product} {ergonomic}
    uintx NonProfiledCodeHeapSize                  = 122027880                              {pd product} {ergonomic}
   size_t OldSize                                  = 70254592                                  {product} {ergonomic}
    uintx ProfiledCodeHeapSize                     = 122027880                              {pd product} {ergonomic}
    uintx ReservedCodeCacheSize                    = 251658240                              {pd product} {ergonomic}
     bool SegmentedCodeCache                       = true                                      {product} {ergonomic}
   size_t SoftMaxHeapSize                          = 2147483648                             {manageable} {ergonomic}
     bool UseCompressedOops                        = true                           {product lp64_product} {ergonomic}
     bool UseLargePagesIndividualAllocation        = false                                  {pd product} {ergonomic}
     bool UseParallelGC                            = true                                      {product} {command line}

Logging:
Log output configuration:
 #0: stdout all=off uptime,level,tags foldmultilines=false
 #1: stderr all=off uptime,level,tags foldmultilines=false

Release file:
JAVA_VERSION="21.0.10" 
MODULES="java.base java.compiler java.datatransfer java.xml java.prefs java.desktop java.instrument java.logging java.management java.security.sasl java.naming java.rmi java.management.rmi java.net.http java.scripting java.security.jgss java.transaction.xa java.sql java.sql.rowset java.xml.crypto java.se java.smartcardio jdk.accessibility jdk.internal.jvmstat jdk.attach jdk.charsets jdk.internal.opt jdk.zipfs jdk.compiler jdk.crypto.ec jdk.crypto.cryptoki jdk.crypto.mscapi jdk.dynalink jdk.internal.ed jdk.editpad jdk.hotspot.agent jdk.httpserver jdk.internal.le jdk.internal.vm.ci jdk.internal.vm.compiler jdk.internal.vm.compiler.management jdk.jartool jdk.javadoc jdk.jcmd jdk.management jdk.management.agent jdk.jconsole jdk.jdeps jdk.jdwp.agent jdk.jdi jdk.jfr jdk.jshell jdk.jsobject jdk.jstatd jdk.localedata jdk.management.jfr jdk.naming.dns jdk.naming.rmi jdk.net jdk.nio.mapmode jdk.random jdk.sctp jdk.security.auth jdk.security.jgss jdk.unsupported jdk.unsupported.desktop jdk.xml.dom" 

Environment Variables:
JAVA_HOME=C:\Program Files\Eclipse Adoptium\jdk-25.0.3.9-hotspot\
PATH=C:\Program Files\Eclipse Adoptium\jdk-25.0.3.9-hotspot\bin;C:\Program Files (x86)\Common Files\Intel\Shared Libraries\redist\intel64\compiler;C:\WINDOWS\system32;C:\WINDOWS;C:\WINDOWS\System32\Wbem;C:\WINDOWS\System32\WindowsPowerShell\v1.0\;C:\WINDOWS\System32\OpenSSH\;C:\Program Files\dotnet\;C:\Program Files (x86)\NVIDIA Corporation\PhysX\Common;C:\Program Files\NVIDIA Corporation\NVIDIA NvDLISR;C:\Program Files\Git\cmd;C:\Program Files\nodejs\;C:\Program Files\PuTTY\;C:\Program Files (x86)\Windows Kits\10\Windows Performance Toolkit\;C:\Program Files (x86)\Google\Cloud SDK\google-cloud-sdk\bin;C:\Program Files\GitHub CLI\;C:\Users\Windows 11\AppData\Local\Programs\Python\Launcher\;C:\Users\Windows 11\AppData\Local\Microsoft\WindowsApps;C:\Users\Windows 11\AppData\Local\Programs\Microsoft VS Code\bin;C:\Users\Windows 11\AppData\Roaming\npm;D:\flutter\bin;C:\Users\Windows 11\AppData\Local\Pub\Cache\bin;C:\Users\Windows 11\chromedriver\win64-148.0.7778.167\chromedriver-win64;
USERNAME=Windows 11
OS=Windows_NT
PROCESSOR_IDENTIFIER=Intel64 Family 6 Model 186 Stepping 2, GenuineIntel
TMP=C:\Users\WINDOW~1\AppData\Local\Temp
TEMP=C:\Users\WINDOW~1\AppData\Local\Temp




Periodic native trim disabled

---------------  S Y S T E M  ---------------

OS:
 Windows 11 , 64 bit Build 26100 (10.0.26100.8521)
OS uptime: 3 days 21:31 hours
Hyper-V role detected

CPU: total 16 (initial active 16) (8 cores per cpu, 2 threads per core) family 6 model 186 stepping 2 microcode 0x4122, cx8, cmov, fxsr, ht, mmx, 3dnowpref, sse, sse2, sse3, ssse3, sse4.1, sse4.2, popcnt, lzcnt, tsc, tscinvbit, avx, avx2, aes, erms, clmul, bmi1, bmi2, adx, sha, fma, vzeroupper, clflush, clflushopt, clwb, hv, serialize, rdtscp, rdpid, fsrm, f16c, cet_ibt, cet_ss
Processor Information for the first 16 processors :
  Max Mhz: 2400, Current Mhz: 2400, Mhz Limit: 2400

Memory: 4k page, system-wide physical 16010M (821M free)
TotalPageFile size 41635M (AvailPageFile size 38M)
current process WorkingSet (physical memory assigned to process): 328M, peak: 1666M
current process commit charge ("private bytes"): 1829M, peak: 1918M

vm_info: OpenJDK 64-Bit Server VM (21.0.10+7-LTS) for windows-amd64 JRE (21.0.10+7-LTS), built on 2026-01-20T00:00:00Z by "admin" with MS VC++ 17.12 (VS2022)

END.
